[3.069s] DEBUG:colcon:Command line arguments: ['/home/yolo/.local/bin/colcon', 'build']
[3.069s] DEBUG:colcon:Parsed command line arguments: Namespace(log_base=None, log_level=None, verb_name='build', build_base='build', install_base='install', merge_install=False, symlink_install=False, test_result_base=None, continue_on_error=False, executor='parallel', parallel_workers=4, event_handlers=None, ignore_user_meta=False, metas=['./colcon.meta'], base_paths=['.'], packages_ignore=None, packages_ignore_regex=None, paths=None, packages_up_to=None, packages_up_to_regex=None, packages_above=None, packages_above_and_dependencies=None, packages_above_depth=None, packages_select_by_dep=None, packages_skip_by_dep=None, packages_skip_up_to=None, packages_select_build_failed=False, packages_skip_build_finished=False, packages_select_test_failures=False, packages_skip_test_passed=False, packages_select=None, packages_skip=None, packages_select_regex=None, packages_skip_regex=None, packages_start=None, packages_end=None, allow_overriding=[], cmake_args=None, cmake_target=None, cmake_target_skip_unavailable=False, cmake_clean_cache=False, cmake_clean_first=False, cmake_force_configure=False, ament_cmake_args=None, catkin_cmake_args=None, catkin_skip_building_tests=False, verb_parser=<colcon_defaults.argument_parser.defaults.DefaultArgumentsDecorator object at 0x7f6c4aca5a20>, verb_extension=<colcon_core.verb.build.BuildVerb object at 0x7f6c4aca4f70>, main=<bound method BuildVerb.main of <colcon_core.verb.build.BuildVerb object at 0x7f6c4aca4f70>>)
[3.229s] Level 1:colcon.colcon_core.package_discovery:discover_packages(colcon_meta) check parameters
[3.229s] Level 1:colcon.colcon_core.package_discovery:discover_packages(recursive) check parameters
[3.229s] Level 1:colcon.colcon_core.package_discovery:discover_packages(ignore) check parameters
[3.230s] Level 1:colcon.colcon_core.package_discovery:discover_packages(path) check parameters
[3.230s] Level 1:colcon.colcon_core.package_discovery:discover_packages(colcon_meta) discover
[3.230s] Level 1:colcon.colcon_core.package_discovery:discover_packages(recursive) discover
[3.230s] INFO:colcon.colcon_core.package_discovery:Crawling recursively for packages in '/home/yolo/eyrc_hb/hb_task_2_ws'
[3.231s] Level 1:colcon.colcon_core.package_identification:_identify(.) by extensions ['ignore', 'ignore_ament_install']
[3.231s] Level 1:colcon.colcon_core.package_identification:_identify(.) by extension 'ignore'
[3.231s] Level 1:colcon.colcon_core.package_identification:_identify(.) by extension 'ignore_ament_install'
[3.231s] Level 1:colcon.colcon_core.package_identification:_identify(.) by extensions ['colcon_pkg']
[3.231s] Level 1:colcon.colcon_core.package_identification:_identify(.) by extension 'colcon_pkg'
[3.231s] Level 1:colcon.colcon_core.package_identification:_identify(.) by extensions ['colcon_meta']
[3.231s] Level 1:colcon.colcon_core.package_identification:_identify(.) by extension 'colcon_meta'
[3.232s] Level 1:colcon.colcon_core.package_identification:_identify(.) by extensions ['ros']
[3.232s] Level 1:colcon.colcon_core.package_identification:_identify(.) by extension 'ros'
[3.261s] Level 1:colcon.colcon_core.package_identification:_identify(.) by extensions ['cmake', 'python']
[3.261s] Level 1:colcon.colcon_core.package_identification:_identify(.) by extension 'cmake'
[3.261s] Level 1:colcon.colcon_core.package_identification:_identify(.) by extension 'python'
[3.261s] Level 1:colcon.colcon_core.package_identification:_identify(.) by extensions ['python_setup_py']
[3.261s] Level 1:colcon.colcon_core.package_identification:_identify(.) by extension 'python_setup_py'
[3.262s] Level 1:colcon.colcon_core.package_identification:_identify(build) by extensions ['ignore', 'ignore_ament_install']
[3.262s] Level 1:colcon.colcon_core.package_identification:_identify(build) by extension 'ignore'
[3.262s] Level 1:colcon.colcon_core.package_identification:_identify(build) ignored
[3.262s] Level 1:colcon.colcon_core.package_identification:_identify(install) by extensions ['ignore', 'ignore_ament_install']
[3.262s] Level 1:colcon.colcon_core.package_identification:_identify(install) by extension 'ignore'
[3.262s] Level 1:colcon.colcon_core.package_identification:_identify(install) ignored
[3.262s] Level 1:colcon.colcon_core.package_identification:_identify(log) by extensions ['ignore', 'ignore_ament_install']
[3.263s] Level 1:colcon.colcon_core.package_identification:_identify(log) by extension 'ignore'
[3.263s] Level 1:colcon.colcon_core.package_identification:_identify(log) ignored
[3.263s] Level 1:colcon.colcon_core.package_identification:_identify(src) by extensions ['ignore', 'ignore_ament_install']
[3.263s] Level 1:colcon.colcon_core.package_identification:_identify(src) by extension 'ignore'
[3.263s] Level 1:colcon.colcon_core.package_identification:_identify(src) by extension 'ignore_ament_install'
[3.263s] Level 1:colcon.colcon_core.package_identification:_identify(src) by extensions ['colcon_pkg']
[3.263s] Level 1:colcon.colcon_core.package_identification:_identify(src) by extension 'colcon_pkg'
[3.263s] Level 1:colcon.colcon_core.package_identification:_identify(src) by extensions ['colcon_meta']
[3.263s] Level 1:colcon.colcon_core.package_identification:_identify(src) by extension 'colcon_meta'
[3.263s] Level 1:colcon.colcon_core.package_identification:_identify(src) by extensions ['ros']
[3.263s] Level 1:colcon.colcon_core.package_identification:_identify(src) by extension 'ros'
[3.263s] Level 1:colcon.colcon_core.package_identification:_identify(src) by extensions ['cmake', 'python']
[3.264s] Level 1:colcon.colcon_core.package_identification:_identify(src) by extension 'cmake'
[3.264s] Level 1:colcon.colcon_core.package_identification:_identify(src) by extension 'python'
[3.264s] Level 1:colcon.colcon_core.package_identification:_identify(src) by extensions ['python_setup_py']
[3.264s] Level 1:colcon.colcon_core.package_identification:_identify(src) by extension 'python_setup_py'
[3.264s] Level 1:colcon.colcon_core.package_identification:_identify(src/eYRC-2023_Hologlyph_Bots) by extensions ['ignore', 'ignore_ament_install']
[3.264s] Level 1:colcon.colcon_core.package_identification:_identify(src/eYRC-2023_Hologlyph_Bots) by extension 'ignore'
[3.264s] Level 1:colcon.colcon_core.package_identification:_identify(src/eYRC-2023_Hologlyph_Bots) by extension 'ignore_ament_install'
[3.264s] Level 1:colcon.colcon_core.package_identification:_identify(src/eYRC-2023_Hologlyph_Bots) by extensions ['colcon_pkg']
[3.265s] Level 1:colcon.colcon_core.package_identification:_identify(src/eYRC-2023_Hologlyph_Bots) by extension 'colcon_pkg'
[3.265s] Level 1:colcon.colcon_core.package_identification:_identify(src/eYRC-2023_Hologlyph_Bots) by extensions ['colcon_meta']
[3.265s] Level 1:colcon.colcon_core.package_identification:_identify(src/eYRC-2023_Hologlyph_Bots) by extension 'colcon_meta'
[3.265s] Level 1:colcon.colcon_core.package_identification:_identify(src/eYRC-2023_Hologlyph_Bots) by extensions ['ros']
[3.265s] Level 1:colcon.colcon_core.package_identification:_identify(src/eYRC-2023_Hologlyph_Bots) by extension 'ros'
[3.265s] Level 1:colcon.colcon_core.package_identification:_identify(src/eYRC-2023_Hologlyph_Bots) by extensions ['cmake', 'python']
[3.265s] Level 1:colcon.colcon_core.package_identification:_identify(src/eYRC-2023_Hologlyph_Bots) by extension 'cmake'
[3.265s] Level 1:colcon.colcon_core.package_identification:_identify(src/eYRC-2023_Hologlyph_Bots) by extension 'python'
[3.265s] Level 1:colcon.colcon_core.package_identification:_identify(src/eYRC-2023_Hologlyph_Bots) by extensions ['python_setup_py']
[3.265s] Level 1:colcon.colcon_core.package_identification:_identify(src/eYRC-2023_Hologlyph_Bots) by extension 'python_setup_py'
[3.266s] Level 1:colcon.colcon_core.package_identification:_identify(src/eYRC-2023_Hologlyph_Bots/hb_bot) by extensions ['ignore', 'ignore_ament_install']
[3.266s] Level 1:colcon.colcon_core.package_identification:_identify(src/eYRC-2023_Hologlyph_Bots/hb_bot) by extension 'ignore'
[3.266s] Level 1:colcon.colcon_core.package_identification:_identify(src/eYRC-2023_Hologlyph_Bots/hb_bot) by extension 'ignore_ament_install'
[3.266s] Level 1:colcon.colcon_core.package_identification:_identify(src/eYRC-2023_Hologlyph_Bots/hb_bot) by extensions ['colcon_pkg']
[3.267s] Level 1:colcon.colcon_core.package_identification:_identify(src/eYRC-2023_Hologlyph_Bots/hb_bot) by extension 'colcon_pkg'
[3.267s] Level 1:colcon.colcon_core.package_identification:_identify(src/eYRC-2023_Hologlyph_Bots/hb_bot) by extensions ['colcon_meta']
[3.267s] Level 1:colcon.colcon_core.package_identification:_identify(src/eYRC-2023_Hologlyph_Bots/hb_bot) by extension 'colcon_meta'
[3.267s] Level 1:colcon.colcon_core.package_identification:_identify(src/eYRC-2023_Hologlyph_Bots/hb_bot) by extensions ['ros']
[3.267s] Level 1:colcon.colcon_core.package_identification:_identify(src/eYRC-2023_Hologlyph_Bots/hb_bot) by extension 'ros'
[3.275s] DEBUG:colcon.colcon_core.package_identification:Package 'src/eYRC-2023_Hologlyph_Bots/hb_bot' with type 'ros.ament_cmake' and name 'hb_bot'
[3.276s] Level 1:colcon.colcon_core.package_identification:_identify(src/eYRC-2023_Hologlyph_Bots/hb_task2a) by extensions ['ignore', 'ignore_ament_install']
[3.276s] Level 1:colcon.colcon_core.package_identification:_identify(src/eYRC-2023_Hologlyph_Bots/hb_task2a) by extension 'ignore'
[3.276s] Level 1:colcon.colcon_core.package_identification:_identify(src/eYRC-2023_Hologlyph_Bots/hb_task2a) by extension 'ignore_ament_install'
[3.276s] Level 1:colcon.colcon_core.package_identification:_identify(src/eYRC-2023_Hologlyph_Bots/hb_task2a) by extensions ['colcon_pkg']
[3.277s] Level 1:colcon.colcon_core.package_identification:_identify(src/eYRC-2023_Hologlyph_Bots/hb_task2a) by extension 'colcon_pkg'
[3.277s] Level 1:colcon.colcon_core.package_identification:_identify(src/eYRC-2023_Hologlyph_Bots/hb_task2a) by extensions ['colcon_meta']
[3.277s] Level 1:colcon.colcon_core.package_identification:_identify(src/eYRC-2023_Hologlyph_Bots/hb_task2a) by extension 'colcon_meta'
[3.277s] Level 1:colcon.colcon_core.package_identification:_identify(src/eYRC-2023_Hologlyph_Bots/hb_task2a) by extensions ['ros']
[3.277s] Level 1:colcon.colcon_core.package_identification:_identify(src/eYRC-2023_Hologlyph_Bots/hb_task2a) by extension 'ros'
[3.279s] DEBUG:colcon.colcon_core.package_identification:Package 'src/eYRC-2023_Hologlyph_Bots/hb_task2a' with type 'ros.ament_python' and name 'hb_task2a'
[3.280s] Level 1:colcon.colcon_core.package_identification:_identify(src/eYRC-2023_Hologlyph_Bots/hb_task2b) by extensions ['ignore', 'ignore_ament_install']
[3.280s] Level 1:colcon.colcon_core.package_identification:_identify(src/eYRC-2023_Hologlyph_Bots/hb_task2b) by extension 'ignore'
[3.280s] Level 1:colcon.colcon_core.package_identification:_identify(src/eYRC-2023_Hologlyph_Bots/hb_task2b) by extension 'ignore_ament_install'
[3.280s] Level 1:colcon.colcon_core.package_identification:_identify(src/eYRC-2023_Hologlyph_Bots/hb_task2b) by extensions ['colcon_pkg']
[3.280s] Level 1:colcon.colcon_core.package_identification:_identify(src/eYRC-2023_Hologlyph_Bots/hb_task2b) by extension 'colcon_pkg'
[3.280s] Level 1:colcon.colcon_core.package_identification:_identify(src/eYRC-2023_Hologlyph_Bots/hb_task2b) by extensions ['colcon_meta']
[3.280s] Level 1:colcon.colcon_core.package_identification:_identify(src/eYRC-2023_Hologlyph_Bots/hb_task2b) by extension 'colcon_meta'
[3.280s] Level 1:colcon.colcon_core.package_identification:_identify(src/eYRC-2023_Hologlyph_Bots/hb_task2b) by extensions ['ros']
[3.280s] Level 1:colcon.colcon_core.package_identification:_identify(src/eYRC-2023_Hologlyph_Bots/hb_task2b) by extension 'ros'
[3.282s] DEBUG:colcon.colcon_core.package_identification:Package 'src/eYRC-2023_Hologlyph_Bots/hb_task2b' with type 'ros.ament_python' and name 'hb_task2b'
[3.282s] Level 1:colcon.colcon_core.package_identification:_identify(src/eYRC-2023_Hologlyph_Bots/hb_world) by extensions ['ignore', 'ignore_ament_install']
[3.282s] Level 1:colcon.colcon_core.package_identification:_identify(src/eYRC-2023_Hologlyph_Bots/hb_world) by extension 'ignore'
[3.283s] Level 1:colcon.colcon_core.package_identification:_identify(src/eYRC-2023_Hologlyph_Bots/hb_world) by extension 'ignore_ament_install'
[3.283s] Level 1:colcon.colcon_core.package_identification:_identify(src/eYRC-2023_Hologlyph_Bots/hb_world) by extensions ['colcon_pkg']
[3.283s] Level 1:colcon.colcon_core.package_identification:_identify(src/eYRC-2023_Hologlyph_Bots/hb_world) by extension 'colcon_pkg'
[3.283s] Level 1:colcon.colcon_core.package_identification:_identify(src/eYRC-2023_Hologlyph_Bots/hb_world) by extensions ['colcon_meta']
[3.283s] Level 1:colcon.colcon_core.package_identification:_identify(src/eYRC-2023_Hologlyph_Bots/hb_world) by extension 'colcon_meta'
[3.283s] Level 1:colcon.colcon_core.package_identification:_identify(src/eYRC-2023_Hologlyph_Bots/hb_world) by extensions ['ros']
[3.283s] Level 1:colcon.colcon_core.package_identification:_identify(src/eYRC-2023_Hologlyph_Bots/hb_world) by extension 'ros'
[3.284s] DEBUG:colcon.colcon_core.package_identification:Package 'src/eYRC-2023_Hologlyph_Bots/hb_world' with type 'ros.ament_cmake' and name 'hb_world'
[3.285s] Level 1:colcon.colcon_core.package_identification:_identify(src/eYRC-2023_Hologlyph_Bots/my_robot_interfaces) by extensions ['ignore', 'ignore_ament_install']
[3.285s] Level 1:colcon.colcon_core.package_identification:_identify(src/eYRC-2023_Hologlyph_Bots/my_robot_interfaces) by extension 'ignore'
[3.285s] Level 1:colcon.colcon_core.package_identification:_identify(src/eYRC-2023_Hologlyph_Bots/my_robot_interfaces) by extension 'ignore_ament_install'
[3.285s] Level 1:colcon.colcon_core.package_identification:_identify(src/eYRC-2023_Hologlyph_Bots/my_robot_interfaces) by extensions ['colcon_pkg']
[3.285s] Level 1:colcon.colcon_core.package_identification:_identify(src/eYRC-2023_Hologlyph_Bots/my_robot_interfaces) by extension 'colcon_pkg'
[3.285s] Level 1:colcon.colcon_core.package_identification:_identify(src/eYRC-2023_Hologlyph_Bots/my_robot_interfaces) by extensions ['colcon_meta']
[3.285s] Level 1:colcon.colcon_core.package_identification:_identify(src/eYRC-2023_Hologlyph_Bots/my_robot_interfaces) by extension 'colcon_meta'
[3.285s] Level 1:colcon.colcon_core.package_identification:_identify(src/eYRC-2023_Hologlyph_Bots/my_robot_interfaces) by extensions ['ros']
[3.285s] Level 1:colcon.colcon_core.package_identification:_identify(src/eYRC-2023_Hologlyph_Bots/my_robot_interfaces) by extension 'ros'
[3.286s] DEBUG:colcon.colcon_core.package_identification:Package 'src/eYRC-2023_Hologlyph_Bots/my_robot_interfaces' with type 'ros.ament_cmake' and name 'my_robot_interfaces'
[3.286s] Level 1:colcon.colcon_core.package_discovery:discover_packages(recursive) using defaults
[3.286s] Level 1:colcon.colcon_core.package_discovery:discover_packages(ignore) discover
[3.286s] Level 1:colcon.colcon_core.package_discovery:discover_packages(ignore) using defaults
[3.287s] Level 1:colcon.colcon_core.package_discovery:discover_packages(path) discover
[3.287s] Level 1:colcon.colcon_core.package_discovery:discover_packages(path) using defaults
[3.574s] Level 1:colcon.colcon_core.package_discovery:discover_packages(prefix_path) check parameters
[3.574s] Level 1:colcon.colcon_core.package_discovery:discover_packages(prefix_path) discover
[3.666s] DEBUG:colcon.colcon_installed_package_information.package_discovery:Found 5 installed packages in /home/yolo/eyrc_hb/hb_task_2_ws/install
[3.705s] DEBUG:colcon.colcon_installed_package_information.package_discovery:Found 2 installed packages in /home/yolo/eyrc_hb/hb_task1b_ws/install
[3.749s] DEBUG:colcon.colcon_installed_package_information.package_discovery:Found 279 installed packages in /opt/ros/humble
[3.752s] Level 1:colcon.colcon_core.package_discovery:discover_packages(prefix_path) using defaults
[4.035s] Level 5:colcon.colcon_core.verb:set package 'hb_bot' build argument 'cmake_args' from command line to 'None'
[4.035s] Level 5:colcon.colcon_core.verb:set package 'hb_bot' build argument 'cmake_target' from command line to 'None'
[4.036s] Level 5:colcon.colcon_core.verb:set package 'hb_bot' build argument 'cmake_target_skip_unavailable' from command line to 'False'
[4.036s] Level 5:colcon.colcon_core.verb:set package 'hb_bot' build argument 'cmake_clean_cache' from command line to 'False'
[4.036s] Level 5:colcon.colcon_core.verb:set package 'hb_bot' build argument 'cmake_clean_first' from command line to 'False'
[4.036s] Level 5:colcon.colcon_core.verb:set package 'hb_bot' build argument 'cmake_force_configure' from command line to 'False'
[4.036s] Level 5:colcon.colcon_core.verb:set package 'hb_bot' build argument 'ament_cmake_args' from command line to 'None'
[4.036s] Level 5:colcon.colcon_core.verb:set package 'hb_bot' build argument 'catkin_cmake_args' from command line to 'None'
[4.036s] Level 5:colcon.colcon_core.verb:set package 'hb_bot' build argument 'catkin_skip_building_tests' from command line to 'False'
[4.036s] DEBUG:colcon.colcon_core.verb:Building package 'hb_bot' with the following arguments: {'ament_cmake_args': None, 'build_base': '/home/yolo/eyrc_hb/hb_task_2_ws/build/hb_bot', 'catkin_cmake_args': None, 'catkin_skip_building_tests': False, 'cmake_args': None, 'cmake_clean_cache': False, 'cmake_clean_first': False, 'cmake_force_configure': False, 'cmake_target': None, 'cmake_target_skip_unavailable': False, 'install_base': '/home/yolo/eyrc_hb/hb_task_2_ws/install/hb_bot', 'merge_install': False, 'path': '/home/yolo/eyrc_hb/hb_task_2_ws/src/eYRC-2023_Hologlyph_Bots/hb_bot', 'symlink_install': False, 'test_result_base': None}
[4.076s] Level 5:colcon.colcon_core.verb:set package 'hb_task2a' build argument 'cmake_args' from command line to 'None'
[4.076s] Level 5:colcon.colcon_core.verb:set package 'hb_task2a' build argument 'cmake_target' from command line to 'None'
[4.076s] Level 5:colcon.colcon_core.verb:set package 'hb_task2a' build argument 'cmake_target_skip_unavailable' from command line to 'False'
[4.076s] Level 5:colcon.colcon_core.verb:set package 'hb_task2a' build argument 'cmake_clean_cache' from command line to 'False'
[4.076s] Level 5:colcon.colcon_core.verb:set package 'hb_task2a' build argument 'cmake_clean_first' from command line to 'False'
[4.076s] Level 5:colcon.colcon_core.verb:set package 'hb_task2a' build argument 'cmake_force_configure' from command line to 'False'
[4.076s] Level 5:colcon.colcon_core.verb:set package 'hb_task2a' build argument 'ament_cmake_args' from command line to 'None'
[4.076s] Level 5:colcon.colcon_core.verb:set package 'hb_task2a' build argument 'catkin_cmake_args' from command line to 'None'
[4.076s] Level 5:colcon.colcon_core.verb:set package 'hb_task2a' build argument 'catkin_skip_building_tests' from command line to 'False'
[4.076s] DEBUG:colcon.colcon_core.verb:Building package 'hb_task2a' with the following arguments: {'ament_cmake_args': None, 'build_base': '/home/yolo/eyrc_hb/hb_task_2_ws/build/hb_task2a', 'catkin_cmake_args': None, 'catkin_skip_building_tests': False, 'cmake_args': None, 'cmake_clean_cache': False, 'cmake_clean_first': False, 'cmake_force_configure': False, 'cmake_target': None, 'cmake_target_skip_unavailable': False, 'install_base': '/home/yolo/eyrc_hb/hb_task_2_ws/install/hb_task2a', 'merge_install': False, 'path': '/home/yolo/eyrc_hb/hb_task_2_ws/src/eYRC-2023_Hologlyph_Bots/hb_task2a', 'symlink_install': False, 'test_result_base': None}
[4.117s] Level 5:colcon.colcon_core.verb:set package 'hb_task2b' build argument 'cmake_args' from command line to 'None'
[4.117s] Level 5:colcon.colcon_core.verb:set package 'hb_task2b' build argument 'cmake_target' from command line to 'None'
[4.117s] Level 5:colcon.colcon_core.verb:set package 'hb_task2b' build argument 'cmake_target_skip_unavailable' from command line to 'False'
[4.117s] Level 5:colcon.colcon_core.verb:set package 'hb_task2b' build argument 'cmake_clean_cache' from command line to 'False'
[4.117s] Level 5:colcon.colcon_core.verb:set package 'hb_task2b' build argument 'cmake_clean_first' from command line to 'False'
[4.117s] Level 5:colcon.colcon_core.verb:set package 'hb_task2b' build argument 'cmake_force_configure' from command line to 'False'
[4.117s] Level 5:colcon.colcon_core.verb:set package 'hb_task2b' build argument 'ament_cmake_args' from command line to 'None'
[4.117s] Level 5:colcon.colcon_core.verb:set package 'hb_task2b' build argument 'catkin_cmake_args' from command line to 'None'
[4.117s] Level 5:colcon.colcon_core.verb:set package 'hb_task2b' build argument 'catkin_skip_building_tests' from command line to 'False'
[4.118s] DEBUG:colcon.colcon_core.verb:Building package 'hb_task2b' with the following arguments: {'ament_cmake_args': None, 'build_base': '/home/yolo/eyrc_hb/hb_task_2_ws/build/hb_task2b', 'catkin_cmake_args': None, 'catkin_skip_building_tests': False, 'cmake_args': None, 'cmake_clean_cache': False, 'cmake_clean_first': False, 'cmake_force_configure': False, 'cmake_target': None, 'cmake_target_skip_unavailable': False, 'install_base': '/home/yolo/eyrc_hb/hb_task_2_ws/install/hb_task2b', 'merge_install': False, 'path': '/home/yolo/eyrc_hb/hb_task_2_ws/src/eYRC-2023_Hologlyph_Bots/hb_task2b', 'symlink_install': False, 'test_result_base': None}
[4.157s] Level 5:colcon.colcon_core.verb:set package 'hb_world' build argument 'cmake_args' from command line to 'None'
[4.158s] Level 5:colcon.colcon_core.verb:set package 'hb_world' build argument 'cmake_target' from command line to 'None'
[4.158s] Level 5:colcon.colcon_core.verb:set package 'hb_world' build argument 'cmake_target_skip_unavailable' from command line to 'False'
[4.158s] Level 5:colcon.colcon_core.verb:set package 'hb_world' build argument 'cmake_clean_cache' from command line to 'False'
[4.158s] Level 5:colcon.colcon_core.verb:set package 'hb_world' build argument 'cmake_clean_first' from command line to 'False'
[4.158s] Level 5:colcon.colcon_core.verb:set package 'hb_world' build argument 'cmake_force_configure' from command line to 'False'
[4.158s] Level 5:colcon.colcon_core.verb:set package 'hb_world' build argument 'ament_cmake_args' from command line to 'None'
[4.158s] Level 5:colcon.colcon_core.verb:set package 'hb_world' build argument 'catkin_cmake_args' from command line to 'None'
[4.158s] Level 5:colcon.colcon_core.verb:set package 'hb_world' build argument 'catkin_skip_building_tests' from command line to 'False'
[4.158s] DEBUG:colcon.colcon_core.verb:Building package 'hb_world' with the following arguments: {'ament_cmake_args': None, 'build_base': '/home/yolo/eyrc_hb/hb_task_2_ws/build/hb_world', 'catkin_cmake_args': None, 'catkin_skip_building_tests': False, 'cmake_args': None, 'cmake_clean_cache': False, 'cmake_clean_first': False, 'cmake_force_configure': False, 'cmake_target': None, 'cmake_target_skip_unavailable': False, 'install_base': '/home/yolo/eyrc_hb/hb_task_2_ws/install/hb_world', 'merge_install': False, 'path': '/home/yolo/eyrc_hb/hb_task_2_ws/src/eYRC-2023_Hologlyph_Bots/hb_world', 'symlink_install': False, 'test_result_base': None}
[4.198s] Level 5:colcon.colcon_core.verb:set package 'my_robot_interfaces' build argument 'cmake_args' from command line to 'None'
[4.199s] Level 5:colcon.colcon_core.verb:set package 'my_robot_interfaces' build argument 'cmake_target' from command line to 'None'
[4.199s] Level 5:colcon.colcon_core.verb:set package 'my_robot_interfaces' build argument 'cmake_target_skip_unavailable' from command line to 'False'
[4.199s] Level 5:colcon.colcon_core.verb:set package 'my_robot_interfaces' build argument 'cmake_clean_cache' from command line to 'False'
[4.199s] Level 5:colcon.colcon_core.verb:set package 'my_robot_interfaces' build argument 'cmake_clean_first' from command line to 'False'
[4.199s] Level 5:colcon.colcon_core.verb:set package 'my_robot_interfaces' build argument 'cmake_force_configure' from command line to 'False'
[4.199s] Level 5:colcon.colcon_core.verb:set package 'my_robot_interfaces' build argument 'ament_cmake_args' from command line to 'None'
[4.199s] Level 5:colcon.colcon_core.verb:set package 'my_robot_interfaces' build argument 'catkin_cmake_args' from command line to 'None'
[4.199s] Level 5:colcon.colcon_core.verb:set package 'my_robot_interfaces' build argument 'catkin_skip_building_tests' from command line to 'False'
[4.199s] DEBUG:colcon.colcon_core.verb:Building package 'my_robot_interfaces' with the following arguments: {'ament_cmake_args': None, 'build_base': '/home/yolo/eyrc_hb/hb_task_2_ws/build/my_robot_interfaces', 'catkin_cmake_args': None, 'catkin_skip_building_tests': False, 'cmake_args': None, 'cmake_clean_cache': False, 'cmake_clean_first': False, 'cmake_force_configure': False, 'cmake_target': None, 'cmake_target_skip_unavailable': False, 'install_base': '/home/yolo/eyrc_hb/hb_task_2_ws/install/my_robot_interfaces', 'merge_install': False, 'path': '/home/yolo/eyrc_hb/hb_task_2_ws/src/eYRC-2023_Hologlyph_Bots/my_robot_interfaces', 'symlink_install': False, 'test_result_base': None}
[4.239s] INFO:colcon.colcon_core.executor:Executing jobs using 'parallel' executor
[4.278s] DEBUG:colcon.colcon_parallel_executor.executor.parallel:run_until_complete
[4.279s] INFO:colcon.colcon_ros.task.ament_cmake.build:Building ROS package in '/home/yolo/eyrc_hb/hb_task_2_ws/src/eYRC-2023_Hologlyph_Bots/hb_bot' with build type 'ament_cmake'
[4.279s] INFO:colcon.colcon_cmake.task.cmake.build:Building CMake package in '/home/yolo/eyrc_hb/hb_task_2_ws/src/eYRC-2023_Hologlyph_Bots/hb_bot'
[4.335s] INFO:colcon.colcon_core.plugin_system:Skipping extension 'colcon_core.shell.bat': Not used on non-Windows systems
[4.335s] INFO:colcon.colcon_core.shell:Skip shell extension 'powershell' for command environment: Not usable outside of PowerShell
[4.335s] DEBUG:colcon.colcon_core.shell:Skip shell extension 'dsv' for command environment
[4.517s] INFO:colcon.colcon_ros.task.ament_python.build:Building ROS package in '/home/yolo/eyrc_hb/hb_task_2_ws/src/eYRC-2023_Hologlyph_Bots/hb_task2a' with build type 'ament_python'
[4.518s] Level 1:colcon.colcon_core.shell:create_environment_hook('hb_task2a', 'ament_prefix_path')
[4.568s] INFO:colcon.colcon_core.shell:Creating environment hook '/home/yolo/eyrc_hb/hb_task_2_ws/install/hb_task2a/share/hb_task2a/hook/ament_prefix_path.ps1'
[4.571s] INFO:colcon.colcon_core.shell:Creating environment descriptor '/home/yolo/eyrc_hb/hb_task_2_ws/install/hb_task2a/share/hb_task2a/hook/ament_prefix_path.dsv'
[4.574s] INFO:colcon.colcon_core.shell:Creating environment hook '/home/yolo/eyrc_hb/hb_task_2_ws/install/hb_task2a/share/hb_task2a/hook/ament_prefix_path.sh'
[4.617s] INFO:colcon.colcon_core.shell:Skip shell extension 'powershell' for command environment: Not usable outside of PowerShell
[4.617s] DEBUG:colcon.colcon_core.shell:Skip shell extension 'dsv' for command environment
[4.790s] INFO:colcon.colcon_ros.task.ament_python.build:Building ROS package in '/home/yolo/eyrc_hb/hb_task_2_ws/src/eYRC-2023_Hologlyph_Bots/hb_task2b' with build type 'ament_python'
[4.791s] Level 1:colcon.colcon_core.shell:create_environment_hook('hb_task2b', 'ament_prefix_path')
[4.843s] INFO:colcon.colcon_core.shell:Creating environment hook '/home/yolo/eyrc_hb/hb_task_2_ws/install/hb_task2b/share/hb_task2b/hook/ament_prefix_path.ps1'
[4.844s] INFO:colcon.colcon_core.shell:Creating environment descriptor '/home/yolo/eyrc_hb/hb_task_2_ws/install/hb_task2b/share/hb_task2b/hook/ament_prefix_path.dsv'
[4.845s] INFO:colcon.colcon_core.shell:Creating environment hook '/home/yolo/eyrc_hb/hb_task_2_ws/install/hb_task2b/share/hb_task2b/hook/ament_prefix_path.sh'
[4.891s] INFO:colcon.colcon_core.shell:Skip shell extension 'powershell' for command environment: Not usable outside of PowerShell
[4.891s] DEBUG:colcon.colcon_core.shell:Skip shell extension 'dsv' for command environment
[5.082s] INFO:colcon.colcon_ros.task.ament_cmake.build:Building ROS package in '/home/yolo/eyrc_hb/hb_task_2_ws/src/eYRC-2023_Hologlyph_Bots/hb_world' with build type 'ament_cmake'
[5.084s] INFO:colcon.colcon_cmake.task.cmake.build:Building CMake package in '/home/yolo/eyrc_hb/hb_task_2_ws/src/eYRC-2023_Hologlyph_Bots/hb_world'
[5.131s] INFO:colcon.colcon_core.shell:Skip shell extension 'powershell' for command environment: Not usable outside of PowerShell
[5.131s] DEBUG:colcon.colcon_core.shell:Skip shell extension 'dsv' for command environment
[5.336s] DEBUG:colcon.colcon_core.event_handler.log_command:Invoking command in '/home/yolo/eyrc_hb/hb_task_2_ws/build/hb_bot': CMAKE_PREFIX_PATH=${CMAKE_PREFIX_PATH}:/home/yolo/eyrc_hb/hb_task_2_ws/install/hb_task2b:/home/yolo/eyrc_hb/hb_task_2_ws/install/hb_task2a:/home/yolo/eyrc_hb/hb_task1b_ws/install/hb_task_1b:/opt/ros/humble /usr/bin/cmake --build /home/yolo/eyrc_hb/hb_task_2_ws/build/hb_bot -- -j4 -l4
[6.261s] INFO:colcon.colcon_core.task.python.build:Building Python package in '/home/yolo/eyrc_hb/hb_task_2_ws/src/eYRC-2023_Hologlyph_Bots/hb_task2a'
[6.302s] INFO:colcon.colcon_core.shell:Skip shell extension 'powershell' for command environment: Not usable outside of PowerShell
[6.303s] DEBUG:colcon.colcon_core.shell:Skip shell extension 'dsv' for command environment
[7.325s] INFO:colcon.colcon_core.task.python.build:Building Python package in '/home/yolo/eyrc_hb/hb_task_2_ws/src/eYRC-2023_Hologlyph_Bots/hb_task2b'
[7.367s] INFO:colcon.colcon_core.shell:Skip shell extension 'powershell' for command environment: Not usable outside of PowerShell
[7.367s] DEBUG:colcon.colcon_core.shell:Skip shell extension 'dsv' for command environment
[7.557s] DEBUG:colcon.colcon_core.event_handler.log_command:Invoking command in '/home/yolo/eyrc_hb/hb_task_2_ws/build/hb_world': CMAKE_PREFIX_PATH=${CMAKE_PREFIX_PATH}:/home/yolo/eyrc_hb/hb_task_2_ws/install/hb_task2b:/home/yolo/eyrc_hb/hb_task_2_ws/install/hb_task2a:/home/yolo/eyrc_hb/hb_task1b_ws/install/hb_task_1b:/opt/ros/humble /usr/bin/cmake --build /home/yolo/eyrc_hb/hb_task_2_ws/build/hb_world -- -j4 -l4
[7.581s] DEBUG:colcon.colcon_core.event_handler.log_command:Invoked command in '/home/yolo/eyrc_hb/hb_task_2_ws/build/hb_bot' returned '0': CMAKE_PREFIX_PATH=${CMAKE_PREFIX_PATH}:/home/yolo/eyrc_hb/hb_task_2_ws/install/hb_task2b:/home/yolo/eyrc_hb/hb_task_2_ws/install/hb_task2a:/home/yolo/eyrc_hb/hb_task1b_ws/install/hb_task_1b:/opt/ros/humble /usr/bin/cmake --build /home/yolo/eyrc_hb/hb_task_2_ws/build/hb_bot -- -j4 -l4
[7.846s] DEBUG:colcon.colcon_core.event_handler.log_command:Invoking command in '/home/yolo/eyrc_hb/hb_task_2_ws/build/hb_bot': CMAKE_PREFIX_PATH=${CMAKE_PREFIX_PATH}:/home/yolo/eyrc_hb/hb_task_2_ws/install/hb_task2b:/home/yolo/eyrc_hb/hb_task_2_ws/install/hb_task2a:/home/yolo/eyrc_hb/hb_task1b_ws/install/hb_task_1b:/opt/ros/humble /usr/bin/cmake --install /home/yolo/eyrc_hb/hb_task_2_ws/build/hb_bot
[7.873s] DEBUG:colcon.colcon_core.event_handler.log_command:Invoked command in '/home/yolo/eyrc_hb/hb_task_2_ws/build/hb_world' returned '0': CMAKE_PREFIX_PATH=${CMAKE_PREFIX_PATH}:/home/yolo/eyrc_hb/hb_task_2_ws/install/hb_task2b:/home/yolo/eyrc_hb/hb_task_2_ws/install/hb_task2a:/home/yolo/eyrc_hb/hb_task1b_ws/install/hb_task_1b:/opt/ros/humble /usr/bin/cmake --build /home/yolo/eyrc_hb/hb_task_2_ws/build/hb_world -- -j4 -l4
[7.938s] Level 1:colcon.colcon_core.environment:create_environment_scripts_only(hb_bot)
[7.948s] DEBUG:colcon.colcon_core.event_handler.log_command:Invoked command in '/home/yolo/eyrc_hb/hb_task_2_ws/build/hb_bot' returned '0': CMAKE_PREFIX_PATH=${CMAKE_PREFIX_PATH}:/home/yolo/eyrc_hb/hb_task_2_ws/install/hb_task2b:/home/yolo/eyrc_hb/hb_task_2_ws/install/hb_task2a:/home/yolo/eyrc_hb/hb_task1b_ws/install/hb_task_1b:/opt/ros/humble /usr/bin/cmake --install /home/yolo/eyrc_hb/hb_task_2_ws/build/hb_bot
[8.084s] Level 1:colcon.colcon_core.environment:checking '/home/yolo/eyrc_hb/hb_task_2_ws/install/hb_bot' for CMake module files
[8.086s] Level 1:colcon.colcon_core.environment:checking '/home/yolo/eyrc_hb/hb_task_2_ws/install/hb_bot' for CMake config files
[8.086s] Level 1:colcon.colcon_core.shell:create_environment_hook('hb_bot', 'cmake_prefix_path')
[8.161s] INFO:colcon.colcon_core.shell:Creating environment hook '/home/yolo/eyrc_hb/hb_task_2_ws/install/hb_bot/share/hb_bot/hook/cmake_prefix_path.ps1'
[8.171s] INFO:colcon.colcon_core.shell:Creating environment descriptor '/home/yolo/eyrc_hb/hb_task_2_ws/install/hb_bot/share/hb_bot/hook/cmake_prefix_path.dsv'
[8.172s] INFO:colcon.colcon_core.shell:Creating environment hook '/home/yolo/eyrc_hb/hb_task_2_ws/install/hb_bot/share/hb_bot/hook/cmake_prefix_path.sh'
[8.175s] Level 1:colcon.colcon_core.environment:checking '/home/yolo/eyrc_hb/hb_task_2_ws/install/hb_bot/bin'
[8.175s] Level 1:colcon.colcon_core.environment:checking '/home/yolo/eyrc_hb/hb_task_2_ws/install/hb_bot/lib/pkgconfig/hb_bot.pc'
[8.176s] Level 1:colcon.colcon_core.environment:checking '/home/yolo/eyrc_hb/hb_task_2_ws/install/hb_bot/lib/python3.10/site-packages'
[8.177s] Level 1:colcon.colcon_core.environment:checking '/home/yolo/eyrc_hb/hb_task_2_ws/install/hb_bot/bin'
[8.225s] INFO:colcon.colcon_core.shell:Creating package script '/home/yolo/eyrc_hb/hb_task_2_ws/install/hb_bot/share/hb_bot/package.ps1'
[8.230s] INFO:colcon.colcon_core.shell:Creating package descriptor '/home/yolo/eyrc_hb/hb_task_2_ws/install/hb_bot/share/hb_bot/package.dsv'
[8.233s] INFO:colcon.colcon_core.shell:Creating package script '/home/yolo/eyrc_hb/hb_task_2_ws/install/hb_bot/share/hb_bot/package.sh'
[8.236s] INFO:colcon.colcon_core.shell:Creating package script '/home/yolo/eyrc_hb/hb_task_2_ws/install/hb_bot/share/hb_bot/package.bash'
[8.245s] INFO:colcon.colcon_core.shell:Creating package script '/home/yolo/eyrc_hb/hb_task_2_ws/install/hb_bot/share/hb_bot/package.zsh'
[8.254s] Level 1:colcon.colcon_core.environment:create_file_with_runtime_dependencies(/home/yolo/eyrc_hb/hb_task_2_ws/install/hb_bot/share/colcon-core/packages/hb_bot)
[8.272s] DEBUG:colcon.colcon_core.event_handler.log_command:Invoking command in '/home/yolo/eyrc_hb/hb_task_2_ws/build/hb_world': CMAKE_PREFIX_PATH=${CMAKE_PREFIX_PATH}:/home/yolo/eyrc_hb/hb_task_2_ws/install/hb_task2b:/home/yolo/eyrc_hb/hb_task_2_ws/install/hb_task2a:/home/yolo/eyrc_hb/hb_task1b_ws/install/hb_task_1b:/opt/ros/humble /usr/bin/cmake --install /home/yolo/eyrc_hb/hb_task_2_ws/build/hb_world
[8.357s] Level 1:colcon.colcon_core.environment:create_environment_scripts_only(hb_world)
[8.365s] DEBUG:colcon.colcon_core.event_handler.log_command:Invoked command in '/home/yolo/eyrc_hb/hb_task_2_ws/build/hb_world' returned '0': CMAKE_PREFIX_PATH=${CMAKE_PREFIX_PATH}:/home/yolo/eyrc_hb/hb_task_2_ws/install/hb_task2b:/home/yolo/eyrc_hb/hb_task_2_ws/install/hb_task2a:/home/yolo/eyrc_hb/hb_task1b_ws/install/hb_task_1b:/opt/ros/humble /usr/bin/cmake --install /home/yolo/eyrc_hb/hb_task_2_ws/build/hb_world
[8.436s] Level 1:colcon.colcon_core.environment:checking '/home/yolo/eyrc_hb/hb_task_2_ws/install/hb_world' for CMake module files
[8.437s] Level 1:colcon.colcon_core.environment:checking '/home/yolo/eyrc_hb/hb_task_2_ws/install/hb_world' for CMake config files
[8.439s] Level 1:colcon.colcon_core.shell:create_environment_hook('hb_world', 'cmake_prefix_path')
[8.508s] INFO:colcon.colcon_core.shell:Creating environment hook '/home/yolo/eyrc_hb/hb_task_2_ws/install/hb_world/share/hb_world/hook/cmake_prefix_path.ps1'
[8.512s] INFO:colcon.colcon_core.shell:Creating environment descriptor '/home/yolo/eyrc_hb/hb_task_2_ws/install/hb_world/share/hb_world/hook/cmake_prefix_path.dsv'
[8.514s] INFO:colcon.colcon_core.shell:Creating environment hook '/home/yolo/eyrc_hb/hb_task_2_ws/install/hb_world/share/hb_world/hook/cmake_prefix_path.sh'
[8.517s] Level 1:colcon.colcon_core.environment:checking '/home/yolo/eyrc_hb/hb_task_2_ws/install/hb_world/bin'
[8.517s] Level 1:colcon.colcon_core.environment:checking '/home/yolo/eyrc_hb/hb_task_2_ws/install/hb_world/lib/pkgconfig/hb_world.pc'
[8.518s] Level 1:colcon.colcon_core.environment:checking '/home/yolo/eyrc_hb/hb_task_2_ws/install/hb_world/lib/python3.10/site-packages'
[8.518s] Level 1:colcon.colcon_core.environment:checking '/home/yolo/eyrc_hb/hb_task_2_ws/install/hb_world/bin'
[8.570s] INFO:colcon.colcon_core.shell:Creating package script '/home/yolo/eyrc_hb/hb_task_2_ws/install/hb_world/share/hb_world/package.ps1'
[8.572s] INFO:colcon.colcon_core.shell:Creating package descriptor '/home/yolo/eyrc_hb/hb_task_2_ws/install/hb_world/share/hb_world/package.dsv'
[8.574s] INFO:colcon.colcon_core.shell:Creating package script '/home/yolo/eyrc_hb/hb_task_2_ws/install/hb_world/share/hb_world/package.sh'
[8.576s] INFO:colcon.colcon_core.shell:Creating package script '/home/yolo/eyrc_hb/hb_task_2_ws/install/hb_world/share/hb_world/package.bash'
[8.577s] INFO:colcon.colcon_core.shell:Creating package script '/home/yolo/eyrc_hb/hb_task_2_ws/install/hb_world/share/hb_world/package.zsh'
[8.579s] Level 1:colcon.colcon_core.environment:create_file_with_runtime_dependencies(/home/yolo/eyrc_hb/hb_task_2_ws/install/hb_world/share/colcon-core/packages/hb_world)
[8.666s] Level 1:colcon.colcon_core.environment:create_environment_scripts_only(hb_bot)
[8.721s] Level 1:colcon.colcon_core.environment:checking '/home/yolo/eyrc_hb/hb_task_2_ws/install/hb_bot' for CMake module files
[8.722s] Level 1:colcon.colcon_core.environment:checking '/home/yolo/eyrc_hb/hb_task_2_ws/install/hb_bot' for CMake config files
[8.723s] Level 1:colcon.colcon_core.shell:create_environment_hook('hb_bot', 'cmake_prefix_path')
[8.768s] INFO:colcon.colcon_core.shell:Creating environment hook '/home/yolo/eyrc_hb/hb_task_2_ws/install/hb_bot/share/hb_bot/hook/cmake_prefix_path.ps1'
[8.770s] INFO:colcon.colcon_core.shell:Creating environment descriptor '/home/yolo/eyrc_hb/hb_task_2_ws/install/hb_bot/share/hb_bot/hook/cmake_prefix_path.dsv'
[8.772s] INFO:colcon.colcon_core.shell:Creating environment hook '/home/yolo/eyrc_hb/hb_task_2_ws/install/hb_bot/share/hb_bot/hook/cmake_prefix_path.sh'
[8.774s] Level 1:colcon.colcon_core.environment:checking '/home/yolo/eyrc_hb/hb_task_2_ws/install/hb_bot/bin'
[8.774s] Level 1:colcon.colcon_core.environment:checking '/home/yolo/eyrc_hb/hb_task_2_ws/install/hb_bot/lib/pkgconfig/hb_bot.pc'
[8.775s] Level 1:colcon.colcon_core.environment:checking '/home/yolo/eyrc_hb/hb_task_2_ws/install/hb_bot/lib/python3.10/site-packages'
[8.775s] Level 1:colcon.colcon_core.environment:checking '/home/yolo/eyrc_hb/hb_task_2_ws/install/hb_bot/bin'
[8.831s] INFO:colcon.colcon_core.shell:Creating package script '/home/yolo/eyrc_hb/hb_task_2_ws/install/hb_bot/share/hb_bot/package.ps1'
[8.833s] INFO:colcon.colcon_core.shell:Creating package descriptor '/home/yolo/eyrc_hb/hb_task_2_ws/install/hb_bot/share/hb_bot/package.dsv'
[8.835s] INFO:colcon.colcon_core.shell:Creating package script '/home/yolo/eyrc_hb/hb_task_2_ws/install/hb_bot/share/hb_bot/package.sh'
[8.837s] INFO:colcon.colcon_core.shell:Creating package script '/home/yolo/eyrc_hb/hb_task_2_ws/install/hb_bot/share/hb_bot/package.bash'
[8.843s] INFO:colcon.colcon_core.shell:Creating package script '/home/yolo/eyrc_hb/hb_task_2_ws/install/hb_bot/share/hb_bot/package.zsh'
[8.846s] Level 1:colcon.colcon_core.environment:create_file_with_runtime_dependencies(/home/yolo/eyrc_hb/hb_task_2_ws/install/hb_bot/share/colcon-core/packages/hb_bot)
[8.851s] INFO:colcon.colcon_ros.task.ament_cmake.build:Building ROS package in '/home/yolo/eyrc_hb/hb_task_2_ws/src/eYRC-2023_Hologlyph_Bots/my_robot_interfaces' with build type 'ament_cmake'
[8.851s] INFO:colcon.colcon_cmake.task.cmake.build:Building CMake package in '/home/yolo/eyrc_hb/hb_task_2_ws/src/eYRC-2023_Hologlyph_Bots/my_robot_interfaces'
[8.935s] INFO:colcon.colcon_core.shell:Skip shell extension 'powershell' for command environment: Not usable outside of PowerShell
[8.935s] DEBUG:colcon.colcon_core.shell:Skip shell extension 'dsv' for command environment
[9.299s] Level 1:colcon.colcon_core.environment:create_environment_scripts_only(hb_world)
[9.355s] Level 1:colcon.colcon_core.environment:checking '/home/yolo/eyrc_hb/hb_task_2_ws/install/hb_world' for CMake module files
[9.356s] Level 1:colcon.colcon_core.environment:checking '/home/yolo/eyrc_hb/hb_task_2_ws/install/hb_world' for CMake config files
[9.357s] Level 1:colcon.colcon_core.shell:create_environment_hook('hb_world', 'cmake_prefix_path')
[9.422s] INFO:colcon.colcon_core.shell:Creating environment hook '/home/yolo/eyrc_hb/hb_task_2_ws/install/hb_world/share/hb_world/hook/cmake_prefix_path.ps1'
[9.424s] INFO:colcon.colcon_core.shell:Creating environment descriptor '/home/yolo/eyrc_hb/hb_task_2_ws/install/hb_world/share/hb_world/hook/cmake_prefix_path.dsv'
[9.425s] INFO:colcon.colcon_core.shell:Creating environment hook '/home/yolo/eyrc_hb/hb_task_2_ws/install/hb_world/share/hb_world/hook/cmake_prefix_path.sh'
[9.427s] Level 1:colcon.colcon_core.environment:checking '/home/yolo/eyrc_hb/hb_task_2_ws/install/hb_world/bin'
[9.427s] Level 1:colcon.colcon_core.environment:checking '/home/yolo/eyrc_hb/hb_task_2_ws/install/hb_world/lib/pkgconfig/hb_world.pc'
[9.428s] Level 1:colcon.colcon_core.environment:checking '/home/yolo/eyrc_hb/hb_task_2_ws/install/hb_world/lib/python3.10/site-packages'
[9.428s] Level 1:colcon.colcon_core.environment:checking '/home/yolo/eyrc_hb/hb_task_2_ws/install/hb_world/bin'
[9.486s] INFO:colcon.colcon_core.shell:Creating package script '/home/yolo/eyrc_hb/hb_task_2_ws/install/hb_world/share/hb_world/package.ps1'
[9.492s] INFO:colcon.colcon_core.shell:Creating package descriptor '/home/yolo/eyrc_hb/hb_task_2_ws/install/hb_world/share/hb_world/package.dsv'
[9.495s] INFO:colcon.colcon_core.shell:Creating package script '/home/yolo/eyrc_hb/hb_task_2_ws/install/hb_world/share/hb_world/package.sh'
[9.496s] INFO:colcon.colcon_core.shell:Creating package script '/home/yolo/eyrc_hb/hb_task_2_ws/install/hb_world/share/hb_world/package.bash'
[9.497s] INFO:colcon.colcon_core.shell:Creating package script '/home/yolo/eyrc_hb/hb_task_2_ws/install/hb_world/share/hb_world/package.zsh'
[9.499s] Level 1:colcon.colcon_core.environment:create_file_with_runtime_dependencies(/home/yolo/eyrc_hb/hb_task_2_ws/install/hb_world/share/colcon-core/packages/hb_world)
[9.522s] DEBUG:colcon.colcon_core.event_handler.log_command:Invoking command in '/home/yolo/eyrc_hb/hb_task_2_ws/build/my_robot_interfaces': CMAKE_PREFIX_PATH=${CMAKE_PREFIX_PATH}:/home/yolo/eyrc_hb/hb_task_2_ws/install/hb_task2b:/home/yolo/eyrc_hb/hb_task_2_ws/install/hb_task2a:/home/yolo/eyrc_hb/hb_task1b_ws/install/hb_task_1b:/opt/ros/humble /usr/bin/cmake --build /home/yolo/eyrc_hb/hb_task_2_ws/build/my_robot_interfaces -- -j4 -l4
[9.806s] DEBUG:colcon.colcon_core.event_handler.log_command:Invoking command in '/home/yolo/eyrc_hb/hb_task_2_ws/src/eYRC-2023_Hologlyph_Bots/hb_task2a': PYTHONPATH=/home/yolo/eyrc_hb/hb_task_2_ws/build/hb_task2a/prefix_override:/home/yolo/eyrc_hb/hb_task_2_ws/install/hb_task2a/lib/python3.10/site-packages:${PYTHONPATH} /usr/bin/python3 setup.py egg_info --egg-base ../../../build/hb_task2a build --build-base /home/yolo/eyrc_hb/hb_task_2_ws/build/hb_task2a/build install --record /home/yolo/eyrc_hb/hb_task_2_ws/build/hb_task2a/install.log --single-version-externally-managed
[9.892s] DEBUG:colcon.colcon_core.event_handler.log_command:Invoking command in '/home/yolo/eyrc_hb/hb_task_2_ws/src/eYRC-2023_Hologlyph_Bots/hb_task2b': PYTHONPATH=/home/yolo/eyrc_hb/hb_task_2_ws/build/hb_task2b/prefix_override:/home/yolo/eyrc_hb/hb_task_2_ws/install/hb_task2b/lib/python3.10/site-packages:${PYTHONPATH} /usr/bin/python3 setup.py egg_info --egg-base ../../../build/hb_task2b build --build-base /home/yolo/eyrc_hb/hb_task_2_ws/build/hb_task2b/build install --record /home/yolo/eyrc_hb/hb_task_2_ws/build/hb_task2b/install.log --single-version-externally-managed
[11.529s] DEBUG:colcon.colcon_core.event_handler.log_command:Invoked command in '/home/yolo/eyrc_hb/hb_task_2_ws/src/eYRC-2023_Hologlyph_Bots/hb_task2a' returned '0': PYTHONPATH=/home/yolo/eyrc_hb/hb_task_2_ws/build/hb_task2a/prefix_override:/home/yolo/eyrc_hb/hb_task_2_ws/install/hb_task2a/lib/python3.10/site-packages:${PYTHONPATH} /usr/bin/python3 setup.py egg_info --egg-base ../../../build/hb_task2a build --build-base /home/yolo/eyrc_hb/hb_task_2_ws/build/hb_task2a/build install --record /home/yolo/eyrc_hb/hb_task_2_ws/build/hb_task2a/install.log --single-version-externally-managed
[11.591s] Level 1:colcon.colcon_core.environment:checking '/home/yolo/eyrc_hb/hb_task_2_ws/install/hb_task2a' for CMake module files
[11.593s] Level 1:colcon.colcon_core.environment:checking '/home/yolo/eyrc_hb/hb_task_2_ws/install/hb_task2a' for CMake config files
[11.597s] Level 1:colcon.colcon_core.environment:checking '/home/yolo/eyrc_hb/hb_task_2_ws/install/hb_task2a/lib'
[11.598s] Level 1:colcon.colcon_core.environment:checking '/home/yolo/eyrc_hb/hb_task_2_ws/install/hb_task2a/bin'
[11.598s] Level 1:colcon.colcon_core.environment:checking '/home/yolo/eyrc_hb/hb_task_2_ws/install/hb_task2a/lib/pkgconfig/hb_task2a.pc'
[11.599s] Level 1:colcon.colcon_core.environment:checking '/home/yolo/eyrc_hb/hb_task_2_ws/install/hb_task2a/lib/python3.10/site-packages'
[11.599s] Level 1:colcon.colcon_core.shell:create_environment_hook('hb_task2a', 'pythonpath')
[11.841s] INFO:colcon.colcon_core.shell:Creating environment hook '/home/yolo/eyrc_hb/hb_task_2_ws/install/hb_task2a/share/hb_task2a/hook/pythonpath.ps1'
[11.842s] INFO:colcon.colcon_core.shell:Creating environment descriptor '/home/yolo/eyrc_hb/hb_task_2_ws/install/hb_task2a/share/hb_task2a/hook/pythonpath.dsv'
[11.843s] INFO:colcon.colcon_core.shell:Creating environment hook '/home/yolo/eyrc_hb/hb_task_2_ws/install/hb_task2a/share/hb_task2a/hook/pythonpath.sh'
[11.847s] Level 1:colcon.colcon_core.environment:checking '/home/yolo/eyrc_hb/hb_task_2_ws/install/hb_task2a/bin'
[11.847s] Level 1:colcon.colcon_core.environment:create_environment_scripts_only(hb_task2a)
[11.926s] INFO:colcon.colcon_core.shell:Creating package script '/home/yolo/eyrc_hb/hb_task_2_ws/install/hb_task2a/share/hb_task2a/package.ps1'
[11.929s] INFO:colcon.colcon_core.shell:Creating package descriptor '/home/yolo/eyrc_hb/hb_task_2_ws/install/hb_task2a/share/hb_task2a/package.dsv'
[11.932s] INFO:colcon.colcon_core.shell:Creating package script '/home/yolo/eyrc_hb/hb_task_2_ws/install/hb_task2a/share/hb_task2a/package.sh'
[11.935s] INFO:colcon.colcon_core.shell:Creating package script '/home/yolo/eyrc_hb/hb_task_2_ws/install/hb_task2a/share/hb_task2a/package.bash'
[11.937s] INFO:colcon.colcon_core.shell:Creating package script '/home/yolo/eyrc_hb/hb_task_2_ws/install/hb_task2a/share/hb_task2a/package.zsh'
[11.938s] Level 1:colcon.colcon_core.environment:create_file_with_runtime_dependencies(/home/yolo/eyrc_hb/hb_task_2_ws/install/hb_task2a/share/colcon-core/packages/hb_task2a)
[11.943s] DEBUG:colcon.colcon_core.event_handler.log_command:Invoked command in '/home/yolo/eyrc_hb/hb_task_2_ws/src/eYRC-2023_Hologlyph_Bots/hb_task2b' returned '0': PYTHONPATH=/home/yolo/eyrc_hb/hb_task_2_ws/build/hb_task2b/prefix_override:/home/yolo/eyrc_hb/hb_task_2_ws/install/hb_task2b/lib/python3.10/site-packages:${PYTHONPATH} /usr/bin/python3 setup.py egg_info --egg-base ../../../build/hb_task2b build --build-base /home/yolo/eyrc_hb/hb_task_2_ws/build/hb_task2b/build install --record /home/yolo/eyrc_hb/hb_task_2_ws/build/hb_task2b/install.log --single-version-externally-managed
[12.019s] Level 1:colcon.colcon_core.environment:checking '/home/yolo/eyrc_hb/hb_task_2_ws/install/hb_task2b' for CMake module files
[12.022s] Level 1:colcon.colcon_core.environment:checking '/home/yolo/eyrc_hb/hb_task_2_ws/install/hb_task2b' for CMake config files
[12.024s] Level 1:colcon.colcon_core.environment:checking '/home/yolo/eyrc_hb/hb_task_2_ws/install/hb_task2b/lib'
[12.025s] Level 1:colcon.colcon_core.environment:checking '/home/yolo/eyrc_hb/hb_task_2_ws/install/hb_task2b/bin'
[12.025s] Level 1:colcon.colcon_core.environment:checking '/home/yolo/eyrc_hb/hb_task_2_ws/install/hb_task2b/lib/pkgconfig/hb_task2b.pc'
[12.026s] Level 1:colcon.colcon_core.environment:checking '/home/yolo/eyrc_hb/hb_task_2_ws/install/hb_task2b/lib/python3.10/site-packages'
[12.026s] Level 1:colcon.colcon_core.shell:create_environment_hook('hb_task2b', 'pythonpath')
[12.087s] INFO:colcon.colcon_core.shell:Creating environment hook '/home/yolo/eyrc_hb/hb_task_2_ws/install/hb_task2b/share/hb_task2b/hook/pythonpath.ps1'
[12.088s] INFO:colcon.colcon_core.shell:Creating environment descriptor '/home/yolo/eyrc_hb/hb_task_2_ws/install/hb_task2b/share/hb_task2b/hook/pythonpath.dsv'
[12.089s] INFO:colcon.colcon_core.shell:Creating environment hook '/home/yolo/eyrc_hb/hb_task_2_ws/install/hb_task2b/share/hb_task2b/hook/pythonpath.sh'
[12.091s] Level 1:colcon.colcon_core.environment:checking '/home/yolo/eyrc_hb/hb_task_2_ws/install/hb_task2b/bin'
[12.091s] Level 1:colcon.colcon_core.environment:create_environment_scripts_only(hb_task2b)
[12.137s] INFO:colcon.colcon_core.shell:Creating package script '/home/yolo/eyrc_hb/hb_task_2_ws/install/hb_task2b/share/hb_task2b/package.ps1'
[12.138s] INFO:colcon.colcon_core.shell:Creating package descriptor '/home/yolo/eyrc_hb/hb_task_2_ws/install/hb_task2b/share/hb_task2b/package.dsv'
[12.140s] INFO:colcon.colcon_core.shell:Creating package script '/home/yolo/eyrc_hb/hb_task_2_ws/install/hb_task2b/share/hb_task2b/package.sh'
[12.141s] INFO:colcon.colcon_core.shell:Creating package script '/home/yolo/eyrc_hb/hb_task_2_ws/install/hb_task2b/share/hb_task2b/package.bash'
[12.142s] INFO:colcon.colcon_core.shell:Creating package script '/home/yolo/eyrc_hb/hb_task_2_ws/install/hb_task2b/share/hb_task2b/package.zsh'
[12.143s] Level 1:colcon.colcon_core.environment:create_file_with_runtime_dependencies(/home/yolo/eyrc_hb/hb_task_2_ws/install/hb_task2b/share/colcon-core/packages/hb_task2b)
[12.522s] DEBUG:colcon.colcon_core.event_handler.log_command:Invoked command in '/home/yolo/eyrc_hb/hb_task_2_ws/build/my_robot_interfaces' returned '0': CMAKE_PREFIX_PATH=${CMAKE_PREFIX_PATH}:/home/yolo/eyrc_hb/hb_task_2_ws/install/hb_task2b:/home/yolo/eyrc_hb/hb_task_2_ws/install/hb_task2a:/home/yolo/eyrc_hb/hb_task1b_ws/install/hb_task_1b:/opt/ros/humble /usr/bin/cmake --build /home/yolo/eyrc_hb/hb_task_2_ws/build/my_robot_interfaces -- -j4 -l4
[12.881s] DEBUG:colcon.colcon_core.event_handler.log_command:Invoking command in '/home/yolo/eyrc_hb/hb_task_2_ws/build/my_robot_interfaces': CMAKE_PREFIX_PATH=${CMAKE_PREFIX_PATH}:/home/yolo/eyrc_hb/hb_task_2_ws/install/hb_task2b:/home/yolo/eyrc_hb/hb_task_2_ws/install/hb_task2a:/home/yolo/eyrc_hb/hb_task1b_ws/install/hb_task_1b:/opt/ros/humble /usr/bin/cmake --install /home/yolo/eyrc_hb/hb_task_2_ws/build/my_robot_interfaces
[13.081s] Level 1:colcon.colcon_core.environment:create_environment_scripts_only(my_robot_interfaces)
[13.082s] DEBUG:colcon.colcon_core.event_handler.log_command:Invoked command in '/home/yolo/eyrc_hb/hb_task_2_ws/build/my_robot_interfaces' returned '0': CMAKE_PREFIX_PATH=${CMAKE_PREFIX_PATH}:/home/yolo/eyrc_hb/hb_task_2_ws/install/hb_task2b:/home/yolo/eyrc_hb/hb_task_2_ws/install/hb_task2a:/home/yolo/eyrc_hb/hb_task1b_ws/install/hb_task_1b:/opt/ros/humble /usr/bin/cmake --install /home/yolo/eyrc_hb/hb_task_2_ws/build/my_robot_interfaces
[13.121s] Level 1:colcon.colcon_core.environment:checking '/home/yolo/eyrc_hb/hb_task_2_ws/install/my_robot_interfaces' for CMake module files
[13.123s] Level 1:colcon.colcon_core.environment:checking '/home/yolo/eyrc_hb/hb_task_2_ws/install/my_robot_interfaces' for CMake config files
[13.124s] Level 1:colcon.colcon_core.shell:create_environment_hook('my_robot_interfaces', 'cmake_prefix_path')
[13.164s] INFO:colcon.colcon_core.shell:Creating environment hook '/home/yolo/eyrc_hb/hb_task_2_ws/install/my_robot_interfaces/share/my_robot_interfaces/hook/cmake_prefix_path.ps1'
[13.167s] INFO:colcon.colcon_core.shell:Creating environment descriptor '/home/yolo/eyrc_hb/hb_task_2_ws/install/my_robot_interfaces/share/my_robot_interfaces/hook/cmake_prefix_path.dsv'
[13.168s] INFO:colcon.colcon_core.shell:Creating environment hook '/home/yolo/eyrc_hb/hb_task_2_ws/install/my_robot_interfaces/share/my_robot_interfaces/hook/cmake_prefix_path.sh'
[13.169s] Level 1:colcon.colcon_core.environment:checking '/home/yolo/eyrc_hb/hb_task_2_ws/install/my_robot_interfaces/lib'
[13.170s] Level 1:colcon.colcon_core.shell:create_environment_hook('my_robot_interfaces', 'ld_library_path_lib')
[13.207s] INFO:colcon.colcon_core.shell:Creating environment hook '/home/yolo/eyrc_hb/hb_task_2_ws/install/my_robot_interfaces/share/my_robot_interfaces/hook/ld_library_path_lib.ps1'
[13.208s] INFO:colcon.colcon_core.shell:Creating environment descriptor '/home/yolo/eyrc_hb/hb_task_2_ws/install/my_robot_interfaces/share/my_robot_interfaces/hook/ld_library_path_lib.dsv'
[13.209s] INFO:colcon.colcon_core.shell:Creating environment hook '/home/yolo/eyrc_hb/hb_task_2_ws/install/my_robot_interfaces/share/my_robot_interfaces/hook/ld_library_path_lib.sh'
[13.210s] Level 1:colcon.colcon_core.environment:checking '/home/yolo/eyrc_hb/hb_task_2_ws/install/my_robot_interfaces/bin'
[13.211s] Level 1:colcon.colcon_core.environment:checking '/home/yolo/eyrc_hb/hb_task_2_ws/install/my_robot_interfaces/lib/pkgconfig/my_robot_interfaces.pc'
[13.211s] Level 1:colcon.colcon_core.environment:checking '/home/yolo/eyrc_hb/hb_task_2_ws/install/my_robot_interfaces/lib/python3.10/site-packages'
[13.212s] Level 1:colcon.colcon_core.environment:checking '/home/yolo/eyrc_hb/hb_task_2_ws/install/my_robot_interfaces/bin'
[13.254s] INFO:colcon.colcon_core.shell:Creating package script '/home/yolo/eyrc_hb/hb_task_2_ws/install/my_robot_interfaces/share/my_robot_interfaces/package.ps1'
[13.256s] INFO:colcon.colcon_core.shell:Creating package descriptor '/home/yolo/eyrc_hb/hb_task_2_ws/install/my_robot_interfaces/share/my_robot_interfaces/package.dsv'
[13.257s] INFO:colcon.colcon_core.shell:Creating package script '/home/yolo/eyrc_hb/hb_task_2_ws/install/my_robot_interfaces/share/my_robot_interfaces/package.sh'
[13.258s] INFO:colcon.colcon_core.shell:Creating package script '/home/yolo/eyrc_hb/hb_task_2_ws/install/my_robot_interfaces/share/my_robot_interfaces/package.bash'
[13.259s] INFO:colcon.colcon_core.shell:Creating package script '/home/yolo/eyrc_hb/hb_task_2_ws/install/my_robot_interfaces/share/my_robot_interfaces/package.zsh'
[13.259s] Level 1:colcon.colcon_core.environment:create_file_with_runtime_dependencies(/home/yolo/eyrc_hb/hb_task_2_ws/install/my_robot_interfaces/share/colcon-core/packages/my_robot_interfaces)
[13.663s] Level 1:colcon.colcon_core.environment:create_environment_scripts_only(my_robot_interfaces)
[13.705s] Level 1:colcon.colcon_core.environment:checking '/home/yolo/eyrc_hb/hb_task_2_ws/install/my_robot_interfaces' for CMake module files
[13.707s] Level 1:colcon.colcon_core.environment:checking '/home/yolo/eyrc_hb/hb_task_2_ws/install/my_robot_interfaces' for CMake config files
[13.708s] Level 1:colcon.colcon_core.shell:create_environment_hook('my_robot_interfaces', 'cmake_prefix_path')
[13.750s] INFO:colcon.colcon_core.shell:Creating environment hook '/home/yolo/eyrc_hb/hb_task_2_ws/install/my_robot_interfaces/share/my_robot_interfaces/hook/cmake_prefix_path.ps1'
[13.752s] INFO:colcon.colcon_core.shell:Creating environment descriptor '/home/yolo/eyrc_hb/hb_task_2_ws/install/my_robot_interfaces/share/my_robot_interfaces/hook/cmake_prefix_path.dsv'
[13.754s] INFO:colcon.colcon_core.shell:Creating environment hook '/home/yolo/eyrc_hb/hb_task_2_ws/install/my_robot_interfaces/share/my_robot_interfaces/hook/cmake_prefix_path.sh'
[13.755s] Level 1:colcon.colcon_core.environment:checking '/home/yolo/eyrc_hb/hb_task_2_ws/install/my_robot_interfaces/lib'
[13.756s] Level 1:colcon.colcon_core.shell:create_environment_hook('my_robot_interfaces', 'ld_library_path_lib')
[13.796s] INFO:colcon.colcon_core.shell:Creating environment hook '/home/yolo/eyrc_hb/hb_task_2_ws/install/my_robot_interfaces/share/my_robot_interfaces/hook/ld_library_path_lib.ps1'
[13.798s] INFO:colcon.colcon_core.shell:Creating environment descriptor '/home/yolo/eyrc_hb/hb_task_2_ws/install/my_robot_interfaces/share/my_robot_interfaces/hook/ld_library_path_lib.dsv'
[13.799s] INFO:colcon.colcon_core.shell:Creating environment hook '/home/yolo/eyrc_hb/hb_task_2_ws/install/my_robot_interfaces/share/my_robot_interfaces/hook/ld_library_path_lib.sh'
[13.800s] Level 1:colcon.colcon_core.environment:checking '/home/yolo/eyrc_hb/hb_task_2_ws/install/my_robot_interfaces/bin'
[13.801s] Level 1:colcon.colcon_core.environment:checking '/home/yolo/eyrc_hb/hb_task_2_ws/install/my_robot_interfaces/lib/pkgconfig/my_robot_interfaces.pc'
[13.801s] Level 1:colcon.colcon_core.environment:checking '/home/yolo/eyrc_hb/hb_task_2_ws/install/my_robot_interfaces/lib/python3.10/site-packages'
[13.802s] Level 1:colcon.colcon_core.environment:checking '/home/yolo/eyrc_hb/hb_task_2_ws/install/my_robot_interfaces/bin'
[13.849s] INFO:colcon.colcon_core.shell:Creating package script '/home/yolo/eyrc_hb/hb_task_2_ws/install/my_robot_interfaces/share/my_robot_interfaces/package.ps1'
[13.851s] INFO:colcon.colcon_core.shell:Creating package descriptor '/home/yolo/eyrc_hb/hb_task_2_ws/install/my_robot_interfaces/share/my_robot_interfaces/package.dsv'
[13.852s] INFO:colcon.colcon_core.shell:Creating package script '/home/yolo/eyrc_hb/hb_task_2_ws/install/my_robot_interfaces/share/my_robot_interfaces/package.sh'
[13.853s] INFO:colcon.colcon_core.shell:Creating package script '/home/yolo/eyrc_hb/hb_task_2_ws/install/my_robot_interfaces/share/my_robot_interfaces/package.bash'
[13.855s] INFO:colcon.colcon_core.shell:Creating package script '/home/yolo/eyrc_hb/hb_task_2_ws/install/my_robot_interfaces/share/my_robot_interfaces/package.zsh'
[13.857s] Level 1:colcon.colcon_core.environment:create_file_with_runtime_dependencies(/home/yolo/eyrc_hb/hb_task_2_ws/install/my_robot_interfaces/share/colcon-core/packages/my_robot_interfaces)
[13.859s] DEBUG:colcon.colcon_parallel_executor.executor.parallel:closing loop
[13.859s] DEBUG:colcon.colcon_parallel_executor.executor.parallel:loop closed
[13.860s] DEBUG:colcon.colcon_parallel_executor.executor.parallel:run_until_complete finished with '0'
[13.860s] DEBUG:colcon.colcon_core.event_reactor:joining thread
[13.930s] INFO:colcon.colcon_core.plugin_system:Skipping extension 'colcon_notification.desktop_notification.terminal_notifier': Not used on non-Darwin systems
[13.930s] INFO:colcon.colcon_core.plugin_system:Skipping extension 'colcon_notification.desktop_notification.win32': Not used on non-Windows systems
[13.930s] INFO:colcon.colcon_notification.desktop_notification:Sending desktop notification using 'notify2'
[13.966s] DEBUG:colcon.colcon_core.event_reactor:joined thread
[14.013s] INFO:colcon.colcon_core.shell:Creating prefix script '/home/yolo/eyrc_hb/hb_task_2_ws/install/local_setup.ps1'
[14.017s] INFO:colcon.colcon_core.shell:Creating prefix util module '/home/yolo/eyrc_hb/hb_task_2_ws/install/_local_setup_util_ps1.py'
[14.020s] INFO:colcon.colcon_core.shell:Creating prefix chain script '/home/yolo/eyrc_hb/hb_task_2_ws/install/setup.ps1'
[14.068s] INFO:colcon.colcon_core.shell:Creating prefix script '/home/yolo/eyrc_hb/hb_task_2_ws/install/local_setup.sh'
[14.071s] INFO:colcon.colcon_core.shell:Creating prefix util module '/home/yolo/eyrc_hb/hb_task_2_ws/install/_local_setup_util_sh.py'
[14.073s] INFO:colcon.colcon_core.shell:Creating prefix chain script '/home/yolo/eyrc_hb/hb_task_2_ws/install/setup.sh'
[14.118s] INFO:colcon.colcon_core.shell:Creating prefix script '/home/yolo/eyrc_hb/hb_task_2_ws/install/local_setup.bash'
[14.121s] INFO:colcon.colcon_core.shell:Creating prefix chain script '/home/yolo/eyrc_hb/hb_task_2_ws/install/setup.bash'
[14.167s] INFO:colcon.colcon_core.shell:Creating prefix script '/home/yolo/eyrc_hb/hb_task_2_ws/install/local_setup.zsh'
[14.169s] INFO:colcon.colcon_core.shell:Creating prefix chain script '/home/yolo/eyrc_hb/hb_task_2_ws/install/setup.zsh'
