/home/yolo/eyrc_hb/hb_task_2_ws/install/hb_task2a/lib/python3.10/site-packages/hb_task2a/feedback.py
/home/yolo/eyrc_hb/hb_task_2_ws/install/hb_task2a/lib/python3.10/site-packages/hb_task2a/service_node.py
/home/yolo/eyrc_hb/hb_task_2_ws/install/hb_task2a/lib/python3.10/site-packages/hb_task2a/controller.py
/home/yolo/eyrc_hb/hb_task_2_ws/install/hb_task2a/lib/python3.10/site-packages/hb_task2a/__init__.py
/home/yolo/eyrc_hb/hb_task_2_ws/install/hb_task2a/lib/python3.10/site-packages/hb_task2a/__pycache__/feedback.cpython-310.pyc
/home/yolo/eyrc_hb/hb_task_2_ws/install/hb_task2a/lib/python3.10/site-packages/hb_task2a/__pycache__/service_node.cpython-310.pyc
/home/yolo/eyrc_hb/hb_task_2_ws/install/hb_task2a/lib/python3.10/site-packages/hb_task2a/__pycache__/controller.cpython-310.pyc
/home/yolo/eyrc_hb/hb_task_2_ws/install/hb_task2a/lib/python3.10/site-packages/hb_task2a/__pycache__/__init__.cpython-310.pyc
/home/yolo/eyrc_hb/hb_task_2_ws/install/hb_task2a/share/ament_index/resource_index/packages/hb_task2a
/home/yolo/eyrc_hb/hb_task_2_ws/install/hb_task2a/share/hb_task2a/package.xml
/home/yolo/eyrc_hb/hb_task_2_ws/install/hb_task2a/share/hb_task2a/launch/task2a.launch.py
/home/yolo/eyrc_hb/hb_task_2_ws/install/hb_task2a/share/hb_task2a/launch/submission.launch.py
/home/yolo/eyrc_hb/hb_task_2_ws/install/hb_task2a/share/hb_task2a/scripts
/home/yolo/eyrc_hb/hb_task_2_ws/install/hb_task2a/lib/python3.10/site-packages/hb_task2a-0.0.0-py3.10.egg-info/PKG-INFO
/home/yolo/eyrc_hb/hb_task_2_ws/install/hb_task2a/lib/python3.10/site-packages/hb_task2a-0.0.0-py3.10.egg-info/entry_points.txt
/home/yolo/eyrc_hb/hb_task_2_ws/install/hb_task2a/lib/python3.10/site-packages/hb_task2a-0.0.0-py3.10.egg-info/dependency_links.txt
/home/yolo/eyrc_hb/hb_task_2_ws/install/hb_task2a/lib/python3.10/site-packages/hb_task2a-0.0.0-py3.10.egg-info/top_level.txt
/home/yolo/eyrc_hb/hb_task_2_ws/install/hb_task2a/lib/python3.10/site-packages/hb_task2a-0.0.0-py3.10.egg-info/requires.txt
/home/yolo/eyrc_hb/hb_task_2_ws/install/hb_task2a/lib/python3.10/site-packages/hb_task2a-0.0.0-py3.10.egg-info/zip-safe
/home/yolo/eyrc_hb/hb_task_2_ws/install/hb_task2a/lib/python3.10/site-packages/hb_task2a-0.0.0-py3.10.egg-info/SOURCES.txt
/home/yolo/eyrc_hb/hb_task_2_ws/install/hb_task2a/lib/hb_task2a/controller
/home/yolo/eyrc_hb/hb_task_2_ws/install/hb_task2a/lib/hb_task2a/feedback
/home/yolo/eyrc_hb/hb_task_2_ws/install/hb_task2a/lib/hb_task2a/service
