[2.162s] DEBUG:colcon:Command line arguments: ['/home/yolo/.local/bin/colcon', 'build']
[2.162s] DEBUG:colcon:Parsed command line arguments: Namespace(log_base=None, log_level=None, verb_name='build', build_base='build', install_base='install', merge_install=False, symlink_install=False, test_result_base=None, continue_on_error=False, executor='parallel', parallel_workers=4, event_handlers=None, ignore_user_meta=False, metas=['./colcon.meta'], base_paths=['.'], packages_ignore=None, packages_ignore_regex=None, paths=None, packages_up_to=None, packages_up_to_regex=None, packages_above=None, packages_above_and_dependencies=None, packages_above_depth=None, packages_select_by_dep=None, packages_skip_by_dep=None, packages_skip_up_to=None, packages_select_build_failed=False, packages_skip_build_finished=False, packages_select_test_failures=False, packages_skip_test_passed=False, packages_select=None, packages_skip=None, packages_select_regex=None, packages_skip_regex=None, packages_start=None, packages_end=None, allow_overriding=[], cmake_args=None, cmake_target=None, cmake_target_skip_unavailable=False, cmake_clean_cache=False, cmake_clean_first=False, cmake_force_configure=False, ament_cmake_args=None, catkin_cmake_args=None, catkin_skip_building_tests=False, verb_parser=<colcon_defaults.argument_parser.defaults.DefaultArgumentsDecorator object at 0x7fc3ef021540>, verb_extension=<colcon_core.verb.build.BuildVerb object at 0x7fc3ef023070>, main=<bound method BuildVerb.main of <colcon_core.verb.build.BuildVerb object at 0x7fc3ef023070>>)
[2.273s] Level 1:colcon.colcon_core.package_discovery:discover_packages(colcon_meta) check parameters
[2.273s] Level 1:colcon.colcon_core.package_discovery:discover_packages(recursive) check parameters
[2.274s] Level 1:colcon.colcon_core.package_discovery:discover_packages(ignore) check parameters
[2.274s] Level 1:colcon.colcon_core.package_discovery:discover_packages(path) check parameters
[2.274s] Level 1:colcon.colcon_core.package_discovery:discover_packages(colcon_meta) discover
[2.274s] Level 1:colcon.colcon_core.package_discovery:discover_packages(recursive) discover
[2.274s] INFO:colcon.colcon_core.package_discovery:Crawling recursively for packages in '/home/yolo/eyrc_hb/hb_task1b_ws'
[2.274s] Level 1:colcon.colcon_core.package_identification:_identify(.) by extensions ['ignore', 'ignore_ament_install']
[2.274s] Level 1:colcon.colcon_core.package_identification:_identify(.) by extension 'ignore'
[2.274s] Level 1:colcon.colcon_core.package_identification:_identify(.) by extension 'ignore_ament_install'
[2.274s] Level 1:colcon.colcon_core.package_identification:_identify(.) by extensions ['colcon_pkg']
[2.274s] Level 1:colcon.colcon_core.package_identification:_identify(.) by extension 'colcon_pkg'
[2.275s] Level 1:colcon.colcon_core.package_identification:_identify(.) by extensions ['colcon_meta']
[2.275s] Level 1:colcon.colcon_core.package_identification:_identify(.) by extension 'colcon_meta'
[2.275s] Level 1:colcon.colcon_core.package_identification:_identify(.) by extensions ['ros']
[2.275s] Level 1:colcon.colcon_core.package_identification:_identify(.) by extension 'ros'
[2.294s] Level 1:colcon.colcon_core.package_identification:_identify(.) by extensions ['cmake', 'python']
[2.294s] Level 1:colcon.colcon_core.package_identification:_identify(.) by extension 'cmake'
[2.294s] Level 1:colcon.colcon_core.package_identification:_identify(.) by extension 'python'
[2.294s] Level 1:colcon.colcon_core.package_identification:_identify(.) by extensions ['python_setup_py']
[2.294s] Level 1:colcon.colcon_core.package_identification:_identify(.) by extension 'python_setup_py'
[2.294s] Level 1:colcon.colcon_core.package_identification:_identify(build) by extensions ['ignore', 'ignore_ament_install']
[2.294s] Level 1:colcon.colcon_core.package_identification:_identify(build) by extension 'ignore'
[2.295s] Level 1:colcon.colcon_core.package_identification:_identify(build) ignored
[2.295s] Level 1:colcon.colcon_core.package_identification:_identify(install) by extensions ['ignore', 'ignore_ament_install']
[2.295s] Level 1:colcon.colcon_core.package_identification:_identify(install) by extension 'ignore'
[2.295s] Level 1:colcon.colcon_core.package_identification:_identify(install) ignored
[2.295s] Level 1:colcon.colcon_core.package_identification:_identify(log) by extensions ['ignore', 'ignore_ament_install']
[2.295s] Level 1:colcon.colcon_core.package_identification:_identify(log) by extension 'ignore'
[2.295s] Level 1:colcon.colcon_core.package_identification:_identify(log) ignored
[2.296s] Level 1:colcon.colcon_core.package_identification:_identify(src) by extensions ['ignore', 'ignore_ament_install']
[2.296s] Level 1:colcon.colcon_core.package_identification:_identify(src) by extension 'ignore'
[2.296s] Level 1:colcon.colcon_core.package_identification:_identify(src) by extension 'ignore_ament_install'
[2.296s] Level 1:colcon.colcon_core.package_identification:_identify(src) by extensions ['colcon_pkg']
[2.296s] Level 1:colcon.colcon_core.package_identification:_identify(src) by extension 'colcon_pkg'
[2.296s] Level 1:colcon.colcon_core.package_identification:_identify(src) by extensions ['colcon_meta']
[2.296s] Level 1:colcon.colcon_core.package_identification:_identify(src) by extension 'colcon_meta'
[2.296s] Level 1:colcon.colcon_core.package_identification:_identify(src) by extensions ['ros']
[2.296s] Level 1:colcon.colcon_core.package_identification:_identify(src) by extension 'ros'
[2.297s] Level 1:colcon.colcon_core.package_identification:_identify(src) by extensions ['cmake', 'python']
[2.297s] Level 1:colcon.colcon_core.package_identification:_identify(src) by extension 'cmake'
[2.297s] Level 1:colcon.colcon_core.package_identification:_identify(src) by extension 'python'
[2.297s] Level 1:colcon.colcon_core.package_identification:_identify(src) by extensions ['python_setup_py']
[2.297s] Level 1:colcon.colcon_core.package_identification:_identify(src) by extension 'python_setup_py'
[2.297s] Level 1:colcon.colcon_core.package_identification:_identify(src/hb_task_1b) by extensions ['ignore', 'ignore_ament_install']
[2.297s] Level 1:colcon.colcon_core.package_identification:_identify(src/hb_task_1b) by extension 'ignore'
[2.297s] Level 1:colcon.colcon_core.package_identification:_identify(src/hb_task_1b) by extension 'ignore_ament_install'
[2.297s] Level 1:colcon.colcon_core.package_identification:_identify(src/hb_task_1b) by extensions ['colcon_pkg']
[2.298s] Level 1:colcon.colcon_core.package_identification:_identify(src/hb_task_1b) by extension 'colcon_pkg'
[2.298s] Level 1:colcon.colcon_core.package_identification:_identify(src/hb_task_1b) by extensions ['colcon_meta']
[2.298s] Level 1:colcon.colcon_core.package_identification:_identify(src/hb_task_1b) by extension 'colcon_meta'
[2.298s] Level 1:colcon.colcon_core.package_identification:_identify(src/hb_task_1b) by extensions ['ros']
[2.298s] Level 1:colcon.colcon_core.package_identification:_identify(src/hb_task_1b) by extension 'ros'
[2.303s] DEBUG:colcon.colcon_core.package_identification:Package 'src/hb_task_1b' with type 'ros.ament_python' and name 'hb_task_1b'
[2.304s] Level 1:colcon.colcon_core.package_identification:_identify(src/my_robot_interfaces) by extensions ['ignore', 'ignore_ament_install']
[2.304s] Level 1:colcon.colcon_core.package_identification:_identify(src/my_robot_interfaces) by extension 'ignore'
[2.304s] Level 1:colcon.colcon_core.package_identification:_identify(src/my_robot_interfaces) by extension 'ignore_ament_install'
[2.304s] Level 1:colcon.colcon_core.package_identification:_identify(src/my_robot_interfaces) by extensions ['colcon_pkg']
[2.304s] Level 1:colcon.colcon_core.package_identification:_identify(src/my_robot_interfaces) by extension 'colcon_pkg'
[2.304s] Level 1:colcon.colcon_core.package_identification:_identify(src/my_robot_interfaces) by extensions ['colcon_meta']
[2.304s] Level 1:colcon.colcon_core.package_identification:_identify(src/my_robot_interfaces) by extension 'colcon_meta'
[2.304s] Level 1:colcon.colcon_core.package_identification:_identify(src/my_robot_interfaces) by extensions ['ros']
[2.304s] Level 1:colcon.colcon_core.package_identification:_identify(src/my_robot_interfaces) by extension 'ros'
[2.305s] DEBUG:colcon.colcon_core.package_identification:Package 'src/my_robot_interfaces' with type 'ros.ament_cmake' and name 'my_robot_interfaces'
[2.305s] Level 1:colcon.colcon_core.package_discovery:discover_packages(recursive) using defaults
[2.305s] Level 1:colcon.colcon_core.package_discovery:discover_packages(ignore) discover
[2.306s] Level 1:colcon.colcon_core.package_discovery:discover_packages(ignore) using defaults
[2.306s] Level 1:colcon.colcon_core.package_discovery:discover_packages(path) discover
[2.306s] Level 1:colcon.colcon_core.package_discovery:discover_packages(path) using defaults
[2.499s] Level 1:colcon.colcon_core.package_discovery:discover_packages(prefix_path) check parameters
[2.500s] Level 1:colcon.colcon_core.package_discovery:discover_packages(prefix_path) discover
[2.570s] DEBUG:colcon.colcon_installed_package_information.package_discovery:Found 2 installed packages in /home/yolo/eyrc_hb/hb_task1b_ws/install
[2.601s] DEBUG:colcon.colcon_installed_package_information.package_discovery:Found 277 installed packages in /opt/ros/humble
[2.603s] Level 1:colcon.colcon_core.package_discovery:discover_packages(prefix_path) using defaults
[2.795s] Level 5:colcon.colcon_core.verb:set package 'hb_task_1b' build argument 'cmake_args' from command line to 'None'
[2.795s] Level 5:colcon.colcon_core.verb:set package 'hb_task_1b' build argument 'cmake_target' from command line to 'None'
[2.795s] Level 5:colcon.colcon_core.verb:set package 'hb_task_1b' build argument 'cmake_target_skip_unavailable' from command line to 'False'
[2.795s] Level 5:colcon.colcon_core.verb:set package 'hb_task_1b' build argument 'cmake_clean_cache' from command line to 'False'
[2.795s] Level 5:colcon.colcon_core.verb:set package 'hb_task_1b' build argument 'cmake_clean_first' from command line to 'False'
[2.795s] Level 5:colcon.colcon_core.verb:set package 'hb_task_1b' build argument 'cmake_force_configure' from command line to 'False'
[2.795s] Level 5:colcon.colcon_core.verb:set package 'hb_task_1b' build argument 'ament_cmake_args' from command line to 'None'
[2.795s] Level 5:colcon.colcon_core.verb:set package 'hb_task_1b' build argument 'catkin_cmake_args' from command line to 'None'
[2.795s] Level 5:colcon.colcon_core.verb:set package 'hb_task_1b' build argument 'catkin_skip_building_tests' from command line to 'False'
[2.795s] DEBUG:colcon.colcon_core.verb:Building package 'hb_task_1b' with the following arguments: {'ament_cmake_args': None, 'build_base': '/home/yolo/eyrc_hb/hb_task1b_ws/build/hb_task_1b', 'catkin_cmake_args': None, 'catkin_skip_building_tests': False, 'cmake_args': None, 'cmake_clean_cache': False, 'cmake_clean_first': False, 'cmake_force_configure': False, 'cmake_target': None, 'cmake_target_skip_unavailable': False, 'install_base': '/home/yolo/eyrc_hb/hb_task1b_ws/install/hb_task_1b', 'merge_install': False, 'path': '/home/yolo/eyrc_hb/hb_task1b_ws/src/hb_task_1b', 'symlink_install': False, 'test_result_base': None}
[2.825s] Level 5:colcon.colcon_core.verb:set package 'my_robot_interfaces' build argument 'cmake_args' from command line to 'None'
[2.825s] Level 5:colcon.colcon_core.verb:set package 'my_robot_interfaces' build argument 'cmake_target' from command line to 'None'
[2.825s] Level 5:colcon.colcon_core.verb:set package 'my_robot_interfaces' build argument 'cmake_target_skip_unavailable' from command line to 'False'
[2.825s] Level 5:colcon.colcon_core.verb:set package 'my_robot_interfaces' build argument 'cmake_clean_cache' from command line to 'False'
[2.825s] Level 5:colcon.colcon_core.verb:set package 'my_robot_interfaces' build argument 'cmake_clean_first' from command line to 'False'
[2.825s] Level 5:colcon.colcon_core.verb:set package 'my_robot_interfaces' build argument 'cmake_force_configure' from command line to 'False'
[2.825s] Level 5:colcon.colcon_core.verb:set package 'my_robot_interfaces' build argument 'ament_cmake_args' from command line to 'None'
[2.825s] Level 5:colcon.colcon_core.verb:set package 'my_robot_interfaces' build argument 'catkin_cmake_args' from command line to 'None'
[2.825s] Level 5:colcon.colcon_core.verb:set package 'my_robot_interfaces' build argument 'catkin_skip_building_tests' from command line to 'False'
[2.825s] DEBUG:colcon.colcon_core.verb:Building package 'my_robot_interfaces' with the following arguments: {'ament_cmake_args': None, 'build_base': '/home/yolo/eyrc_hb/hb_task1b_ws/build/my_robot_interfaces', 'catkin_cmake_args': None, 'catkin_skip_building_tests': False, 'cmake_args': None, 'cmake_clean_cache': False, 'cmake_clean_first': False, 'cmake_force_configure': False, 'cmake_target': None, 'cmake_target_skip_unavailable': False, 'install_base': '/home/yolo/eyrc_hb/hb_task1b_ws/install/my_robot_interfaces', 'merge_install': False, 'path': '/home/yolo/eyrc_hb/hb_task1b_ws/src/my_robot_interfaces', 'symlink_install': False, 'test_result_base': None}
[2.854s] INFO:colcon.colcon_core.executor:Executing jobs using 'parallel' executor
[2.885s] DEBUG:colcon.colcon_parallel_executor.executor.parallel:run_until_complete
[2.886s] INFO:colcon.colcon_ros.task.ament_python.build:Building ROS package in '/home/yolo/eyrc_hb/hb_task1b_ws/src/hb_task_1b' with build type 'ament_python'
[2.886s] Level 1:colcon.colcon_core.shell:create_environment_hook('hb_task_1b', 'ament_prefix_path')
[2.928s] INFO:colcon.colcon_core.plugin_system:Skipping extension 'colcon_core.shell.bat': Not used on non-Windows systems
[2.929s] INFO:colcon.colcon_core.shell:Creating environment hook '/home/yolo/eyrc_hb/hb_task1b_ws/install/hb_task_1b/share/hb_task_1b/hook/ament_prefix_path.ps1'
[2.931s] INFO:colcon.colcon_core.shell:Creating environment descriptor '/home/yolo/eyrc_hb/hb_task1b_ws/install/hb_task_1b/share/hb_task_1b/hook/ament_prefix_path.dsv'
[2.932s] INFO:colcon.colcon_core.shell:Creating environment hook '/home/yolo/eyrc_hb/hb_task1b_ws/install/hb_task_1b/share/hb_task_1b/hook/ament_prefix_path.sh'
[2.965s] INFO:colcon.colcon_core.shell:Skip shell extension 'powershell' for command environment: Not usable outside of PowerShell
[2.965s] DEBUG:colcon.colcon_core.shell:Skip shell extension 'dsv' for command environment
[3.071s] INFO:colcon.colcon_ros.task.ament_cmake.build:Building ROS package in '/home/yolo/eyrc_hb/hb_task1b_ws/src/my_robot_interfaces' with build type 'ament_cmake'
[3.072s] INFO:colcon.colcon_cmake.task.cmake.build:Building CMake package in '/home/yolo/eyrc_hb/hb_task1b_ws/src/my_robot_interfaces'
[3.106s] INFO:colcon.colcon_core.shell:Skip shell extension 'powershell' for command environment: Not usable outside of PowerShell
[3.107s] DEBUG:colcon.colcon_core.shell:Skip shell extension 'dsv' for command environment
[3.773s] INFO:colcon.colcon_core.task.python.build:Building Python package in '/home/yolo/eyrc_hb/hb_task1b_ws/src/hb_task_1b'
[3.804s] INFO:colcon.colcon_core.shell:Skip shell extension 'powershell' for command environment: Not usable outside of PowerShell
[3.804s] DEBUG:colcon.colcon_core.shell:Skip shell extension 'dsv' for command environment
[3.911s] DEBUG:colcon.colcon_core.event_handler.log_command:Invoking command in '/home/yolo/eyrc_hb/hb_task1b_ws/build/my_robot_interfaces': CMAKE_PREFIX_PATH=${CMAKE_PREFIX_PATH}:/home/yolo/eyrc_hb/hb_task1b_ws/install/hb_task_1b:/opt/ros/humble /usr/bin/cmake --build /home/yolo/eyrc_hb/hb_task1b_ws/build/my_robot_interfaces -- -j4 -l4
[5.176s] DEBUG:colcon.colcon_core.event_handler.log_command:Invoked command in '/home/yolo/eyrc_hb/hb_task1b_ws/build/my_robot_interfaces' returned '0': CMAKE_PREFIX_PATH=${CMAKE_PREFIX_PATH}:/home/yolo/eyrc_hb/hb_task1b_ws/install/hb_task_1b:/opt/ros/humble /usr/bin/cmake --build /home/yolo/eyrc_hb/hb_task1b_ws/build/my_robot_interfaces -- -j4 -l4
[5.194s] DEBUG:colcon.colcon_core.event_handler.log_command:Invoking command in '/home/yolo/eyrc_hb/hb_task1b_ws/src/hb_task_1b': PYTHONPATH=/home/yolo/eyrc_hb/hb_task1b_ws/build/hb_task_1b/prefix_override:/home/yolo/eyrc_hb/hb_task1b_ws/install/hb_task_1b/lib/python3.10/site-packages:${PYTHONPATH} /usr/bin/python3 setup.py egg_info --egg-base ../../build/hb_task_1b build --build-base /home/yolo/eyrc_hb/hb_task1b_ws/build/hb_task_1b/build install --record /home/yolo/eyrc_hb/hb_task1b_ws/build/hb_task_1b/install.log --single-version-externally-managed
[5.355s] DEBUG:colcon.colcon_core.event_handler.log_command:Invoking command in '/home/yolo/eyrc_hb/hb_task1b_ws/build/my_robot_interfaces': CMAKE_PREFIX_PATH=${CMAKE_PREFIX_PATH}:/home/yolo/eyrc_hb/hb_task1b_ws/install/hb_task_1b:/opt/ros/humble /usr/bin/cmake --install /home/yolo/eyrc_hb/hb_task1b_ws/build/my_robot_interfaces
[5.499s] Level 1:colcon.colcon_core.environment:create_environment_scripts_only(my_robot_interfaces)
[5.501s] DEBUG:colcon.colcon_core.event_handler.log_command:Invoked command in '/home/yolo/eyrc_hb/hb_task1b_ws/build/my_robot_interfaces' returned '0': CMAKE_PREFIX_PATH=${CMAKE_PREFIX_PATH}:/home/yolo/eyrc_hb/hb_task1b_ws/install/hb_task_1b:/opt/ros/humble /usr/bin/cmake --install /home/yolo/eyrc_hb/hb_task1b_ws/build/my_robot_interfaces
[5.541s] Level 1:colcon.colcon_core.environment:checking '/home/yolo/eyrc_hb/hb_task1b_ws/install/my_robot_interfaces' for CMake module files
[5.542s] Level 1:colcon.colcon_core.environment:checking '/home/yolo/eyrc_hb/hb_task1b_ws/install/my_robot_interfaces' for CMake config files
[5.543s] Level 1:colcon.colcon_core.shell:create_environment_hook('my_robot_interfaces', 'cmake_prefix_path')
[5.573s] INFO:colcon.colcon_core.shell:Creating environment hook '/home/yolo/eyrc_hb/hb_task1b_ws/install/my_robot_interfaces/share/my_robot_interfaces/hook/cmake_prefix_path.ps1'
[5.574s] INFO:colcon.colcon_core.shell:Creating environment descriptor '/home/yolo/eyrc_hb/hb_task1b_ws/install/my_robot_interfaces/share/my_robot_interfaces/hook/cmake_prefix_path.dsv'
[5.574s] INFO:colcon.colcon_core.shell:Creating environment hook '/home/yolo/eyrc_hb/hb_task1b_ws/install/my_robot_interfaces/share/my_robot_interfaces/hook/cmake_prefix_path.sh'
[5.575s] Level 1:colcon.colcon_core.environment:checking '/home/yolo/eyrc_hb/hb_task1b_ws/install/my_robot_interfaces/lib'
[5.576s] Level 1:colcon.colcon_core.shell:create_environment_hook('my_robot_interfaces', 'ld_library_path_lib')
[5.607s] INFO:colcon.colcon_core.shell:Creating environment hook '/home/yolo/eyrc_hb/hb_task1b_ws/install/my_robot_interfaces/share/my_robot_interfaces/hook/ld_library_path_lib.ps1'
[5.608s] INFO:colcon.colcon_core.shell:Creating environment descriptor '/home/yolo/eyrc_hb/hb_task1b_ws/install/my_robot_interfaces/share/my_robot_interfaces/hook/ld_library_path_lib.dsv'
[5.609s] INFO:colcon.colcon_core.shell:Creating environment hook '/home/yolo/eyrc_hb/hb_task1b_ws/install/my_robot_interfaces/share/my_robot_interfaces/hook/ld_library_path_lib.sh'
[5.610s] Level 1:colcon.colcon_core.environment:checking '/home/yolo/eyrc_hb/hb_task1b_ws/install/my_robot_interfaces/bin'
[5.610s] Level 1:colcon.colcon_core.environment:checking '/home/yolo/eyrc_hb/hb_task1b_ws/install/my_robot_interfaces/lib/pkgconfig/my_robot_interfaces.pc'
[5.610s] Level 1:colcon.colcon_core.environment:checking '/home/yolo/eyrc_hb/hb_task1b_ws/install/my_robot_interfaces/lib/python3.10/site-packages'
[5.611s] Level 1:colcon.colcon_core.environment:checking '/home/yolo/eyrc_hb/hb_task1b_ws/install/my_robot_interfaces/bin'
[5.645s] INFO:colcon.colcon_core.shell:Creating package script '/home/yolo/eyrc_hb/hb_task1b_ws/install/my_robot_interfaces/share/my_robot_interfaces/package.ps1'
[5.647s] INFO:colcon.colcon_core.shell:Creating package descriptor '/home/yolo/eyrc_hb/hb_task1b_ws/install/my_robot_interfaces/share/my_robot_interfaces/package.dsv'
[5.648s] INFO:colcon.colcon_core.shell:Creating package script '/home/yolo/eyrc_hb/hb_task1b_ws/install/my_robot_interfaces/share/my_robot_interfaces/package.sh'
[5.650s] INFO:colcon.colcon_core.shell:Creating package script '/home/yolo/eyrc_hb/hb_task1b_ws/install/my_robot_interfaces/share/my_robot_interfaces/package.bash'
[5.652s] INFO:colcon.colcon_core.shell:Creating package script '/home/yolo/eyrc_hb/hb_task1b_ws/install/my_robot_interfaces/share/my_robot_interfaces/package.zsh'
[5.653s] Level 1:colcon.colcon_core.environment:create_file_with_runtime_dependencies(/home/yolo/eyrc_hb/hb_task1b_ws/install/my_robot_interfaces/share/colcon-core/packages/my_robot_interfaces)
[5.883s] Level 1:colcon.colcon_core.environment:create_environment_scripts_only(my_robot_interfaces)
[5.923s] Level 1:colcon.colcon_core.environment:checking '/home/yolo/eyrc_hb/hb_task1b_ws/install/my_robot_interfaces' for CMake module files
[5.924s] Level 1:colcon.colcon_core.environment:checking '/home/yolo/eyrc_hb/hb_task1b_ws/install/my_robot_interfaces' for CMake config files
[5.925s] Level 1:colcon.colcon_core.shell:create_environment_hook('my_robot_interfaces', 'cmake_prefix_path')
[5.958s] INFO:colcon.colcon_core.shell:Creating environment hook '/home/yolo/eyrc_hb/hb_task1b_ws/install/my_robot_interfaces/share/my_robot_interfaces/hook/cmake_prefix_path.ps1'
[5.959s] INFO:colcon.colcon_core.shell:Creating environment descriptor '/home/yolo/eyrc_hb/hb_task1b_ws/install/my_robot_interfaces/share/my_robot_interfaces/hook/cmake_prefix_path.dsv'
[5.959s] INFO:colcon.colcon_core.shell:Creating environment hook '/home/yolo/eyrc_hb/hb_task1b_ws/install/my_robot_interfaces/share/my_robot_interfaces/hook/cmake_prefix_path.sh'
[5.960s] Level 1:colcon.colcon_core.environment:checking '/home/yolo/eyrc_hb/hb_task1b_ws/install/my_robot_interfaces/lib'
[5.960s] Level 1:colcon.colcon_core.shell:create_environment_hook('my_robot_interfaces', 'ld_library_path_lib')
[5.993s] INFO:colcon.colcon_core.shell:Creating environment hook '/home/yolo/eyrc_hb/hb_task1b_ws/install/my_robot_interfaces/share/my_robot_interfaces/hook/ld_library_path_lib.ps1'
[5.994s] INFO:colcon.colcon_core.shell:Creating environment descriptor '/home/yolo/eyrc_hb/hb_task1b_ws/install/my_robot_interfaces/share/my_robot_interfaces/hook/ld_library_path_lib.dsv'
[5.994s] INFO:colcon.colcon_core.shell:Creating environment hook '/home/yolo/eyrc_hb/hb_task1b_ws/install/my_robot_interfaces/share/my_robot_interfaces/hook/ld_library_path_lib.sh'
[5.995s] Level 1:colcon.colcon_core.environment:checking '/home/yolo/eyrc_hb/hb_task1b_ws/install/my_robot_interfaces/bin'
[5.995s] Level 1:colcon.colcon_core.environment:checking '/home/yolo/eyrc_hb/hb_task1b_ws/install/my_robot_interfaces/lib/pkgconfig/my_robot_interfaces.pc'
[5.995s] Level 1:colcon.colcon_core.environment:checking '/home/yolo/eyrc_hb/hb_task1b_ws/install/my_robot_interfaces/lib/python3.10/site-packages'
[5.996s] Level 1:colcon.colcon_core.environment:checking '/home/yolo/eyrc_hb/hb_task1b_ws/install/my_robot_interfaces/bin'
[6.025s] INFO:colcon.colcon_core.shell:Creating package script '/home/yolo/eyrc_hb/hb_task1b_ws/install/my_robot_interfaces/share/my_robot_interfaces/package.ps1'
[6.027s] INFO:colcon.colcon_core.shell:Creating package descriptor '/home/yolo/eyrc_hb/hb_task1b_ws/install/my_robot_interfaces/share/my_robot_interfaces/package.dsv'
[6.028s] INFO:colcon.colcon_core.shell:Creating package script '/home/yolo/eyrc_hb/hb_task1b_ws/install/my_robot_interfaces/share/my_robot_interfaces/package.sh'
[6.029s] INFO:colcon.colcon_core.shell:Creating package script '/home/yolo/eyrc_hb/hb_task1b_ws/install/my_robot_interfaces/share/my_robot_interfaces/package.bash'
[6.030s] INFO:colcon.colcon_core.shell:Creating package script '/home/yolo/eyrc_hb/hb_task1b_ws/install/my_robot_interfaces/share/my_robot_interfaces/package.zsh'
[6.030s] Level 1:colcon.colcon_core.environment:create_file_with_runtime_dependencies(/home/yolo/eyrc_hb/hb_task1b_ws/install/my_robot_interfaces/share/colcon-core/packages/my_robot_interfaces)
[6.034s] DEBUG:colcon.colcon_core.event_handler.log_command:Invoked command in '/home/yolo/eyrc_hb/hb_task1b_ws/src/hb_task_1b' returned '0': PYTHONPATH=/home/yolo/eyrc_hb/hb_task1b_ws/build/hb_task_1b/prefix_override:/home/yolo/eyrc_hb/hb_task1b_ws/install/hb_task_1b/lib/python3.10/site-packages:${PYTHONPATH} /usr/bin/python3 setup.py egg_info --egg-base ../../build/hb_task_1b build --build-base /home/yolo/eyrc_hb/hb_task1b_ws/build/hb_task_1b/build install --record /home/yolo/eyrc_hb/hb_task1b_ws/build/hb_task_1b/install.log --single-version-externally-managed
[6.066s] Level 1:colcon.colcon_core.environment:checking '/home/yolo/eyrc_hb/hb_task1b_ws/install/hb_task_1b' for CMake module files
[6.067s] Level 1:colcon.colcon_core.environment:checking '/home/yolo/eyrc_hb/hb_task1b_ws/install/hb_task_1b' for CMake config files
[6.068s] Level 1:colcon.colcon_core.environment:checking '/home/yolo/eyrc_hb/hb_task1b_ws/install/hb_task_1b/lib'
[6.068s] Level 1:colcon.colcon_core.environment:checking '/home/yolo/eyrc_hb/hb_task1b_ws/install/hb_task_1b/bin'
[6.068s] Level 1:colcon.colcon_core.environment:checking '/home/yolo/eyrc_hb/hb_task1b_ws/install/hb_task_1b/lib/pkgconfig/hb_task_1b.pc'
[6.069s] Level 1:colcon.colcon_core.environment:checking '/home/yolo/eyrc_hb/hb_task1b_ws/install/hb_task_1b/lib/python3.10/site-packages'
[6.069s] Level 1:colcon.colcon_core.shell:create_environment_hook('hb_task_1b', 'pythonpath')
[6.101s] INFO:colcon.colcon_core.shell:Creating environment hook '/home/yolo/eyrc_hb/hb_task1b_ws/install/hb_task_1b/share/hb_task_1b/hook/pythonpath.ps1'
[6.102s] INFO:colcon.colcon_core.shell:Creating environment descriptor '/home/yolo/eyrc_hb/hb_task1b_ws/install/hb_task_1b/share/hb_task_1b/hook/pythonpath.dsv'
[6.103s] INFO:colcon.colcon_core.shell:Creating environment hook '/home/yolo/eyrc_hb/hb_task1b_ws/install/hb_task_1b/share/hb_task_1b/hook/pythonpath.sh'
[6.103s] Level 1:colcon.colcon_core.environment:checking '/home/yolo/eyrc_hb/hb_task1b_ws/install/hb_task_1b/bin'
[6.104s] Level 1:colcon.colcon_core.environment:create_environment_scripts_only(hb_task_1b)
[6.137s] INFO:colcon.colcon_core.shell:Creating package script '/home/yolo/eyrc_hb/hb_task1b_ws/install/hb_task_1b/share/hb_task_1b/package.ps1'
[6.138s] INFO:colcon.colcon_core.shell:Creating package descriptor '/home/yolo/eyrc_hb/hb_task1b_ws/install/hb_task_1b/share/hb_task_1b/package.dsv'
[6.139s] INFO:colcon.colcon_core.shell:Creating package script '/home/yolo/eyrc_hb/hb_task1b_ws/install/hb_task_1b/share/hb_task_1b/package.sh'
[6.139s] INFO:colcon.colcon_core.shell:Creating package script '/home/yolo/eyrc_hb/hb_task1b_ws/install/hb_task_1b/share/hb_task_1b/package.bash'
[6.140s] INFO:colcon.colcon_core.shell:Creating package script '/home/yolo/eyrc_hb/hb_task1b_ws/install/hb_task_1b/share/hb_task_1b/package.zsh'
[6.140s] Level 1:colcon.colcon_core.environment:create_file_with_runtime_dependencies(/home/yolo/eyrc_hb/hb_task1b_ws/install/hb_task_1b/share/colcon-core/packages/hb_task_1b)
[6.141s] DEBUG:colcon.colcon_parallel_executor.executor.parallel:closing loop
[6.142s] DEBUG:colcon.colcon_parallel_executor.executor.parallel:loop closed
[6.142s] DEBUG:colcon.colcon_parallel_executor.executor.parallel:run_until_complete finished with '0'
[6.142s] DEBUG:colcon.colcon_core.event_reactor:joining thread
[6.216s] INFO:colcon.colcon_core.plugin_system:Skipping extension 'colcon_notification.desktop_notification.terminal_notifier': Not used on non-Darwin systems
[6.217s] INFO:colcon.colcon_core.plugin_system:Skipping extension 'colcon_notification.desktop_notification.win32': Not used on non-Windows systems
[6.217s] INFO:colcon.colcon_notification.desktop_notification:Sending desktop notification using 'notify2'
[6.277s] DEBUG:colcon.colcon_core.event_reactor:joined thread
[6.313s] INFO:colcon.colcon_core.shell:Creating prefix script '/home/yolo/eyrc_hb/hb_task1b_ws/install/local_setup.ps1'
[6.315s] INFO:colcon.colcon_core.shell:Creating prefix util module '/home/yolo/eyrc_hb/hb_task1b_ws/install/_local_setup_util_ps1.py'
[6.318s] INFO:colcon.colcon_core.shell:Creating prefix chain script '/home/yolo/eyrc_hb/hb_task1b_ws/install/setup.ps1'
[6.355s] INFO:colcon.colcon_core.shell:Creating prefix script '/home/yolo/eyrc_hb/hb_task1b_ws/install/local_setup.sh'
[6.356s] INFO:colcon.colcon_core.shell:Creating prefix util module '/home/yolo/eyrc_hb/hb_task1b_ws/install/_local_setup_util_sh.py'
[6.357s] INFO:colcon.colcon_core.shell:Creating prefix chain script '/home/yolo/eyrc_hb/hb_task1b_ws/install/setup.sh'
[6.392s] INFO:colcon.colcon_core.shell:Creating prefix script '/home/yolo/eyrc_hb/hb_task1b_ws/install/local_setup.bash'
[6.393s] INFO:colcon.colcon_core.shell:Creating prefix chain script '/home/yolo/eyrc_hb/hb_task1b_ws/install/setup.bash'
[6.428s] INFO:colcon.colcon_core.shell:Creating prefix script '/home/yolo/eyrc_hb/hb_task1b_ws/install/local_setup.zsh'
[6.429s] INFO:colcon.colcon_core.shell:Creating prefix chain script '/home/yolo/eyrc_hb/hb_task1b_ws/install/setup.zsh'
