[5.976s] Invoking command in '/home/yolo/eyrc_hb/hb_task_2_ws/src/eYRC-2023_Hologlyph_Bots/hb_task2a': PYTHONPATH=/home/yolo/eyrc_hb/hb_task_2_ws/build/hb_task2a/prefix_override:/home/yolo/eyrc_hb/hb_task_2_ws/install/hb_task2a/lib/python3.10/site-packages:${PYTHONPATH} /usr/bin/python3 setup.py egg_info --egg-base ../../../build/hb_task2a build --build-base /home/yolo/eyrc_hb/hb_task_2_ws/build/hb_task2a/build install --record /home/yolo/eyrc_hb/hb_task_2_ws/build/hb_task2a/install.log --single-version-externally-managed
[7.139s] running egg_info
[7.142s] writing ../../../build/hb_task2a/hb_task2a.egg-info/PKG-INFO
[7.156s] writing dependency_links to ../../../build/hb_task2a/hb_task2a.egg-info/dependency_links.txt
[7.156s] writing entry points to ../../../build/hb_task2a/hb_task2a.egg-info/entry_points.txt
[7.156s] writing requirements to ../../../build/hb_task2a/hb_task2a.egg-info/requires.txt
[7.156s] writing top-level names to ../../../build/hb_task2a/hb_task2a.egg-info/top_level.txt
[7.164s] reading manifest file '../../../build/hb_task2a/hb_task2a.egg-info/SOURCES.txt'
[7.168s] writing manifest file '../../../build/hb_task2a/hb_task2a.egg-info/SOURCES.txt'
[7.168s] running build
[7.168s] running build_py
[7.171s] running install
[7.172s] running install_lib
[7.180s] running install_data
[7.181s] running install_egg_info
[7.188s] removing '/home/yolo/eyrc_hb/hb_task_2_ws/install/hb_task2a/lib/python3.10/site-packages/hb_task2a-0.0.0-py3.10.egg-info' (and everything under it)
[7.192s] Copying ../../../build/hb_task2a/hb_task2a.egg-info to /home/yolo/eyrc_hb/hb_task_2_ws/install/hb_task2a/lib/python3.10/site-packages/hb_task2a-0.0.0-py3.10.egg-info
[7.207s] running install_scripts
[7.316s] Installing feedback script to /home/yolo/eyrc_hb/hb_task_2_ws/install/hb_task2a/lib/hb_task2a
[7.317s] writing list of installed files to '/home/yolo/eyrc_hb/hb_task_2_ws/build/hb_task2a/install.log'
[7.543s] Invoked command in '/home/yolo/eyrc_hb/hb_task_2_ws/src/eYRC-2023_Hologlyph_Bots/hb_task2a' returned '0': PYTHONPATH=/home/yolo/eyrc_hb/hb_task_2_ws/build/hb_task2a/prefix_override:/home/yolo/eyrc_hb/hb_task_2_ws/install/hb_task2a/lib/python3.10/site-packages:${PYTHONPATH} /usr/bin/python3 setup.py egg_info --egg-base ../../../build/hb_task2a build --build-base /home/yolo/eyrc_hb/hb_task_2_ws/build/hb_task2a/build install --record /home/yolo/eyrc_hb/hb_task_2_ws/build/hb_task2a/install.log --single-version-externally-managed
