[2.190s] Invoking command in '/home/yolo/eyrc_hb/hb_task_2_ws/src/eYRC-2023_Hologlyph_Bots/hb_task2b': PYTHONPATH=/home/yolo/eyrc_hb/hb_task_2_ws/build/hb_task2b/prefix_override:/home/yolo/eyrc_hb/hb_task_2_ws/install/hb_task2b/lib/python3.10/site-packages:${PYTHONPATH} /usr/bin/python3 setup.py egg_info --egg-base ../../../build/hb_task2b build --build-base /home/yolo/eyrc_hb/hb_task_2_ws/build/hb_task2b/build install --record /home/yolo/eyrc_hb/hb_task_2_ws/build/hb_task2b/install.log --single-version-externally-managed
[2.658s] running egg_info
[2.659s] writing ../../../build/hb_task2b/hb_task2b.egg-info/PKG-INFO
[2.659s] writing dependency_links to ../../../build/hb_task2b/hb_task2b.egg-info/dependency_links.txt
[2.660s] writing entry points to ../../../build/hb_task2b/hb_task2b.egg-info/entry_points.txt
[2.660s] writing requirements to ../../../build/hb_task2b/hb_task2b.egg-info/requires.txt
[2.660s] writing top-level names to ../../../build/hb_task2b/hb_task2b.egg-info/top_level.txt
[2.663s] reading manifest file '../../../build/hb_task2b/hb_task2b.egg-info/SOURCES.txt'
[2.665s] writing manifest file '../../../build/hb_task2b/hb_task2b.egg-info/SOURCES.txt'
[2.665s] running build
[2.665s] running build_py
[2.665s] copying hb_task2b/bot_controller.py -> /home/yolo/eyrc_hb/hb_task_2_ws/build/hb_task2b/build/lib/hb_task2b
[2.666s] running install
[2.667s] running install_lib
[2.669s] copying /home/yolo/eyrc_hb/hb_task_2_ws/build/hb_task2b/build/lib/hb_task2b/bot_controller.py -> /home/yolo/eyrc_hb/hb_task_2_ws/install/hb_task2b/lib/python3.10/site-packages/hb_task2b
[2.671s] byte-compiling /home/yolo/eyrc_hb/hb_task_2_ws/install/hb_task2b/lib/python3.10/site-packages/hb_task2b/bot_controller.py to bot_controller.cpython-310.pyc
[2.672s] running install_data
[2.673s] running install_egg_info
[2.676s] removing '/home/yolo/eyrc_hb/hb_task_2_ws/install/hb_task2b/lib/python3.10/site-packages/hb_task2b-0.0.0-py3.10.egg-info' (and everything under it)
[2.677s] Copying ../../../build/hb_task2b/hb_task2b.egg-info to /home/yolo/eyrc_hb/hb_task_2_ws/install/hb_task2b/lib/python3.10/site-packages/hb_task2b-0.0.0-py3.10.egg-info
[2.679s] running install_scripts
[2.716s] Installing controller script to /home/yolo/eyrc_hb/hb_task_2_ws/install/hb_task2b/lib/hb_task2b
[2.717s] Installing controller2 script to /home/yolo/eyrc_hb/hb_task_2_ws/install/hb_task2b/lib/hb_task2b
[2.717s] Installing controller3 script to /home/yolo/eyrc_hb/hb_task_2_ws/install/hb_task2b/lib/hb_task2b
[2.718s] Installing feedback script to /home/yolo/eyrc_hb/hb_task_2_ws/install/hb_task2b/lib/hb_task2b
[2.718s] Installing nextgoalpub script to /home/yolo/eyrc_hb/hb_task_2_ws/install/hb_task2b/lib/hb_task2b
[2.720s] writing list of installed files to '/home/yolo/eyrc_hb/hb_task_2_ws/build/hb_task2b/install.log'
[2.903s] Invoked command in '/home/yolo/eyrc_hb/hb_task_2_ws/src/eYRC-2023_Hologlyph_Bots/hb_task2b' returned '0': PYTHONPATH=/home/yolo/eyrc_hb/hb_task_2_ws/build/hb_task2b/prefix_override:/home/yolo/eyrc_hb/hb_task_2_ws/install/hb_task2b/lib/python3.10/site-packages:${PYTHONPATH} /usr/bin/python3 setup.py egg_info --egg-base ../../../build/hb_task2b build --build-base /home/yolo/eyrc_hb/hb_task_2_ws/build/hb_task2b/build install --record /home/yolo/eyrc_hb/hb_task_2_ws/build/hb_task2b/install.log --single-version-externally-managed
