[2.045s] DEBUG:colcon:Command line arguments: ['/usr/bin/colcon', 'build', '--symlink-install']
[2.045s] DEBUG:colcon:Parsed command line arguments: Namespace(log_base=None, log_level=None, verb_name='build', build_base='build', install_base='install', merge_install=False, symlink_install=True, test_result_base=None, continue_on_error=False, executor='parallel', parallel_workers=4, event_handlers=None, ignore_user_meta=False, metas=['./colcon.meta'], base_paths=['.'], packages_ignore=None, packages_ignore_regex=None, paths=None, packages_up_to=None, packages_up_to_regex=None, packages_above=None, packages_above_and_dependencies=None, packages_above_depth=None, packages_select_by_dep=None, packages_skip_by_dep=None, packages_skip_up_to=None, packages_select_build_failed=False, packages_skip_build_finished=False, packages_select_test_failures=False, packages_skip_test_passed=False, packages_select=None, packages_skip=None, packages_select_regex=None, packages_skip_regex=None, packages_start=None, packages_end=None, allow_overriding=[], cmake_args=None, cmake_target=None, cmake_target_skip_unavailable=False, cmake_clean_cache=False, cmake_clean_first=False, cmake_force_configure=False, ament_cmake_args=None, catkin_cmake_args=None, catkin_skip_building_tests=False, verb_parser=<colcon_defaults.argument_parser.defaults.DefaultArgumentsDecorator object at 0x7fe1b7e8e800>, verb_extension=<colcon_core.verb.build.BuildVerb object at 0x7fe1b7f992a0>, main=<bound method BuildVerb.main of <colcon_core.verb.build.BuildVerb object at 0x7fe1b7f992a0>>)
[2.148s] Level 1:colcon.colcon_core.package_discovery:discover_packages(colcon_meta) check parameters
[2.149s] Level 1:colcon.colcon_core.package_discovery:discover_packages(recursive) check parameters
[2.149s] Level 1:colcon.colcon_core.package_discovery:discover_packages(ignore) check parameters
[2.149s] Level 1:colcon.colcon_core.package_discovery:discover_packages(path) check parameters
[2.149s] Level 1:colcon.colcon_core.package_discovery:discover_packages(colcon_meta) discover
[2.149s] Level 1:colcon.colcon_core.package_discovery:discover_packages(recursive) discover
[2.149s] INFO:colcon.colcon_core.package_discovery:Crawling recursively for packages in '/home/yolo/eyrc_hb/hb_task_1a_ws'
[2.149s] Level 1:colcon.colcon_core.package_identification:_identify(.) by extensions ['ignore', 'ignore_ament_install']
[2.149s] Level 1:colcon.colcon_core.package_identification:_identify(.) by extension 'ignore'
[2.150s] Level 1:colcon.colcon_core.package_identification:_identify(.) by extension 'ignore_ament_install'
[2.150s] Level 1:colcon.colcon_core.package_identification:_identify(.) by extensions ['colcon_pkg']
[2.150s] Level 1:colcon.colcon_core.package_identification:_identify(.) by extension 'colcon_pkg'
[2.150s] Level 1:colcon.colcon_core.package_identification:_identify(.) by extensions ['colcon_meta']
[2.150s] Level 1:colcon.colcon_core.package_identification:_identify(.) by extension 'colcon_meta'
[2.150s] Level 1:colcon.colcon_core.package_identification:_identify(.) by extensions ['ros']
[2.150s] Level 1:colcon.colcon_core.package_identification:_identify(.) by extension 'ros'
[2.177s] Level 1:colcon.colcon_core.package_identification:_identify(.) by extensions ['cmake', 'python']
[2.177s] Level 1:colcon.colcon_core.package_identification:_identify(.) by extension 'cmake'
[2.177s] Level 1:colcon.colcon_core.package_identification:_identify(.) by extension 'python'
[2.177s] Level 1:colcon.colcon_core.package_identification:_identify(.) by extensions ['python_setup_py']
[2.177s] Level 1:colcon.colcon_core.package_identification:_identify(.) by extension 'python_setup_py'
[2.177s] Level 1:colcon.colcon_core.package_identification:_identify(build) by extensions ['ignore', 'ignore_ament_install']
[2.178s] Level 1:colcon.colcon_core.package_identification:_identify(build) by extension 'ignore'
[2.178s] Level 1:colcon.colcon_core.package_identification:_identify(build) ignored
[2.178s] Level 1:colcon.colcon_core.package_identification:_identify(install) by extensions ['ignore', 'ignore_ament_install']
[2.178s] Level 1:colcon.colcon_core.package_identification:_identify(install) by extension 'ignore'
[2.178s] Level 1:colcon.colcon_core.package_identification:_identify(install) ignored
[2.179s] Level 1:colcon.colcon_core.package_identification:_identify(log) by extensions ['ignore', 'ignore_ament_install']
[2.179s] Level 1:colcon.colcon_core.package_identification:_identify(log) by extension 'ignore'
[2.179s] Level 1:colcon.colcon_core.package_identification:_identify(log) ignored
[2.179s] Level 1:colcon.colcon_core.package_identification:_identify(src) by extensions ['ignore', 'ignore_ament_install']
[2.179s] Level 1:colcon.colcon_core.package_identification:_identify(src) by extension 'ignore'
[2.179s] Level 1:colcon.colcon_core.package_identification:_identify(src) by extension 'ignore_ament_install'
[2.180s] Level 1:colcon.colcon_core.package_identification:_identify(src) by extensions ['colcon_pkg']
[2.180s] Level 1:colcon.colcon_core.package_identification:_identify(src) by extension 'colcon_pkg'
[2.180s] Level 1:colcon.colcon_core.package_identification:_identify(src) by extensions ['colcon_meta']
[2.180s] Level 1:colcon.colcon_core.package_identification:_identify(src) by extension 'colcon_meta'
[2.180s] Level 1:colcon.colcon_core.package_identification:_identify(src) by extensions ['ros']
[2.180s] Level 1:colcon.colcon_core.package_identification:_identify(src) by extension 'ros'
[2.180s] Level 1:colcon.colcon_core.package_identification:_identify(src) by extensions ['cmake', 'python']
[2.180s] Level 1:colcon.colcon_core.package_identification:_identify(src) by extension 'cmake'
[2.180s] Level 1:colcon.colcon_core.package_identification:_identify(src) by extension 'python'
[2.180s] Level 1:colcon.colcon_core.package_identification:_identify(src) by extensions ['python_setup_py']
[2.180s] Level 1:colcon.colcon_core.package_identification:_identify(src) by extension 'python_setup_py'
[2.180s] Level 1:colcon.colcon_core.package_identification:_identify(src/hb_task_1a) by extensions ['ignore', 'ignore_ament_install']
[2.181s] Level 1:colcon.colcon_core.package_identification:_identify(src/hb_task_1a) by extension 'ignore'
[2.181s] Level 1:colcon.colcon_core.package_identification:_identify(src/hb_task_1a) by extension 'ignore_ament_install'
[2.181s] Level 1:colcon.colcon_core.package_identification:_identify(src/hb_task_1a) by extensions ['colcon_pkg']
[2.181s] Level 1:colcon.colcon_core.package_identification:_identify(src/hb_task_1a) by extension 'colcon_pkg'
[2.181s] Level 1:colcon.colcon_core.package_identification:_identify(src/hb_task_1a) by extensions ['colcon_meta']
[2.181s] Level 1:colcon.colcon_core.package_identification:_identify(src/hb_task_1a) by extension 'colcon_meta'
[2.181s] Level 1:colcon.colcon_core.package_identification:_identify(src/hb_task_1a) by extensions ['ros']
[2.181s] Level 1:colcon.colcon_core.package_identification:_identify(src/hb_task_1a) by extension 'ros'
[2.187s] DEBUG:colcon.colcon_core.package_identification:Package 'src/hb_task_1a' with type 'ros.ament_python' and name 'hb_task_1a'
[2.187s] Level 1:colcon.colcon_core.package_discovery:discover_packages(recursive) using defaults
[2.187s] Level 1:colcon.colcon_core.package_discovery:discover_packages(ignore) discover
[2.187s] Level 1:colcon.colcon_core.package_discovery:discover_packages(ignore) using defaults
[2.187s] Level 1:colcon.colcon_core.package_discovery:discover_packages(path) discover
[2.187s] Level 1:colcon.colcon_core.package_discovery:discover_packages(path) using defaults
[2.372s] Level 1:colcon.colcon_core.package_discovery:discover_packages(prefix_path) check parameters
[2.372s] Level 1:colcon.colcon_core.package_discovery:discover_packages(prefix_path) discover
[2.435s] DEBUG:colcon.colcon_installed_package_information.package_discovery:Found 0 installed packages in /home/yolo/ros2_ws/install
[2.463s] DEBUG:colcon.colcon_installed_package_information.package_discovery:Found 1 installed packages in /home/yolo/eyrc_hb/hb_task_1a_ws/install
[2.494s] DEBUG:colcon.colcon_installed_package_information.package_discovery:Found 276 installed packages in /opt/ros/humble
[2.506s] Level 1:colcon.colcon_core.package_discovery:discover_packages(prefix_path) using defaults
[2.739s] Level 5:colcon.colcon_core.verb:set package 'hb_task_1a' build argument 'cmake_args' from command line to 'None'
[2.739s] Level 5:colcon.colcon_core.verb:set package 'hb_task_1a' build argument 'cmake_target' from command line to 'None'
[2.739s] Level 5:colcon.colcon_core.verb:set package 'hb_task_1a' build argument 'cmake_target_skip_unavailable' from command line to 'False'
[2.739s] Level 5:colcon.colcon_core.verb:set package 'hb_task_1a' build argument 'cmake_clean_cache' from command line to 'False'
[2.739s] Level 5:colcon.colcon_core.verb:set package 'hb_task_1a' build argument 'cmake_clean_first' from command line to 'False'
[2.739s] Level 5:colcon.colcon_core.verb:set package 'hb_task_1a' build argument 'cmake_force_configure' from command line to 'False'
[2.739s] Level 5:colcon.colcon_core.verb:set package 'hb_task_1a' build argument 'ament_cmake_args' from command line to 'None'
[2.740s] Level 5:colcon.colcon_core.verb:set package 'hb_task_1a' build argument 'catkin_cmake_args' from command line to 'None'
[2.740s] Level 5:colcon.colcon_core.verb:set package 'hb_task_1a' build argument 'catkin_skip_building_tests' from command line to 'False'
[2.740s] DEBUG:colcon.colcon_core.verb:Building package 'hb_task_1a' with the following arguments: {'ament_cmake_args': None, 'build_base': '/home/yolo/eyrc_hb/hb_task_1a_ws/build/hb_task_1a', 'catkin_cmake_args': None, 'catkin_skip_building_tests': False, 'cmake_args': None, 'cmake_clean_cache': False, 'cmake_clean_first': False, 'cmake_force_configure': False, 'cmake_target': None, 'cmake_target_skip_unavailable': False, 'install_base': '/home/yolo/eyrc_hb/hb_task_1a_ws/install/hb_task_1a', 'merge_install': False, 'path': '/home/yolo/eyrc_hb/hb_task_1a_ws/src/hb_task_1a', 'symlink_install': True, 'test_result_base': None}
[2.767s] INFO:colcon.colcon_core.executor:Executing jobs using 'parallel' executor
[2.798s] DEBUG:colcon.colcon_parallel_executor.executor.parallel:run_until_complete
[2.799s] INFO:colcon.colcon_ros.task.ament_python.build:Building ROS package in '/home/yolo/eyrc_hb/hb_task_1a_ws/src/hb_task_1a' with build type 'ament_python'
[2.799s] Level 1:colcon.colcon_core.shell:create_environment_hook('hb_task_1a', 'ament_prefix_path')
[2.840s] INFO:colcon.colcon_core.plugin_system:Skipping extension 'colcon_core.shell.bat': Not used on non-Windows systems
[2.841s] INFO:colcon.colcon_core.shell:Creating environment hook '/home/yolo/eyrc_hb/hb_task_1a_ws/install/hb_task_1a/share/hb_task_1a/hook/ament_prefix_path.ps1'
[2.843s] INFO:colcon.colcon_core.shell:Creating environment descriptor '/home/yolo/eyrc_hb/hb_task_1a_ws/install/hb_task_1a/share/hb_task_1a/hook/ament_prefix_path.dsv'
[2.844s] INFO:colcon.colcon_core.shell:Creating environment hook '/home/yolo/eyrc_hb/hb_task_1a_ws/install/hb_task_1a/share/hb_task_1a/hook/ament_prefix_path.sh'
[2.871s] INFO:colcon.colcon_core.shell:Skip shell extension 'powershell' for command environment: Not usable outside of PowerShell
[2.872s] DEBUG:colcon.colcon_core.shell:Skip shell extension 'dsv' for command environment
[3.517s] INFO:colcon.colcon_core.task.python.build:Building Python package in '/home/yolo/eyrc_hb/hb_task_1a_ws/src/hb_task_1a'
[3.547s] INFO:colcon.colcon_core.shell:Skip shell extension 'powershell' for command environment: Not usable outside of PowerShell
[3.548s] DEBUG:colcon.colcon_core.shell:Skip shell extension 'dsv' for command environment
[4.359s] DEBUG:colcon.colcon_core.task.python.build:While undoing a previous installation files outside the Python library path are being ignored: /home/yolo/eyrc_hb/hb_task_1a_ws/install/hb_task_1a/share/ament_index/resource_index/packages/hb_task_1a
[4.359s] DEBUG:colcon.colcon_core.task.python.build:While undoing a previous installation files outside the Python library path are being ignored: /home/yolo/eyrc_hb/hb_task_1a_ws/install/hb_task_1a/share/hb_task_1a/package.xml
[4.360s] DEBUG:colcon.colcon_core.task.python.build:While undoing a previous installation files outside the Python library path are being ignored: /home/yolo/eyrc_hb/hb_task_1a_ws/install/hb_task_1a/lib/hb_task_1a/draw_circle
[4.360s] DEBUG:colcon.colcon_core.task.python.build:While undoing a previous installation files outside the Python library path are being ignored: /home/yolo/eyrc_hb/hb_task_1a_ws/install/hb_task_1a/lib/hb_task_1a/sub
[4.364s] DEBUG:colcon.colcon_core.event_handler.log_command:Invoking command in '/home/yolo/eyrc_hb/hb_task_1a_ws/build/hb_task_1a': PYTHONPATH=/home/yolo/eyrc_hb/hb_task_1a_ws/build/hb_task_1a/prefix_override:/home/yolo/eyrc_hb/hb_task_1a_ws/install/hb_task_1a/lib/python3.10/site-packages:${PYTHONPATH} /usr/bin/python3 setup.py develop --editable --build-directory /home/yolo/eyrc_hb/hb_task_1a_ws/build/hb_task_1a/build --no-deps install_data
[5.290s] Level 1:colcon.colcon_core.shell:create_environment_hook('hb_task_1a', 'pythonpath_develop')
[5.291s] DEBUG:colcon.colcon_core.event_handler.log_command:Invoked command in '/home/yolo/eyrc_hb/hb_task_1a_ws/build/hb_task_1a' returned '0': PYTHONPATH=/home/yolo/eyrc_hb/hb_task_1a_ws/build/hb_task_1a/prefix_override:/home/yolo/eyrc_hb/hb_task_1a_ws/install/hb_task_1a/lib/python3.10/site-packages:${PYTHONPATH} /usr/bin/python3 setup.py develop --editable --build-directory /home/yolo/eyrc_hb/hb_task_1a_ws/build/hb_task_1a/build --no-deps install_data
[5.342s] INFO:colcon.colcon_core.shell:Creating environment hook '/home/yolo/eyrc_hb/hb_task_1a_ws/build/hb_task_1a/share/hb_task_1a/hook/pythonpath_develop.ps1'
[5.349s] INFO:colcon.colcon_core.shell:Creating environment descriptor '/home/yolo/eyrc_hb/hb_task_1a_ws/build/hb_task_1a/share/hb_task_1a/hook/pythonpath_develop.dsv'
[5.350s] INFO:colcon.colcon_core.shell:Creating environment hook '/home/yolo/eyrc_hb/hb_task_1a_ws/build/hb_task_1a/share/hb_task_1a/hook/pythonpath_develop.sh'
[5.385s] Level 1:colcon.colcon_core.environment:checking '/home/yolo/eyrc_hb/hb_task_1a_ws/install/hb_task_1a' for CMake module files
[5.386s] Level 1:colcon.colcon_core.environment:checking '/home/yolo/eyrc_hb/hb_task_1a_ws/install/hb_task_1a' for CMake config files
[5.387s] Level 1:colcon.colcon_core.environment:checking '/home/yolo/eyrc_hb/hb_task_1a_ws/install/hb_task_1a/lib'
[5.387s] Level 1:colcon.colcon_core.environment:checking '/home/yolo/eyrc_hb/hb_task_1a_ws/install/hb_task_1a/bin'
[5.387s] Level 1:colcon.colcon_core.environment:checking '/home/yolo/eyrc_hb/hb_task_1a_ws/install/hb_task_1a/lib/pkgconfig/hb_task_1a.pc'
[5.388s] Level 1:colcon.colcon_core.environment:checking '/home/yolo/eyrc_hb/hb_task_1a_ws/install/hb_task_1a/lib/python3.10/site-packages'
[5.388s] Level 1:colcon.colcon_core.shell:create_environment_hook('hb_task_1a', 'pythonpath')
[5.417s] INFO:colcon.colcon_core.shell:Creating environment hook '/home/yolo/eyrc_hb/hb_task_1a_ws/install/hb_task_1a/share/hb_task_1a/hook/pythonpath.ps1'
[5.418s] INFO:colcon.colcon_core.shell:Creating environment descriptor '/home/yolo/eyrc_hb/hb_task_1a_ws/install/hb_task_1a/share/hb_task_1a/hook/pythonpath.dsv'
[5.419s] INFO:colcon.colcon_core.shell:Creating environment hook '/home/yolo/eyrc_hb/hb_task_1a_ws/install/hb_task_1a/share/hb_task_1a/hook/pythonpath.sh'
[5.420s] Level 1:colcon.colcon_core.environment:checking '/home/yolo/eyrc_hb/hb_task_1a_ws/install/hb_task_1a/bin'
[5.420s] Level 1:colcon.colcon_core.environment:create_environment_scripts_only(hb_task_1a)
[5.450s] INFO:colcon.colcon_core.shell:Creating package script '/home/yolo/eyrc_hb/hb_task_1a_ws/install/hb_task_1a/share/hb_task_1a/package.ps1'
[5.452s] INFO:colcon.colcon_core.shell:Creating package descriptor '/home/yolo/eyrc_hb/hb_task_1a_ws/install/hb_task_1a/share/hb_task_1a/package.dsv'
[5.453s] INFO:colcon.colcon_core.shell:Creating package script '/home/yolo/eyrc_hb/hb_task_1a_ws/install/hb_task_1a/share/hb_task_1a/package.sh'
[5.454s] INFO:colcon.colcon_core.shell:Creating package script '/home/yolo/eyrc_hb/hb_task_1a_ws/install/hb_task_1a/share/hb_task_1a/package.bash'
[5.456s] INFO:colcon.colcon_core.shell:Creating package script '/home/yolo/eyrc_hb/hb_task_1a_ws/install/hb_task_1a/share/hb_task_1a/package.zsh'
[5.457s] Level 1:colcon.colcon_core.environment:create_file_with_runtime_dependencies(/home/yolo/eyrc_hb/hb_task_1a_ws/install/hb_task_1a/share/colcon-core/packages/hb_task_1a)
[5.458s] DEBUG:colcon.colcon_parallel_executor.executor.parallel:closing loop
[5.459s] DEBUG:colcon.colcon_parallel_executor.executor.parallel:loop closed
[5.459s] DEBUG:colcon.colcon_parallel_executor.executor.parallel:run_until_complete finished with '0'
[5.459s] DEBUG:colcon.colcon_core.event_reactor:joining thread
[5.507s] INFO:colcon.colcon_core.plugin_system:Skipping extension 'colcon_notification.desktop_notification.terminal_notifier': Not used on non-Darwin systems
[5.507s] INFO:colcon.colcon_core.plugin_system:Skipping extension 'colcon_notification.desktop_notification.win32': Not used on non-Windows systems
[5.508s] INFO:colcon.colcon_notification.desktop_notification:Sending desktop notification using 'notify2'
[5.563s] DEBUG:colcon.colcon_core.event_reactor:joined thread
[5.597s] INFO:colcon.colcon_core.shell:Creating prefix script '/home/yolo/eyrc_hb/hb_task_1a_ws/install/local_setup.ps1'
[5.600s] INFO:colcon.colcon_core.shell:Creating prefix util module '/home/yolo/eyrc_hb/hb_task_1a_ws/install/_local_setup_util_ps1.py'
[5.603s] INFO:colcon.colcon_core.shell:Creating prefix chain script '/home/yolo/eyrc_hb/hb_task_1a_ws/install/setup.ps1'
[5.634s] INFO:colcon.colcon_core.shell:Creating prefix script '/home/yolo/eyrc_hb/hb_task_1a_ws/install/local_setup.sh'
[5.636s] INFO:colcon.colcon_core.shell:Creating prefix util module '/home/yolo/eyrc_hb/hb_task_1a_ws/install/_local_setup_util_sh.py'
[5.636s] INFO:colcon.colcon_core.shell:Creating prefix chain script '/home/yolo/eyrc_hb/hb_task_1a_ws/install/setup.sh'
[5.669s] INFO:colcon.colcon_core.shell:Creating prefix script '/home/yolo/eyrc_hb/hb_task_1a_ws/install/local_setup.bash'
[5.670s] INFO:colcon.colcon_core.shell:Creating prefix chain script '/home/yolo/eyrc_hb/hb_task_1a_ws/install/setup.bash'
[5.703s] INFO:colcon.colcon_core.shell:Creating prefix script '/home/yolo/eyrc_hb/hb_task_1a_ws/install/local_setup.zsh'
[5.704s] INFO:colcon.colcon_core.shell:Creating prefix chain script '/home/yolo/eyrc_hb/hb_task_1a_ws/install/setup.zsh'
