[1.566s] Invoking command in '/home/yolo/eyrc_hb/hb_task_2_ws/build/hb_world': CMAKE_PREFIX_PATH=${CMAKE_PREFIX_PATH}:/home/yolo/eyrc_hb/hb_task1b_ws/install/hb_task_1b:/opt/ros/humble /usr/bin/cmake --build /home/yolo/eyrc_hb/hb_task_2_ws/build/hb_world -- -j4 -l4
[1.703s] Invoked command in '/home/yolo/eyrc_hb/hb_task_2_ws/build/hb_world' returned '0': CMAKE_PREFIX_PATH=${CMAKE_PREFIX_PATH}:/home/yolo/eyrc_hb/hb_task1b_ws/install/hb_task_1b:/opt/ros/humble /usr/bin/cmake --build /home/yolo/eyrc_hb/hb_task_2_ws/build/hb_world -- -j4 -l4
[1.876s] Invoking command in '/home/yolo/eyrc_hb/hb_task_2_ws/build/hb_world': CMAKE_PREFIX_PATH=${CMAKE_PREFIX_PATH}:/home/yolo/eyrc_hb/hb_task1b_ws/install/hb_task_1b:/opt/ros/humble /usr/bin/cmake --install /home/yolo/eyrc_hb/hb_task_2_ws/build/hb_world
[1.901s] -- Install configuration: ""
[1.902s] -- Up-to-date: /home/yolo/eyrc_hb/hb_task_2_ws/install/hb_world/share/hb_world//launch
[1.902s] -- Up-to-date: /home/yolo/eyrc_hb/hb_task_2_ws/install/hb_world/share/hb_world//launch/world.launch.py
[1.902s] -- Up-to-date: /home/yolo/eyrc_hb/hb_task_2_ws/install/hb_world/share/hb_world//worlds
[1.902s] -- Up-to-date: /home/yolo/eyrc_hb/hb_task_2_ws/install/hb_world/share/hb_world//worlds/gazebo.world
[1.902s] -- Up-to-date: /home/yolo/eyrc_hb/hb_task_2_ws/install/hb_world/share/hb_world//models
[1.903s] -- Up-to-date: /home/yolo/eyrc_hb/hb_task_2_ws/install/hb_world/share/hb_world//models/e_camera
[1.903s] -- Up-to-date: /home/yolo/eyrc_hb/hb_task_2_ws/install/hb_world/share/hb_world//models/e_camera/model.config
[1.903s] -- Up-to-date: /home/yolo/eyrc_hb/hb_task_2_ws/install/hb_world/share/hb_world//models/e_camera/model.sdf
[1.903s] -- Up-to-date: /home/yolo/eyrc_hb/hb_task_2_ws/install/hb_world/share/hb_world//models/e_camera/meshes
[1.904s] -- Up-to-date: /home/yolo/eyrc_hb/hb_task_2_ws/install/hb_world/share/hb_world//models/e_camera/meshes/camera.dae
[1.904s] -- Up-to-date: /home/yolo/eyrc_hb/hb_task_2_ws/install/hb_world/share/hb_world//models/e_camera/meshes/17eyantra_logo_large e.png
[1.904s] -- Up-to-date: /home/yolo/eyrc_hb/hb_task_2_ws/install/hb_world/share/hb_world//models/ground_surface
[1.904s] -- Up-to-date: /home/yolo/eyrc_hb/hb_task_2_ws/install/hb_world/share/hb_world//models/ground_surface/model.config
[1.904s] -- Up-to-date: /home/yolo/eyrc_hb/hb_task_2_ws/install/hb_world/share/hb_world//models/ground_surface/model.sdf
[1.904s] -- Up-to-date: /home/yolo/eyrc_hb/hb_task_2_ws/install/hb_world/share/hb_world//models/ground_surface/meshes
[1.905s] -- Up-to-date: /home/yolo/eyrc_hb/hb_task_2_ws/install/hb_world/share/hb_world//models/ground_surface/meshes/geoglyph.jpg
[1.905s] -- Up-to-date: /home/yolo/eyrc_hb/hb_task_2_ws/install/hb_world/share/hb_world//models/ground_surface/meshes/ground_surface.dae
[1.905s] -- Up-to-date: /home/yolo/eyrc_hb/hb_task_2_ws/install/hb_world/share/hb_world//models/arena
[1.905s] -- Up-to-date: /home/yolo/eyrc_hb/hb_task_2_ws/install/hb_world/share/hb_world//models/arena/model.config
[1.905s] -- Up-to-date: /home/yolo/eyrc_hb/hb_task_2_ws/install/hb_world/share/hb_world//models/arena/model.sdf
[1.906s] -- Up-to-date: /home/yolo/eyrc_hb/hb_task_2_ws/install/hb_world/share/hb_world//models/arena/meshes
[1.906s] -- Up-to-date: /home/yolo/eyrc_hb/hb_task_2_ws/install/hb_world/share/hb_world//models/arena/meshes/arena.dae
[1.906s] -- Up-to-date: /home/yolo/eyrc_hb/hb_task_2_ws/install/hb_world/share/hb_world//models/arena/meshes/arena.jpg
[1.906s] -- Up-to-date: /home/yolo/eyrc_hb/hb_task_2_ws/install/hb_world/share/ament_index/resource_index/package_run_dependencies/hb_world
[1.906s] -- Up-to-date: /home/yolo/eyrc_hb/hb_task_2_ws/install/hb_world/share/ament_index/resource_index/parent_prefix_path/hb_world
[1.907s] -- Up-to-date: /home/yolo/eyrc_hb/hb_task_2_ws/install/hb_world/share/hb_world/environment/ament_prefix_path.sh
[1.907s] -- Up-to-date: /home/yolo/eyrc_hb/hb_task_2_ws/install/hb_world/share/hb_world/environment/ament_prefix_path.dsv
[1.907s] -- Up-to-date: /home/yolo/eyrc_hb/hb_task_2_ws/install/hb_world/share/hb_world/environment/path.sh
[1.907s] -- Up-to-date: /home/yolo/eyrc_hb/hb_task_2_ws/install/hb_world/share/hb_world/environment/path.dsv
[1.907s] -- Up-to-date: /home/yolo/eyrc_hb/hb_task_2_ws/install/hb_world/share/hb_world/local_setup.bash
[1.907s] -- Up-to-date: /home/yolo/eyrc_hb/hb_task_2_ws/install/hb_world/share/hb_world/local_setup.sh
[1.908s] -- Up-to-date: /home/yolo/eyrc_hb/hb_task_2_ws/install/hb_world/share/hb_world/local_setup.zsh
[1.921s] -- Up-to-date: /home/yolo/eyrc_hb/hb_task_2_ws/install/hb_world/share/hb_world/local_setup.dsv
[1.922s] -- Up-to-date: /home/yolo/eyrc_hb/hb_task_2_ws/install/hb_world/share/hb_world/package.dsv
[1.922s] -- Up-to-date: /home/yolo/eyrc_hb/hb_task_2_ws/install/hb_world/share/ament_index/resource_index/packages/hb_world
[1.922s] -- Up-to-date: /home/yolo/eyrc_hb/hb_task_2_ws/install/hb_world/share/hb_world/cmake/hb_worldConfig.cmake
[1.922s] -- Up-to-date: /home/yolo/eyrc_hb/hb_task_2_ws/install/hb_world/share/hb_world/cmake/hb_worldConfig-version.cmake
[1.923s] -- Up-to-date: /home/yolo/eyrc_hb/hb_task_2_ws/install/hb_world/share/hb_world/package.xml
[1.923s] Invoked command in '/home/yolo/eyrc_hb/hb_task_2_ws/build/hb_world' returned '0': CMAKE_PREFIX_PATH=${CMAKE_PREFIX_PATH}:/home/yolo/eyrc_hb/hb_task1b_ws/install/hb_task_1b:/opt/ros/humble /usr/bin/cmake --install /home/yolo/eyrc_hb/hb_task_2_ws/build/hb_world
