[2.474s] Invoking command in '/home/yolo/eyrc_hb/hb_task_2_ws/build/hb_world': CMAKE_PREFIX_PATH=${CMAKE_PREFIX_PATH}:/home/yolo/eyrc_hb/hb_task_2_ws/install/hb_task2b:/home/yolo/eyrc_hb/hb_task_2_ws/install/hb_task2a:/home/yolo/eyrc_hb/hb_task1b_ws/install/hb_task_1b:/opt/ros/humble /usr/bin/cmake --build /home/yolo/eyrc_hb/hb_task_2_ws/build/hb_world -- -j4 -l4
[2.790s] Invoked command in '/home/yolo/eyrc_hb/hb_task_2_ws/build/hb_world' returned '0': CMAKE_PREFIX_PATH=${CMAKE_PREFIX_PATH}:/home/yolo/eyrc_hb/hb_task_2_ws/install/hb_task2b:/home/yolo/eyrc_hb/hb_task_2_ws/install/hb_task2a:/home/yolo/eyrc_hb/hb_task1b_ws/install/hb_task_1b:/opt/ros/humble /usr/bin/cmake --build /home/yolo/eyrc_hb/hb_task_2_ws/build/hb_world -- -j4 -l4
[3.189s] Invoking command in '/home/yolo/eyrc_hb/hb_task_2_ws/build/hb_world': CMAKE_PREFIX_PATH=${CMAKE_PREFIX_PATH}:/home/yolo/eyrc_hb/hb_task_2_ws/install/hb_task2b:/home/yolo/eyrc_hb/hb_task_2_ws/install/hb_task2a:/home/yolo/eyrc_hb/hb_task1b_ws/install/hb_task_1b:/opt/ros/humble /usr/bin/cmake --install /home/yolo/eyrc_hb/hb_task_2_ws/build/hb_world
[3.255s] -- Install configuration: ""
[3.256s] -- Up-to-date: /home/yolo/eyrc_hb/hb_task_2_ws/install/hb_world/share/hb_world//launch
[3.256s] -- Up-to-date: /home/yolo/eyrc_hb/hb_task_2_ws/install/hb_world/share/hb_world//launch/world.launch.py
[3.256s] -- Up-to-date: /home/yolo/eyrc_hb/hb_task_2_ws/install/hb_world/share/hb_world//worlds
[3.256s] -- Up-to-date: /home/yolo/eyrc_hb/hb_task_2_ws/install/hb_world/share/hb_world//worlds/gazebo.world
[3.256s] -- Up-to-date: /home/yolo/eyrc_hb/hb_task_2_ws/install/hb_world/share/hb_world//models
[3.256s] -- Up-to-date: /home/yolo/eyrc_hb/hb_task_2_ws/install/hb_world/share/hb_world//models/e_camera
[3.257s] -- Up-to-date: /home/yolo/eyrc_hb/hb_task_2_ws/install/hb_world/share/hb_world//models/e_camera/model.config
[3.257s] -- Up-to-date: /home/yolo/eyrc_hb/hb_task_2_ws/install/hb_world/share/hb_world//models/e_camera/model.sdf
[3.257s] -- Up-to-date: /home/yolo/eyrc_hb/hb_task_2_ws/install/hb_world/share/hb_world//models/e_camera/meshes
[3.258s] -- Up-to-date: /home/yolo/eyrc_hb/hb_task_2_ws/install/hb_world/share/hb_world//models/e_camera/meshes/camera.dae
[3.258s] -- Up-to-date: /home/yolo/eyrc_hb/hb_task_2_ws/install/hb_world/share/hb_world//models/e_camera/meshes/17eyantra_logo_large e.png
[3.258s] -- Up-to-date: /home/yolo/eyrc_hb/hb_task_2_ws/install/hb_world/share/hb_world//models/ground_surface
[3.259s] -- Up-to-date: /home/yolo/eyrc_hb/hb_task_2_ws/install/hb_world/share/hb_world//models/ground_surface/model.config
[3.259s] -- Up-to-date: /home/yolo/eyrc_hb/hb_task_2_ws/install/hb_world/share/hb_world//models/ground_surface/model.sdf
[3.259s] -- Up-to-date: /home/yolo/eyrc_hb/hb_task_2_ws/install/hb_world/share/hb_world//models/ground_surface/meshes
[3.259s] -- Up-to-date: /home/yolo/eyrc_hb/hb_task_2_ws/install/hb_world/share/hb_world//models/ground_surface/meshes/geoglyph.jpg
[3.259s] -- Up-to-date: /home/yolo/eyrc_hb/hb_task_2_ws/install/hb_world/share/hb_world//models/ground_surface/meshes/ground_surface.dae
[3.259s] -- Up-to-date: /home/yolo/eyrc_hb/hb_task_2_ws/install/hb_world/share/hb_world//models/arena
[3.260s] -- Up-to-date: /home/yolo/eyrc_hb/hb_task_2_ws/install/hb_world/share/hb_world//models/arena/model.config
[3.260s] -- Up-to-date: /home/yolo/eyrc_hb/hb_task_2_ws/install/hb_world/share/hb_world//models/arena/model.sdf
[3.260s] -- Up-to-date: /home/yolo/eyrc_hb/hb_task_2_ws/install/hb_world/share/hb_world//models/arena/meshes
[3.260s] -- Up-to-date: /home/yolo/eyrc_hb/hb_task_2_ws/install/hb_world/share/hb_world//models/arena/meshes/arena.dae
[3.260s] -- Up-to-date: /home/yolo/eyrc_hb/hb_task_2_ws/install/hb_world/share/hb_world//models/arena/meshes/arena.jpg
[3.261s] -- Up-to-date: /home/yolo/eyrc_hb/hb_task_2_ws/install/hb_world/share/ament_index/resource_index/package_run_dependencies/hb_world
[3.261s] -- Up-to-date: /home/yolo/eyrc_hb/hb_task_2_ws/install/hb_world/share/ament_index/resource_index/parent_prefix_path/hb_world
[3.261s] -- Up-to-date: /home/yolo/eyrc_hb/hb_task_2_ws/install/hb_world/share/hb_world/environment/ament_prefix_path.sh
[3.261s] -- Up-to-date: /home/yolo/eyrc_hb/hb_task_2_ws/install/hb_world/share/hb_world/environment/ament_prefix_path.dsv
[3.261s] -- Up-to-date: /home/yolo/eyrc_hb/hb_task_2_ws/install/hb_world/share/hb_world/environment/path.sh
[3.261s] -- Up-to-date: /home/yolo/eyrc_hb/hb_task_2_ws/install/hb_world/share/hb_world/environment/path.dsv
[3.261s] -- Up-to-date: /home/yolo/eyrc_hb/hb_task_2_ws/install/hb_world/share/hb_world/local_setup.bash
[3.262s] -- Up-to-date: /home/yolo/eyrc_hb/hb_task_2_ws/install/hb_world/share/hb_world/local_setup.sh
[3.262s] -- Up-to-date: /home/yolo/eyrc_hb/hb_task_2_ws/install/hb_world/share/hb_world/local_setup.zsh
[3.262s] -- Up-to-date: /home/yolo/eyrc_hb/hb_task_2_ws/install/hb_world/share/hb_world/local_setup.dsv
[3.262s] -- Installing: /home/yolo/eyrc_hb/hb_task_2_ws/install/hb_world/share/hb_world/package.dsv
[3.262s] -- Up-to-date: /home/yolo/eyrc_hb/hb_task_2_ws/install/hb_world/share/ament_index/resource_index/packages/hb_world
[3.265s] -- Up-to-date: /home/yolo/eyrc_hb/hb_task_2_ws/install/hb_world/share/hb_world/cmake/hb_worldConfig.cmake
[3.266s] -- Up-to-date: /home/yolo/eyrc_hb/hb_task_2_ws/install/hb_world/share/hb_world/cmake/hb_worldConfig-version.cmake
[3.266s] -- Up-to-date: /home/yolo/eyrc_hb/hb_task_2_ws/install/hb_world/share/hb_world/package.xml
[3.282s] Invoked command in '/home/yolo/eyrc_hb/hb_task_2_ws/build/hb_world' returned '0': CMAKE_PREFIX_PATH=${CMAKE_PREFIX_PATH}:/home/yolo/eyrc_hb/hb_task_2_ws/install/hb_task2b:/home/yolo/eyrc_hb/hb_task_2_ws/install/hb_task2a:/home/yolo/eyrc_hb/hb_task1b_ws/install/hb_task_1b:/opt/ros/humble /usr/bin/cmake --install /home/yolo/eyrc_hb/hb_task_2_ws/build/hb_world
