[2.095s] Invoking command in '/home/yolo/eyrc_hb/hb_task_2_ws/src/eYRC-2023_Hologlyph_Bots/hb_task2b': PYTHONPATH=/home/yolo/eyrc_hb/hb_task_2_ws/build/hb_task2b/prefix_override:/home/yolo/eyrc_hb/hb_task_2_ws/install/hb_task2b/lib/python3.10/site-packages:${PYTHONPATH} /usr/bin/python3 setup.py egg_info --egg-base ../../../build/hb_task2b build --build-base /home/yolo/eyrc_hb/hb_task_2_ws/build/hb_task2b/build install --record /home/yolo/eyrc_hb/hb_task_2_ws/build/hb_task2b/install.log --single-version-externally-managed
[2.634s] running egg_info
[2.635s] writing ../../../build/hb_task2b/hb_task2b.egg-info/PKG-INFO
[2.636s] writing dependency_links to ../../../build/hb_task2b/hb_task2b.egg-info/dependency_links.txt
[2.636s] writing entry points to ../../../build/hb_task2b/hb_task2b.egg-info/entry_points.txt
[2.636s] writing requirements to ../../../build/hb_task2b/hb_task2b.egg-info/requires.txt
[2.637s] writing top-level names to ../../../build/hb_task2b/hb_task2b.egg-info/top_level.txt
[2.641s] reading manifest file '../../../build/hb_task2b/hb_task2b.egg-info/SOURCES.txt'
[2.642s] writing manifest file '../../../build/hb_task2b/hb_task2b.egg-info/SOURCES.txt'
[2.643s] running build
[2.643s] running build_py
[2.643s] running install
[2.644s] running install_lib
[2.647s] running install_data
[2.648s] copying launch/controller.launch.py -> /home/yolo/eyrc_hb/hb_task_2_ws/install/hb_task2b/share/hb_task2b/launch
[2.648s] running install_egg_info
[2.651s] removing '/home/yolo/eyrc_hb/hb_task_2_ws/install/hb_task2b/lib/python3.10/site-packages/hb_task2b-0.0.0-py3.10.egg-info' (and everything under it)
[2.656s] Copying ../../../build/hb_task2b/hb_task2b.egg-info to /home/yolo/eyrc_hb/hb_task_2_ws/install/hb_task2b/lib/python3.10/site-packages/hb_task2b-0.0.0-py3.10.egg-info
[2.659s] running install_scripts
[2.708s] Installing controller script to /home/yolo/eyrc_hb/hb_task_2_ws/install/hb_task2b/lib/hb_task2b
[2.708s] Installing controller2 script to /home/yolo/eyrc_hb/hb_task_2_ws/install/hb_task2b/lib/hb_task2b
[2.708s] Installing controller3 script to /home/yolo/eyrc_hb/hb_task_2_ws/install/hb_task2b/lib/hb_task2b
[2.709s] Installing feedback script to /home/yolo/eyrc_hb/hb_task_2_ws/install/hb_task2b/lib/hb_task2b
[2.709s] Installing nextgoalpub script to /home/yolo/eyrc_hb/hb_task_2_ws/install/hb_task2b/lib/hb_task2b
[2.710s] writing list of installed files to '/home/yolo/eyrc_hb/hb_task_2_ws/build/hb_task2b/install.log'
[2.793s] Invoked command in '/home/yolo/eyrc_hb/hb_task_2_ws/src/eYRC-2023_Hologlyph_Bots/hb_task2b' returned '0': PYTHONPATH=/home/yolo/eyrc_hb/hb_task_2_ws/build/hb_task2b/prefix_override:/home/yolo/eyrc_hb/hb_task_2_ws/install/hb_task2b/lib/python3.10/site-packages:${PYTHONPATH} /usr/bin/python3 setup.py egg_info --egg-base ../../../build/hb_task2b build --build-base /home/yolo/eyrc_hb/hb_task_2_ws/build/hb_task2b/build install --record /home/yolo/eyrc_hb/hb_task_2_ws/build/hb_task2b/install.log --single-version-externally-managed
