[3.324s] Invoking command in '/home/yolo/eyrc_hb/hb_task_2_ws/src/eYRC-2023_Hologlyph_Bots/hb_task2a': PYTHONPATH=/home/yolo/eyrc_hb/hb_task_2_ws/build/hb_task2a/prefix_override:/home/yolo/eyrc_hb/hb_task_2_ws/install/hb_task2a/lib/python3.10/site-packages:${PYTHONPATH} /usr/bin/python3 setup.py egg_info --egg-base ../../../build/hb_task2a build --build-base /home/yolo/eyrc_hb/hb_task_2_ws/build/hb_task2a/build install --record /home/yolo/eyrc_hb/hb_task_2_ws/build/hb_task2a/install.log --single-version-externally-managed
[4.170s] running egg_info
[4.172s] creating ../../../build/hb_task2a/hb_task2a.egg-info
[4.173s] writing ../../../build/hb_task2a/hb_task2a.egg-info/PKG-INFO
[4.174s] writing dependency_links to ../../../build/hb_task2a/hb_task2a.egg-info/dependency_links.txt
[4.174s] writing entry points to ../../../build/hb_task2a/hb_task2a.egg-info/entry_points.txt
[4.175s] writing requirements to ../../../build/hb_task2a/hb_task2a.egg-info/requires.txt
[4.175s] writing top-level names to ../../../build/hb_task2a/hb_task2a.egg-info/top_level.txt
[4.176s] writing manifest file '../../../build/hb_task2a/hb_task2a.egg-info/SOURCES.txt'
[4.182s] reading manifest file '../../../build/hb_task2a/hb_task2a.egg-info/SOURCES.txt'
[4.185s] writing manifest file '../../../build/hb_task2a/hb_task2a.egg-info/SOURCES.txt'
[4.186s] running build
[4.186s] running build_py
[4.186s] creating /home/yolo/eyrc_hb/hb_task_2_ws/build/hb_task2a/build
[4.187s] creating /home/yolo/eyrc_hb/hb_task_2_ws/build/hb_task2a/build/lib
[4.187s] creating /home/yolo/eyrc_hb/hb_task_2_ws/build/hb_task2a/build/lib/hb_task2a
[4.187s] copying hb_task2a/__init__.py -> /home/yolo/eyrc_hb/hb_task_2_ws/build/hb_task2a/build/lib/hb_task2a
[4.188s] running install
[4.189s] running install_lib
[4.192s] creating /home/yolo/eyrc_hb/hb_task_2_ws/install/hb_task2a/lib/python3.10/site-packages/hb_task2a
[4.192s] copying /home/yolo/eyrc_hb/hb_task_2_ws/build/hb_task2a/build/lib/hb_task2a/__init__.py -> /home/yolo/eyrc_hb/hb_task_2_ws/install/hb_task2a/lib/python3.10/site-packages/hb_task2a
[4.194s] byte-compiling /home/yolo/eyrc_hb/hb_task_2_ws/install/hb_task2a/lib/python3.10/site-packages/hb_task2a/__init__.py to __init__.cpython-310.pyc
[4.195s] running install_data
[4.197s] creating /home/yolo/eyrc_hb/hb_task_2_ws/install/hb_task2a/share/ament_index
[4.198s] creating /home/yolo/eyrc_hb/hb_task_2_ws/install/hb_task2a/share/ament_index/resource_index
[4.198s] creating /home/yolo/eyrc_hb/hb_task_2_ws/install/hb_task2a/share/ament_index/resource_index/packages
[4.198s] copying resource/hb_task2a -> /home/yolo/eyrc_hb/hb_task_2_ws/install/hb_task2a/share/ament_index/resource_index/packages
[4.198s] copying package.xml -> /home/yolo/eyrc_hb/hb_task_2_ws/install/hb_task2a/share/hb_task2a
[4.199s] creating /home/yolo/eyrc_hb/hb_task_2_ws/install/hb_task2a/share/hb_task2a/launch
[4.199s] copying launch/task2a.launch.py -> /home/yolo/eyrc_hb/hb_task_2_ws/install/hb_task2a/share/hb_task2a/launch
[4.200s] copying launch/submission.launch.py -> /home/yolo/eyrc_hb/hb_task_2_ws/install/hb_task2a/share/hb_task2a/launch
[4.200s] creating /home/yolo/eyrc_hb/hb_task_2_ws/install/hb_task2a/share/hb_task2a/scripts
[4.201s] copying scripts/feedback.py -> /home/yolo/eyrc_hb/hb_task_2_ws/install/hb_task2a/share/hb_task2a/scripts
[4.201s] copying scripts/service_node.py -> /home/yolo/eyrc_hb/hb_task_2_ws/install/hb_task2a/share/hb_task2a/scripts
[4.201s] copying scripts/controller.py -> /home/yolo/eyrc_hb/hb_task_2_ws/install/hb_task2a/share/hb_task2a/scripts
[4.202s] running install_egg_info
[4.207s] Copying ../../../build/hb_task2a/hb_task2a.egg-info to /home/yolo/eyrc_hb/hb_task_2_ws/install/hb_task2a/lib/python3.10/site-packages/hb_task2a-0.0.0-py3.10.egg-info
[4.210s] running install_scripts
[4.285s] Installing feedback script to /home/yolo/eyrc_hb/hb_task_2_ws/install/hb_task2a/lib/hb_task2a
[4.286s] writing list of installed files to '/home/yolo/eyrc_hb/hb_task_2_ws/build/hb_task2a/install.log'
[4.713s] Invoked command in '/home/yolo/eyrc_hb/hb_task_2_ws/src/eYRC-2023_Hologlyph_Bots/hb_task2a' returned '0': PYTHONPATH=/home/yolo/eyrc_hb/hb_task_2_ws/build/hb_task2a/prefix_override:/home/yolo/eyrc_hb/hb_task_2_ws/install/hb_task2a/lib/python3.10/site-packages:${PYTHONPATH} /usr/bin/python3 setup.py egg_info --egg-base ../../../build/hb_task2a build --build-base /home/yolo/eyrc_hb/hb_task_2_ws/build/hb_task2a/build install --record /home/yolo/eyrc_hb/hb_task_2_ws/build/hb_task2a/install.log --single-version-externally-managed
