[5.612s] Invoking command in '/home/yolo/eyrc_hb/hb_task_2_ws/src/eYRC-2023_Hologlyph_Bots/hb_task2b': PYTHONPATH=/home/yolo/eyrc_hb/hb_task_2_ws/build/hb_task2b/prefix_override:/home/yolo/eyrc_hb/hb_task_2_ws/install/hb_task2b/lib/python3.10/site-packages:${PYTHONPATH} /usr/bin/python3 setup.py egg_info --egg-base ../../../build/hb_task2b build --build-base /home/yolo/eyrc_hb/hb_task_2_ws/build/hb_task2b/build install --record /home/yolo/eyrc_hb/hb_task_2_ws/build/hb_task2b/install.log --single-version-externally-managed
[7.088s] running egg_info
[7.090s] writing ../../../build/hb_task2b/hb_task2b.egg-info/PKG-INFO
[7.093s] writing dependency_links to ../../../build/hb_task2b/hb_task2b.egg-info/dependency_links.txt
[7.093s] writing entry points to ../../../build/hb_task2b/hb_task2b.egg-info/entry_points.txt
[7.093s] writing requirements to ../../../build/hb_task2b/hb_task2b.egg-info/requires.txt
[7.093s] writing top-level names to ../../../build/hb_task2b/hb_task2b.egg-info/top_level.txt
[7.105s] reading manifest file '../../../build/hb_task2b/hb_task2b.egg-info/SOURCES.txt'
[7.107s] writing manifest file '../../../build/hb_task2b/hb_task2b.egg-info/SOURCES.txt'
[7.107s] running build
[7.107s] running build_py
[7.107s] copying hb_task2b/bot_controller.py -> /home/yolo/eyrc_hb/hb_task_2_ws/build/hb_task2b/build/lib/hb_task2b
[7.110s] copying hb_task2b/bot_controller2.py -> /home/yolo/eyrc_hb/hb_task_2_ws/build/hb_task2b/build/lib/hb_task2b
[7.111s] copying hb_task2b/bot_controller3.py -> /home/yolo/eyrc_hb/hb_task_2_ws/build/hb_task2b/build/lib/hb_task2b
[7.111s] running install
[7.111s] running install_lib
[7.121s] copying /home/yolo/eyrc_hb/hb_task_2_ws/build/hb_task2b/build/lib/hb_task2b/bot_controller.py -> /home/yolo/eyrc_hb/hb_task_2_ws/install/hb_task2b/lib/python3.10/site-packages/hb_task2b
[7.122s] copying /home/yolo/eyrc_hb/hb_task_2_ws/build/hb_task2b/build/lib/hb_task2b/bot_controller2.py -> /home/yolo/eyrc_hb/hb_task_2_ws/install/hb_task2b/lib/python3.10/site-packages/hb_task2b
[7.123s] copying /home/yolo/eyrc_hb/hb_task_2_ws/build/hb_task2b/build/lib/hb_task2b/bot_controller3.py -> /home/yolo/eyrc_hb/hb_task_2_ws/install/hb_task2b/lib/python3.10/site-packages/hb_task2b
[7.125s] byte-compiling /home/yolo/eyrc_hb/hb_task_2_ws/install/hb_task2b/lib/python3.10/site-packages/hb_task2b/bot_controller.py to bot_controller.cpython-310.pyc
[7.132s] byte-compiling /home/yolo/eyrc_hb/hb_task_2_ws/install/hb_task2b/lib/python3.10/site-packages/hb_task2b/bot_controller2.py to bot_controller2.cpython-310.pyc
[7.140s] byte-compiling /home/yolo/eyrc_hb/hb_task_2_ws/install/hb_task2b/lib/python3.10/site-packages/hb_task2b/bot_controller3.py to bot_controller3.cpython-310.pyc
[7.150s] running install_data
[7.157s] running install_egg_info
[7.171s] removing '/home/yolo/eyrc_hb/hb_task_2_ws/install/hb_task2b/lib/python3.10/site-packages/hb_task2b-0.0.0-py3.10.egg-info' (and everything under it)
[7.172s] Copying ../../../build/hb_task2b/hb_task2b.egg-info to /home/yolo/eyrc_hb/hb_task_2_ws/install/hb_task2b/lib/python3.10/site-packages/hb_task2b-0.0.0-py3.10.egg-info
[7.176s] running install_scripts
[7.341s] Installing controller script to /home/yolo/eyrc_hb/hb_task_2_ws/install/hb_task2b/lib/hb_task2b
[7.342s] Installing controller2 script to /home/yolo/eyrc_hb/hb_task_2_ws/install/hb_task2b/lib/hb_task2b
[7.342s] Installing controller3 script to /home/yolo/eyrc_hb/hb_task_2_ws/install/hb_task2b/lib/hb_task2b
[7.342s] Installing feedback script to /home/yolo/eyrc_hb/hb_task_2_ws/install/hb_task2b/lib/hb_task2b
[7.342s] Installing nextgoalpub script to /home/yolo/eyrc_hb/hb_task_2_ws/install/hb_task2b/lib/hb_task2b
[7.342s] writing list of installed files to '/home/yolo/eyrc_hb/hb_task_2_ws/build/hb_task2b/install.log'
[7.593s] Invoked command in '/home/yolo/eyrc_hb/hb_task_2_ws/src/eYRC-2023_Hologlyph_Bots/hb_task2b' returned '0': PYTHONPATH=/home/yolo/eyrc_hb/hb_task_2_ws/build/hb_task2b/prefix_override:/home/yolo/eyrc_hb/hb_task_2_ws/install/hb_task2b/lib/python3.10/site-packages:${PYTHONPATH} /usr/bin/python3 setup.py egg_info --egg-base ../../../build/hb_task2b build --build-base /home/yolo/eyrc_hb/hb_task_2_ws/build/hb_task2b/build install --record /home/yolo/eyrc_hb/hb_task_2_ws/build/hb_task2b/install.log --single-version-externally-managed
