[2.875s] Invoking command in '/home/yolo/eyrc_hb/hb_task_2_ws/src/eYRC-2023_Hologlyph_Bots/hb_task2a': PYTHONPATH=/home/yolo/eyrc_hb/hb_task_2_ws/build/hb_task2a/prefix_override:/home/yolo/eyrc_hb/hb_task_2_ws/install/hb_task2a/lib/python3.10/site-packages:${PYTHONPATH} /usr/bin/python3 setup.py egg_info --egg-base ../../../build/hb_task2a build --build-base /home/yolo/eyrc_hb/hb_task_2_ws/build/hb_task2a/build install --record /home/yolo/eyrc_hb/hb_task_2_ws/build/hb_task2a/install.log --single-version-externally-managed
[3.641s] running egg_info
[3.643s] writing ../../../build/hb_task2a/hb_task2a.egg-info/PKG-INFO
[3.646s] writing dependency_links to ../../../build/hb_task2a/hb_task2a.egg-info/dependency_links.txt
[3.649s] writing entry points to ../../../build/hb_task2a/hb_task2a.egg-info/entry_points.txt
[3.663s] writing requirements to ../../../build/hb_task2a/hb_task2a.egg-info/requires.txt
[3.663s] writing top-level names to ../../../build/hb_task2a/hb_task2a.egg-info/top_level.txt
[3.663s] reading manifest file '../../../build/hb_task2a/hb_task2a.egg-info/SOURCES.txt'
[3.663s] writing manifest file '../../../build/hb_task2a/hb_task2a.egg-info/SOURCES.txt'
[3.663s] running build
[3.664s] running build_py
[3.664s] running install
[3.669s] running install_lib
[3.688s] running install_data
[3.695s] copying scripts/feedback.py -> /home/yolo/eyrc_hb/hb_task_2_ws/install/hb_task2a/share/hb_task2a/scripts
[3.696s] copying scripts/controller.py -> /home/yolo/eyrc_hb/hb_task_2_ws/install/hb_task2a/share/hb_task2a/scripts
[3.697s] running install_egg_info
[3.710s] removing '/home/yolo/eyrc_hb/hb_task_2_ws/install/hb_task2a/lib/python3.10/site-packages/hb_task2a-0.0.0-py3.10.egg-info' (and everything under it)
[3.711s] Copying ../../../build/hb_task2a/hb_task2a.egg-info to /home/yolo/eyrc_hb/hb_task_2_ws/install/hb_task2a/lib/python3.10/site-packages/hb_task2a-0.0.0-py3.10.egg-info
[3.726s] running install_scripts
[3.806s] Installing feedback script to /home/yolo/eyrc_hb/hb_task_2_ws/install/hb_task2a/lib/hb_task2a
[3.809s] writing list of installed files to '/home/yolo/eyrc_hb/hb_task_2_ws/build/hb_task2a/install.log'
[4.068s] Invoked command in '/home/yolo/eyrc_hb/hb_task_2_ws/src/eYRC-2023_Hologlyph_Bots/hb_task2a' returned '0': PYTHONPATH=/home/yolo/eyrc_hb/hb_task_2_ws/build/hb_task2a/prefix_override:/home/yolo/eyrc_hb/hb_task_2_ws/install/hb_task2a/lib/python3.10/site-packages:${PYTHONPATH} /usr/bin/python3 setup.py egg_info --egg-base ../../../build/hb_task2a build --build-base /home/yolo/eyrc_hb/hb_task_2_ws/build/hb_task2a/build install --record /home/yolo/eyrc_hb/hb_task_2_ws/build/hb_task2a/install.log --single-version-externally-managed
