[3.172s] Invoking command in '/home/yolo/eyrc_hb/hb_task_2_ws/src/eYRC-2023_Hologlyph_Bots/hb_task2b': PYTHONPATH=/home/yolo/eyrc_hb/hb_task_2_ws/build/hb_task2b/prefix_override:/home/yolo/eyrc_hb/hb_task_2_ws/install/hb_task2b/lib/python3.10/site-packages:${PYTHONPATH} /usr/bin/python3 setup.py egg_info --egg-base ../../../build/hb_task2b build --build-base /home/yolo/eyrc_hb/hb_task_2_ws/build/hb_task2b/build install --record /home/yolo/eyrc_hb/hb_task_2_ws/build/hb_task2b/install.log --single-version-externally-managed
[3.964s] running egg_info
[3.966s] writing ../../../build/hb_task2b/hb_task2b.egg-info/PKG-INFO
[3.967s] writing dependency_links to ../../../build/hb_task2b/hb_task2b.egg-info/dependency_links.txt
[3.968s] writing entry points to ../../../build/hb_task2b/hb_task2b.egg-info/entry_points.txt
[3.968s] writing requirements to ../../../build/hb_task2b/hb_task2b.egg-info/requires.txt
[3.968s] writing top-level names to ../../../build/hb_task2b/hb_task2b.egg-info/top_level.txt
[3.974s] reading manifest file '../../../build/hb_task2b/hb_task2b.egg-info/SOURCES.txt'
[3.977s] writing manifest file '../../../build/hb_task2b/hb_task2b.egg-info/SOURCES.txt'
[3.977s] running build
[3.977s] running build_py
[3.979s] running install
[3.980s] running install_lib
[3.986s] running install_data
[3.987s] running install_egg_info
[3.993s] removing '/home/yolo/eyrc_hb/hb_task_2_ws/install/hb_task2b/lib/python3.10/site-packages/hb_task2b-0.0.0-py3.10.egg-info' (and everything under it)
[3.995s] Copying ../../../build/hb_task2b/hb_task2b.egg-info to /home/yolo/eyrc_hb/hb_task_2_ws/install/hb_task2b/lib/python3.10/site-packages/hb_task2b-0.0.0-py3.10.egg-info
[3.999s] running install_scripts
[4.050s] Installing controller script to /home/yolo/eyrc_hb/hb_task_2_ws/install/hb_task2b/lib/hb_task2b
[4.050s] Installing controller2 script to /home/yolo/eyrc_hb/hb_task_2_ws/install/hb_task2b/lib/hb_task2b
[4.051s] Installing controller3 script to /home/yolo/eyrc_hb/hb_task_2_ws/install/hb_task2b/lib/hb_task2b
[4.051s] Installing feedback script to /home/yolo/eyrc_hb/hb_task_2_ws/install/hb_task2b/lib/hb_task2b
[4.051s] Installing nextgoalpub script to /home/yolo/eyrc_hb/hb_task_2_ws/install/hb_task2b/lib/hb_task2b
[4.052s] writing list of installed files to '/home/yolo/eyrc_hb/hb_task_2_ws/build/hb_task2b/install.log'
[4.187s] Invoked command in '/home/yolo/eyrc_hb/hb_task_2_ws/src/eYRC-2023_Hologlyph_Bots/hb_task2b' returned '0': PYTHONPATH=/home/yolo/eyrc_hb/hb_task_2_ws/build/hb_task2b/prefix_override:/home/yolo/eyrc_hb/hb_task_2_ws/install/hb_task2b/lib/python3.10/site-packages:${PYTHONPATH} /usr/bin/python3 setup.py egg_info --egg-base ../../../build/hb_task2b build --build-base /home/yolo/eyrc_hb/hb_task_2_ws/build/hb_task2b/build install --record /home/yolo/eyrc_hb/hb_task_2_ws/build/hb_task2b/install.log --single-version-externally-managed
