[2.234s] DEBUG:colcon:Command line arguments: ['/usr/bin/colcon', 'build']
[2.234s] DEBUG:colcon:Parsed command line arguments: Namespace(log_base=None, log_level=None, verb_name='build', build_base='build', install_base='install', merge_install=False, symlink_install=False, test_result_base=None, continue_on_error=False, executor='parallel', parallel_workers=4, event_handlers=None, ignore_user_meta=False, metas=['./colcon.meta'], base_paths=['.'], packages_ignore=None, packages_ignore_regex=None, paths=None, packages_up_to=None, packages_up_to_regex=None, packages_above=None, packages_above_and_dependencies=None, packages_above_depth=None, packages_select_by_dep=None, packages_skip_by_dep=None, packages_skip_up_to=None, packages_select_build_failed=False, packages_skip_build_finished=False, packages_select_test_failures=False, packages_skip_test_passed=False, packages_select=None, packages_skip=None, packages_select_regex=None, packages_skip_regex=None, packages_start=None, packages_end=None, allow_overriding=[], cmake_args=None, cmake_target=None, cmake_target_skip_unavailable=False, cmake_clean_cache=False, cmake_clean_first=False, cmake_force_configure=False, ament_cmake_args=None, catkin_cmake_args=None, catkin_skip_building_tests=False, verb_parser=<colcon_defaults.argument_parser.defaults.DefaultArgumentsDecorator object at 0x7f1c5bb967d0>, verb_extension=<colcon_core.verb.build.BuildVerb object at 0x7f1c5bc9d690>, main=<bound method BuildVerb.main of <colcon_core.verb.build.BuildVerb object at 0x7f1c5bc9d690>>)
[2.335s] Level 1:colcon.colcon_core.package_discovery:discover_packages(colcon_meta) check parameters
[2.336s] Level 1:colcon.colcon_core.package_discovery:discover_packages(recursive) check parameters
[2.336s] Level 1:colcon.colcon_core.package_discovery:discover_packages(ignore) check parameters
[2.336s] Level 1:colcon.colcon_core.package_discovery:discover_packages(path) check parameters
[2.336s] Level 1:colcon.colcon_core.package_discovery:discover_packages(colcon_meta) discover
[2.336s] Level 1:colcon.colcon_core.package_discovery:discover_packages(recursive) discover
[2.336s] INFO:colcon.colcon_core.package_discovery:Crawling recursively for packages in '/home/yolo/eyrc_hb/hb_task_1a_ws'
[2.336s] Level 1:colcon.colcon_core.package_identification:_identify(.) by extensions ['ignore', 'ignore_ament_install']
[2.336s] Level 1:colcon.colcon_core.package_identification:_identify(.) by extension 'ignore'
[2.337s] Level 1:colcon.colcon_core.package_identification:_identify(.) by extension 'ignore_ament_install'
[2.337s] Level 1:colcon.colcon_core.package_identification:_identify(.) by extensions ['colcon_pkg']
[2.337s] Level 1:colcon.colcon_core.package_identification:_identify(.) by extension 'colcon_pkg'
[2.337s] Level 1:colcon.colcon_core.package_identification:_identify(.) by extensions ['colcon_meta']
[2.337s] Level 1:colcon.colcon_core.package_identification:_identify(.) by extension 'colcon_meta'
[2.337s] Level 1:colcon.colcon_core.package_identification:_identify(.) by extensions ['ros']
[2.337s] Level 1:colcon.colcon_core.package_identification:_identify(.) by extension 'ros'
[2.362s] Level 1:colcon.colcon_core.package_identification:_identify(.) by extensions ['cmake', 'python']
[2.362s] Level 1:colcon.colcon_core.package_identification:_identify(.) by extension 'cmake'
[2.362s] Level 1:colcon.colcon_core.package_identification:_identify(.) by extension 'python'
[2.363s] Level 1:colcon.colcon_core.package_identification:_identify(.) by extensions ['python_setup_py']
[2.363s] Level 1:colcon.colcon_core.package_identification:_identify(.) by extension 'python_setup_py'
[2.363s] Level 1:colcon.colcon_core.package_identification:_identify(build) by extensions ['ignore', 'ignore_ament_install']
[2.363s] Level 1:colcon.colcon_core.package_identification:_identify(build) by extension 'ignore'
[2.363s] Level 1:colcon.colcon_core.package_identification:_identify(build) ignored
[2.363s] Level 1:colcon.colcon_core.package_identification:_identify(install) by extensions ['ignore', 'ignore_ament_install']
[2.364s] Level 1:colcon.colcon_core.package_identification:_identify(install) by extension 'ignore'
[2.364s] Level 1:colcon.colcon_core.package_identification:_identify(install) ignored
[2.364s] Level 1:colcon.colcon_core.package_identification:_identify(log) by extensions ['ignore', 'ignore_ament_install']
[2.364s] Level 1:colcon.colcon_core.package_identification:_identify(log) by extension 'ignore'
[2.364s] Level 1:colcon.colcon_core.package_identification:_identify(log) ignored
[2.364s] Level 1:colcon.colcon_core.package_identification:_identify(src) by extensions ['ignore', 'ignore_ament_install']
[2.365s] Level 1:colcon.colcon_core.package_identification:_identify(src) by extension 'ignore'
[2.365s] Level 1:colcon.colcon_core.package_identification:_identify(src) by extension 'ignore_ament_install'
[2.365s] Level 1:colcon.colcon_core.package_identification:_identify(src) by extensions ['colcon_pkg']
[2.365s] Level 1:colcon.colcon_core.package_identification:_identify(src) by extension 'colcon_pkg'
[2.365s] Level 1:colcon.colcon_core.package_identification:_identify(src) by extensions ['colcon_meta']
[2.365s] Level 1:colcon.colcon_core.package_identification:_identify(src) by extension 'colcon_meta'
[2.365s] Level 1:colcon.colcon_core.package_identification:_identify(src) by extensions ['ros']
[2.365s] Level 1:colcon.colcon_core.package_identification:_identify(src) by extension 'ros'
[2.365s] Level 1:colcon.colcon_core.package_identification:_identify(src) by extensions ['cmake', 'python']
[2.365s] Level 1:colcon.colcon_core.package_identification:_identify(src) by extension 'cmake'
[2.365s] Level 1:colcon.colcon_core.package_identification:_identify(src) by extension 'python'
[2.365s] Level 1:colcon.colcon_core.package_identification:_identify(src) by extensions ['python_setup_py']
[2.365s] Level 1:colcon.colcon_core.package_identification:_identify(src) by extension 'python_setup_py'
[2.366s] Level 1:colcon.colcon_core.package_identification:_identify(src/hb_task_1a) by extensions ['ignore', 'ignore_ament_install']
[2.366s] Level 1:colcon.colcon_core.package_identification:_identify(src/hb_task_1a) by extension 'ignore'
[2.366s] Level 1:colcon.colcon_core.package_identification:_identify(src/hb_task_1a) by extension 'ignore_ament_install'
[2.366s] Level 1:colcon.colcon_core.package_identification:_identify(src/hb_task_1a) by extensions ['colcon_pkg']
[2.366s] Level 1:colcon.colcon_core.package_identification:_identify(src/hb_task_1a) by extension 'colcon_pkg'
[2.366s] Level 1:colcon.colcon_core.package_identification:_identify(src/hb_task_1a) by extensions ['colcon_meta']
[2.366s] Level 1:colcon.colcon_core.package_identification:_identify(src/hb_task_1a) by extension 'colcon_meta'
[2.366s] Level 1:colcon.colcon_core.package_identification:_identify(src/hb_task_1a) by extensions ['ros']
[2.366s] Level 1:colcon.colcon_core.package_identification:_identify(src/hb_task_1a) by extension 'ros'
[2.372s] DEBUG:colcon.colcon_core.package_identification:Package 'src/hb_task_1a' with type 'ros.ament_python' and name 'hb_task_1a'
[2.372s] Level 1:colcon.colcon_core.package_discovery:discover_packages(recursive) using defaults
[2.372s] Level 1:colcon.colcon_core.package_discovery:discover_packages(ignore) discover
[2.372s] Level 1:colcon.colcon_core.package_discovery:discover_packages(ignore) using defaults
[2.372s] Level 1:colcon.colcon_core.package_discovery:discover_packages(path) discover
[2.372s] Level 1:colcon.colcon_core.package_discovery:discover_packages(path) using defaults
[2.562s] Level 1:colcon.colcon_core.package_discovery:discover_packages(prefix_path) check parameters
[2.562s] Level 1:colcon.colcon_core.package_discovery:discover_packages(prefix_path) discover
[2.629s] DEBUG:colcon.colcon_installed_package_information.package_discovery:Found 0 installed packages in /home/yolo/ros2_ws/install
[2.668s] DEBUG:colcon.colcon_installed_package_information.package_discovery:Found 1 installed packages in /home/yolo/eyrc_hb/hb_task_1a_ws/install
[2.699s] DEBUG:colcon.colcon_installed_package_information.package_discovery:Found 276 installed packages in /opt/ros/humble
[2.701s] Level 1:colcon.colcon_core.package_discovery:discover_packages(prefix_path) using defaults
[2.948s] Level 5:colcon.colcon_core.verb:set package 'hb_task_1a' build argument 'cmake_args' from command line to 'None'
[2.948s] Level 5:colcon.colcon_core.verb:set package 'hb_task_1a' build argument 'cmake_target' from command line to 'None'
[2.948s] Level 5:colcon.colcon_core.verb:set package 'hb_task_1a' build argument 'cmake_target_skip_unavailable' from command line to 'False'
[2.948s] Level 5:colcon.colcon_core.verb:set package 'hb_task_1a' build argument 'cmake_clean_cache' from command line to 'False'
[2.949s] Level 5:colcon.colcon_core.verb:set package 'hb_task_1a' build argument 'cmake_clean_first' from command line to 'False'
[2.949s] Level 5:colcon.colcon_core.verb:set package 'hb_task_1a' build argument 'cmake_force_configure' from command line to 'False'
[2.949s] Level 5:colcon.colcon_core.verb:set package 'hb_task_1a' build argument 'ament_cmake_args' from command line to 'None'
[2.949s] Level 5:colcon.colcon_core.verb:set package 'hb_task_1a' build argument 'catkin_cmake_args' from command line to 'None'
[2.949s] Level 5:colcon.colcon_core.verb:set package 'hb_task_1a' build argument 'catkin_skip_building_tests' from command line to 'False'
[2.949s] DEBUG:colcon.colcon_core.verb:Building package 'hb_task_1a' with the following arguments: {'ament_cmake_args': None, 'build_base': '/home/yolo/eyrc_hb/hb_task_1a_ws/build/hb_task_1a', 'catkin_cmake_args': None, 'catkin_skip_building_tests': False, 'cmake_args': None, 'cmake_clean_cache': False, 'cmake_clean_first': False, 'cmake_force_configure': False, 'cmake_target': None, 'cmake_target_skip_unavailable': False, 'install_base': '/home/yolo/eyrc_hb/hb_task_1a_ws/install/hb_task_1a', 'merge_install': False, 'path': '/home/yolo/eyrc_hb/hb_task_1a_ws/src/hb_task_1a', 'symlink_install': False, 'test_result_base': None}
[2.978s] INFO:colcon.colcon_core.executor:Executing jobs using 'parallel' executor
[3.009s] DEBUG:colcon.colcon_parallel_executor.executor.parallel:run_until_complete
[3.009s] INFO:colcon.colcon_ros.task.ament_python.build:Building ROS package in '/home/yolo/eyrc_hb/hb_task_1a_ws/src/hb_task_1a' with build type 'ament_python'
[3.010s] Level 1:colcon.colcon_core.shell:create_environment_hook('hb_task_1a', 'ament_prefix_path')
[3.053s] INFO:colcon.colcon_core.plugin_system:Skipping extension 'colcon_core.shell.bat': Not used on non-Windows systems
[3.054s] INFO:colcon.colcon_core.shell:Creating environment hook '/home/yolo/eyrc_hb/hb_task_1a_ws/install/hb_task_1a/share/hb_task_1a/hook/ament_prefix_path.ps1'
[3.055s] INFO:colcon.colcon_core.shell:Creating environment descriptor '/home/yolo/eyrc_hb/hb_task_1a_ws/install/hb_task_1a/share/hb_task_1a/hook/ament_prefix_path.dsv'
[3.057s] INFO:colcon.colcon_core.shell:Creating environment hook '/home/yolo/eyrc_hb/hb_task_1a_ws/install/hb_task_1a/share/hb_task_1a/hook/ament_prefix_path.sh'
[3.087s] INFO:colcon.colcon_core.shell:Skip shell extension 'powershell' for command environment: Not usable outside of PowerShell
[3.087s] DEBUG:colcon.colcon_core.shell:Skip shell extension 'dsv' for command environment
[3.750s] INFO:colcon.colcon_core.task.python.build:Building Python package in '/home/yolo/eyrc_hb/hb_task_1a_ws/src/hb_task_1a'
[3.785s] INFO:colcon.colcon_core.shell:Skip shell extension 'powershell' for command environment: Not usable outside of PowerShell
[3.785s] DEBUG:colcon.colcon_core.shell:Skip shell extension 'dsv' for command environment
[4.712s] DEBUG:colcon.colcon_core.event_handler.log_command:Invoking command in '/home/yolo/eyrc_hb/hb_task_1a_ws/src/hb_task_1a': PYTHONPATH=/home/yolo/eyrc_hb/hb_task_1a_ws/build/hb_task_1a/prefix_override:/home/yolo/eyrc_hb/hb_task_1a_ws/install/hb_task_1a/lib/python3.10/site-packages:${PYTHONPATH} /usr/bin/python3 setup.py egg_info --egg-base ../../build/hb_task_1a build --build-base /home/yolo/eyrc_hb/hb_task_1a_ws/build/hb_task_1a/build install --record /home/yolo/eyrc_hb/hb_task_1a_ws/build/hb_task_1a/install.log --single-version-externally-managed
[5.660s] DEBUG:colcon.colcon_core.event_handler.log_command:Invoked command in '/home/yolo/eyrc_hb/hb_task_1a_ws/src/hb_task_1a' returned '0': PYTHONPATH=/home/yolo/eyrc_hb/hb_task_1a_ws/build/hb_task_1a/prefix_override:/home/yolo/eyrc_hb/hb_task_1a_ws/install/hb_task_1a/lib/python3.10/site-packages:${PYTHONPATH} /usr/bin/python3 setup.py egg_info --egg-base ../../build/hb_task_1a build --build-base /home/yolo/eyrc_hb/hb_task_1a_ws/build/hb_task_1a/build install --record /home/yolo/eyrc_hb/hb_task_1a_ws/build/hb_task_1a/install.log --single-version-externally-managed
[5.712s] Level 1:colcon.colcon_core.environment:checking '/home/yolo/eyrc_hb/hb_task_1a_ws/install/hb_task_1a' for CMake module files
[5.713s] Level 1:colcon.colcon_core.environment:checking '/home/yolo/eyrc_hb/hb_task_1a_ws/install/hb_task_1a' for CMake config files
[5.715s] Level 1:colcon.colcon_core.environment:checking '/home/yolo/eyrc_hb/hb_task_1a_ws/install/hb_task_1a/lib'
[5.715s] Level 1:colcon.colcon_core.environment:checking '/home/yolo/eyrc_hb/hb_task_1a_ws/install/hb_task_1a/bin'
[5.715s] Level 1:colcon.colcon_core.environment:checking '/home/yolo/eyrc_hb/hb_task_1a_ws/install/hb_task_1a/lib/pkgconfig/hb_task_1a.pc'
[5.716s] Level 1:colcon.colcon_core.environment:checking '/home/yolo/eyrc_hb/hb_task_1a_ws/install/hb_task_1a/lib/python3.10/site-packages'
[5.716s] Level 1:colcon.colcon_core.shell:create_environment_hook('hb_task_1a', 'pythonpath')
[5.749s] INFO:colcon.colcon_core.shell:Creating environment hook '/home/yolo/eyrc_hb/hb_task_1a_ws/install/hb_task_1a/share/hb_task_1a/hook/pythonpath.ps1'
[5.750s] INFO:colcon.colcon_core.shell:Creating environment descriptor '/home/yolo/eyrc_hb/hb_task_1a_ws/install/hb_task_1a/share/hb_task_1a/hook/pythonpath.dsv'
[5.752s] INFO:colcon.colcon_core.shell:Creating environment hook '/home/yolo/eyrc_hb/hb_task_1a_ws/install/hb_task_1a/share/hb_task_1a/hook/pythonpath.sh'
[5.754s] Level 1:colcon.colcon_core.environment:checking '/home/yolo/eyrc_hb/hb_task_1a_ws/install/hb_task_1a/bin'
[5.755s] Level 1:colcon.colcon_core.environment:create_environment_scripts_only(hb_task_1a)
[5.795s] INFO:colcon.colcon_core.shell:Creating package script '/home/yolo/eyrc_hb/hb_task_1a_ws/install/hb_task_1a/share/hb_task_1a/package.ps1'
[5.799s] INFO:colcon.colcon_core.shell:Creating package descriptor '/home/yolo/eyrc_hb/hb_task_1a_ws/install/hb_task_1a/share/hb_task_1a/package.dsv'
[5.800s] INFO:colcon.colcon_core.shell:Creating package script '/home/yolo/eyrc_hb/hb_task_1a_ws/install/hb_task_1a/share/hb_task_1a/package.sh'
[5.803s] INFO:colcon.colcon_core.shell:Creating package script '/home/yolo/eyrc_hb/hb_task_1a_ws/install/hb_task_1a/share/hb_task_1a/package.bash'
[5.806s] INFO:colcon.colcon_core.shell:Creating package script '/home/yolo/eyrc_hb/hb_task_1a_ws/install/hb_task_1a/share/hb_task_1a/package.zsh'
[5.808s] Level 1:colcon.colcon_core.environment:create_file_with_runtime_dependencies(/home/yolo/eyrc_hb/hb_task_1a_ws/install/hb_task_1a/share/colcon-core/packages/hb_task_1a)
[5.809s] DEBUG:colcon.colcon_parallel_executor.executor.parallel:closing loop
[5.810s] DEBUG:colcon.colcon_parallel_executor.executor.parallel:loop closed
[5.810s] DEBUG:colcon.colcon_parallel_executor.executor.parallel:run_until_complete finished with '0'
[5.810s] DEBUG:colcon.colcon_core.event_reactor:joining thread
[5.869s] INFO:colcon.colcon_core.plugin_system:Skipping extension 'colcon_notification.desktop_notification.terminal_notifier': Not used on non-Darwin systems
[5.869s] INFO:colcon.colcon_core.plugin_system:Skipping extension 'colcon_notification.desktop_notification.win32': Not used on non-Windows systems
[5.869s] INFO:colcon.colcon_notification.desktop_notification:Sending desktop notification using 'notify2'
[5.906s] DEBUG:colcon.colcon_core.event_reactor:joined thread
[5.948s] INFO:colcon.colcon_core.shell:Creating prefix script '/home/yolo/eyrc_hb/hb_task_1a_ws/install/local_setup.ps1'
[5.951s] INFO:colcon.colcon_core.shell:Creating prefix util module '/home/yolo/eyrc_hb/hb_task_1a_ws/install/_local_setup_util_ps1.py'
[5.956s] INFO:colcon.colcon_core.shell:Creating prefix chain script '/home/yolo/eyrc_hb/hb_task_1a_ws/install/setup.ps1'
[5.994s] INFO:colcon.colcon_core.shell:Creating prefix script '/home/yolo/eyrc_hb/hb_task_1a_ws/install/local_setup.sh'
[5.995s] INFO:colcon.colcon_core.shell:Creating prefix util module '/home/yolo/eyrc_hb/hb_task_1a_ws/install/_local_setup_util_sh.py'
[5.996s] INFO:colcon.colcon_core.shell:Creating prefix chain script '/home/yolo/eyrc_hb/hb_task_1a_ws/install/setup.sh'
[6.028s] INFO:colcon.colcon_core.shell:Creating prefix script '/home/yolo/eyrc_hb/hb_task_1a_ws/install/local_setup.bash'
[6.029s] INFO:colcon.colcon_core.shell:Creating prefix chain script '/home/yolo/eyrc_hb/hb_task_1a_ws/install/setup.bash'
[6.062s] INFO:colcon.colcon_core.shell:Creating prefix script '/home/yolo/eyrc_hb/hb_task_1a_ws/install/local_setup.zsh'
[6.063s] INFO:colcon.colcon_core.shell:Creating prefix chain script '/home/yolo/eyrc_hb/hb_task_1a_ws/install/setup.zsh'
