[0.801s] Invoking command in '/home/yolo/eyrc_hb/hb_task_2_ws/build/hb_bot': CMAKE_PREFIX_PATH=${CMAKE_PREFIX_PATH}:/home/yolo/eyrc_hb/hb_task_2_ws/install/hb_task2b:/home/yolo/eyrc_hb/hb_task_2_ws/install/hb_task2a:/home/yolo/eyrc_hb/hb_task1b_ws/install/hb_task_1b:/opt/ros/humble /usr/bin/cmake --build /home/yolo/eyrc_hb/hb_task_2_ws/build/hb_bot -- -j4 -l4
[2.307s] Invoked command in '/home/yolo/eyrc_hb/hb_task_2_ws/build/hb_bot' returned '0': CMAKE_PREFIX_PATH=${CMAKE_PREFIX_PATH}:/home/yolo/eyrc_hb/hb_task_2_ws/install/hb_task2b:/home/yolo/eyrc_hb/hb_task_2_ws/install/hb_task2a:/home/yolo/eyrc_hb/hb_task1b_ws/install/hb_task_1b:/opt/ros/humble /usr/bin/cmake --build /home/yolo/eyrc_hb/hb_task_2_ws/build/hb_bot -- -j4 -l4
[2.438s] Invoking command in '/home/yolo/eyrc_hb/hb_task_2_ws/build/hb_bot': CMAKE_PREFIX_PATH=${CMAKE_PREFIX_PATH}:/home/yolo/eyrc_hb/hb_task_2_ws/install/hb_task2b:/home/yolo/eyrc_hb/hb_task_2_ws/install/hb_task2a:/home/yolo/eyrc_hb/hb_task1b_ws/install/hb_task_1b:/opt/ros/humble /usr/bin/cmake --install /home/yolo/eyrc_hb/hb_task_2_ws/build/hb_bot
[2.471s] -- Install configuration: ""
[2.471s] -- Up-to-date: /home/yolo/eyrc_hb/hb_task_2_ws/install/hb_bot/share/hb_bot//launch
[2.472s] -- Up-to-date: /home/yolo/eyrc_hb/hb_task_2_ws/install/hb_bot/share/hb_bot//launch/Spawn_bot.launch.py
[2.473s] -- Up-to-date: /home/yolo/eyrc_hb/hb_task_2_ws/install/hb_bot/share/hb_bot//launch/multi_bot_spawn.launch.py
[2.473s] -- Up-to-date: /home/yolo/eyrc_hb/hb_task_2_ws/install/hb_bot/share/hb_bot//meshes
[2.474s] -- Up-to-date: /home/yolo/eyrc_hb/hb_task_2_ws/install/hb_bot/share/hb_bot//meshes/bot_1.dae
[2.475s] -- Up-to-date: /home/yolo/eyrc_hb/hb_task_2_ws/install/hb_bot/share/hb_bot//meshes/bot_3.jpg
[2.475s] -- Up-to-date: /home/yolo/eyrc_hb/hb_task_2_ws/install/hb_bot/share/hb_bot//meshes/wheel.stl
[2.476s] -- Up-to-date: /home/yolo/eyrc_hb/hb_task_2_ws/install/hb_bot/share/hb_bot//meshes/bot_1.jpg.001.jpg
[2.476s] -- Up-to-date: /home/yolo/eyrc_hb/hb_task_2_ws/install/hb_bot/share/hb_bot//meshes/bot_1.jpg
[2.476s] -- Up-to-date: /home/yolo/eyrc_hb/hb_task_2_ws/install/hb_bot/share/hb_bot//meshes/bot_2.dae
[2.477s] -- Up-to-date: /home/yolo/eyrc_hb/hb_task_2_ws/install/hb_bot/share/hb_bot//meshes/bot_2.jpg
[2.478s] -- Up-to-date: /home/yolo/eyrc_hb/hb_task_2_ws/install/hb_bot/share/hb_bot//meshes/bot_2.jpg.001.jpg
[2.478s] -- Up-to-date: /home/yolo/eyrc_hb/hb_task_2_ws/install/hb_bot/share/hb_bot//meshes/bot_3.jpg.001.jpg
[2.478s] -- Up-to-date: /home/yolo/eyrc_hb/hb_task_2_ws/install/hb_bot/share/hb_bot//meshes/bot_3.dae
[2.479s] -- Up-to-date: /home/yolo/eyrc_hb/hb_task_2_ws/install/hb_bot/share/hb_bot//urdf
[2.479s] -- Up-to-date: /home/yolo/eyrc_hb/hb_task_2_ws/install/hb_bot/share/hb_bot//urdf/materials.xacro
[2.480s] -- Up-to-date: /home/yolo/eyrc_hb/hb_task_2_ws/install/hb_bot/share/hb_bot//urdf/hb_bot_1.urdf.xacro
[2.480s] -- Up-to-date: /home/yolo/eyrc_hb/hb_task_2_ws/install/hb_bot/share/hb_bot//urdf/hb_bot_2.urdf.xacro
[2.481s] -- Up-to-date: /home/yolo/eyrc_hb/hb_task_2_ws/install/hb_bot/share/hb_bot//urdf/hb_bot_3.urdf.xacro
[2.481s] -- Up-to-date: /home/yolo/eyrc_hb/hb_task_2_ws/install/hb_bot/share/ament_index/resource_index/package_run_dependencies/hb_bot
[2.482s] -- Up-to-date: /home/yolo/eyrc_hb/hb_task_2_ws/install/hb_bot/share/ament_index/resource_index/parent_prefix_path/hb_bot
[2.484s] -- Up-to-date: /home/yolo/eyrc_hb/hb_task_2_ws/install/hb_bot/share/hb_bot/environment/ament_prefix_path.sh
[2.484s] -- Up-to-date: /home/yolo/eyrc_hb/hb_task_2_ws/install/hb_bot/share/hb_bot/environment/ament_prefix_path.dsv
[2.485s] -- Up-to-date: /home/yolo/eyrc_hb/hb_task_2_ws/install/hb_bot/share/hb_bot/environment/path.sh
[2.486s] -- Up-to-date: /home/yolo/eyrc_hb/hb_task_2_ws/install/hb_bot/share/hb_bot/environment/path.dsv
[2.486s] -- Up-to-date: /home/yolo/eyrc_hb/hb_task_2_ws/install/hb_bot/share/hb_bot/local_setup.bash
[2.487s] -- Up-to-date: /home/yolo/eyrc_hb/hb_task_2_ws/install/hb_bot/share/hb_bot/local_setup.sh
[2.488s] -- Up-to-date: /home/yolo/eyrc_hb/hb_task_2_ws/install/hb_bot/share/hb_bot/local_setup.zsh
[2.489s] -- Up-to-date: /home/yolo/eyrc_hb/hb_task_2_ws/install/hb_bot/share/hb_bot/local_setup.dsv
[2.489s] -- Installing: /home/yolo/eyrc_hb/hb_task_2_ws/install/hb_bot/share/hb_bot/package.dsv
[2.491s] -- Up-to-date: /home/yolo/eyrc_hb/hb_task_2_ws/install/hb_bot/share/ament_index/resource_index/packages/hb_bot
[2.491s] -- Up-to-date: /home/yolo/eyrc_hb/hb_task_2_ws/install/hb_bot/share/hb_bot/cmake/hb_botConfig.cmake
[2.492s] -- Up-to-date: /home/yolo/eyrc_hb/hb_task_2_ws/install/hb_bot/share/hb_bot/cmake/hb_botConfig-version.cmake
[2.492s] -- Up-to-date: /home/yolo/eyrc_hb/hb_task_2_ws/install/hb_bot/share/hb_bot/package.xml
[2.511s] Invoked command in '/home/yolo/eyrc_hb/hb_task_2_ws/build/hb_bot' returned '0': CMAKE_PREFIX_PATH=${CMAKE_PREFIX_PATH}:/home/yolo/eyrc_hb/hb_task_2_ws/install/hb_task2b:/home/yolo/eyrc_hb/hb_task_2_ws/install/hb_task2a:/home/yolo/eyrc_hb/hb_task1b_ws/install/hb_task_1b:/opt/ros/humble /usr/bin/cmake --install /home/yolo/eyrc_hb/hb_task_2_ws/build/hb_bot
