/home/yolo/eyrc_hb/hb_task_2_ws/install/hb_task2b/lib/python3.10/site-packages/hb_task2b/feedback.py
/home/yolo/eyrc_hb/hb_task_2_ws/install/hb_task2b/lib/python3.10/site-packages/hb_task2b/bot_controller2.py
/home/yolo/eyrc_hb/hb_task_2_ws/install/hb_task2b/lib/python3.10/site-packages/hb_task2b/nextGoalPub.py
/home/yolo/eyrc_hb/hb_task_2_ws/install/hb_task2b/lib/python3.10/site-packages/hb_task2b/bot_controller3.py
/home/yolo/eyrc_hb/hb_task_2_ws/install/hb_task2b/lib/python3.10/site-packages/hb_task2b/__init__.py
/home/yolo/eyrc_hb/hb_task_2_ws/install/hb_task2b/lib/python3.10/site-packages/hb_task2b/bot_controller_1.py
/home/yolo/eyrc_hb/hb_task_2_ws/install/hb_task2b/lib/python3.10/site-packages/hb_task2b/__pycache__/feedback.cpython-310.pyc
/home/yolo/eyrc_hb/hb_task_2_ws/install/hb_task2b/lib/python3.10/site-packages/hb_task2b/__pycache__/bot_controller2.cpython-310.pyc
/home/yolo/eyrc_hb/hb_task_2_ws/install/hb_task2b/lib/python3.10/site-packages/hb_task2b/__pycache__/nextGoalPub.cpython-310.pyc
/home/yolo/eyrc_hb/hb_task_2_ws/install/hb_task2b/lib/python3.10/site-packages/hb_task2b/__pycache__/bot_controller3.cpython-310.pyc
/home/yolo/eyrc_hb/hb_task_2_ws/install/hb_task2b/lib/python3.10/site-packages/hb_task2b/__pycache__/__init__.cpython-310.pyc
/home/yolo/eyrc_hb/hb_task_2_ws/install/hb_task2b/lib/python3.10/site-packages/hb_task2b/__pycache__/bot_controller_1.cpython-310.pyc
/home/yolo/eyrc_hb/hb_task_2_ws/install/hb_task2b/share/ament_index/resource_index/packages/hb_task2b
/home/yolo/eyrc_hb/hb_task_2_ws/install/hb_task2b/share/hb_task2b/package.xml
/home/yolo/eyrc_hb/hb_task_2_ws/install/hb_task2b/share/hb_task2b/launch/submission.launch.py
/home/yolo/eyrc_hb/hb_task_2_ws/install/hb_task2b/share/hb_task2b/launch/task2b.launch.py
/home/yolo/eyrc_hb/hb_task_2_ws/install/hb_task2b/share/hb_task2b/launch/controller.launch.py
/home/yolo/eyrc_hb/hb_task_2_ws/install/hb_task2b/share/hb_task2b/scripts/controller1.py
/home/yolo/eyrc_hb/hb_task_2_ws/install/hb_task2b/share/hb_task2b/scripts/feedback.py
/home/yolo/eyrc_hb/hb_task_2_ws/install/hb_task2b/lib/python3.10/site-packages/hb_task2b-0.0.0-py3.10.egg-info/PKG-INFO
/home/yolo/eyrc_hb/hb_task_2_ws/install/hb_task2b/lib/python3.10/site-packages/hb_task2b-0.0.0-py3.10.egg-info/entry_points.txt
/home/yolo/eyrc_hb/hb_task_2_ws/install/hb_task2b/lib/python3.10/site-packages/hb_task2b-0.0.0-py3.10.egg-info/dependency_links.txt
/home/yolo/eyrc_hb/hb_task_2_ws/install/hb_task2b/lib/python3.10/site-packages/hb_task2b-0.0.0-py3.10.egg-info/top_level.txt
/home/yolo/eyrc_hb/hb_task_2_ws/install/hb_task2b/lib/python3.10/site-packages/hb_task2b-0.0.0-py3.10.egg-info/requires.txt
/home/yolo/eyrc_hb/hb_task_2_ws/install/hb_task2b/lib/python3.10/site-packages/hb_task2b-0.0.0-py3.10.egg-info/zip-safe
/home/yolo/eyrc_hb/hb_task_2_ws/install/hb_task2b/lib/python3.10/site-packages/hb_task2b-0.0.0-py3.10.egg-info/SOURCES.txt
/home/yolo/eyrc_hb/hb_task_2_ws/install/hb_task2b/lib/hb_task2b/controller
/home/yolo/eyrc_hb/hb_task_2_ws/install/hb_task2b/lib/hb_task2b/controller2
/home/yolo/eyrc_hb/hb_task_2_ws/install/hb_task2b/lib/hb_task2b/controller3
/home/yolo/eyrc_hb/hb_task_2_ws/install/hb_task2b/lib/hb_task2b/feedback
/home/yolo/eyrc_hb/hb_task_2_ws/install/hb_task2b/lib/hb_task2b/nextgoalpub
