[1.711s] DEBUG:colcon:Command line arguments: ['/home/yolo/.local/bin/colcon', 'build']
[1.711s] DEBUG:colcon:Parsed command line arguments: Namespace(log_base=None, log_level=None, verb_name='build', build_base='build', install_base='install', merge_install=False, symlink_install=False, test_result_base=None, continue_on_error=False, executor='parallel', parallel_workers=4, event_handlers=None, ignore_user_meta=False, metas=['./colcon.meta'], base_paths=['.'], packages_ignore=None, packages_ignore_regex=None, paths=None, packages_up_to=None, packages_up_to_regex=None, packages_above=None, packages_above_and_dependencies=None, packages_above_depth=None, packages_select_by_dep=None, packages_skip_by_dep=None, packages_skip_up_to=None, packages_select_build_failed=False, packages_skip_build_finished=False, packages_select_test_failures=False, packages_skip_test_passed=False, packages_select=None, packages_skip=None, packages_select_regex=None, packages_skip_regex=None, packages_start=None, packages_end=None, cmake_args=None, cmake_target=None, cmake_target_skip_unavailable=False, cmake_clean_cache=False, cmake_clean_first=False, cmake_force_configure=False, ament_cmake_args=None, catkin_cmake_args=None, catkin_skip_building_tests=False, verb_parser=<colcon_defaults.argument_parser.defaults.DefaultArgumentsDecorator object at 0x7f61f95795a0>, verb_extension=<colcon_core.verb.build.BuildVerb object at 0x7f61f957a920>, main=<bound method BuildVerb.main of <colcon_core.verb.build.BuildVerb object at 0x7f61f957a920>>)
[1.800s] Level 1:colcon.colcon_core.package_discovery:discover_packages(colcon_meta) check parameters
[1.800s] Level 1:colcon.colcon_core.package_discovery:discover_packages(recursive) check parameters
[1.800s] Level 1:colcon.colcon_core.package_discovery:discover_packages(ignore) check parameters
[1.800s] Level 1:colcon.colcon_core.package_discovery:discover_packages(path) check parameters
[1.800s] Level 1:colcon.colcon_core.package_discovery:discover_packages(colcon_meta) discover
[1.800s] Level 1:colcon.colcon_core.package_discovery:discover_packages(recursive) discover
[1.800s] INFO:colcon.colcon_core.package_discovery:Crawling recursively for packages in '/home/yolo/eyrc_hb/hb_task1b_ws'
[1.801s] Level 1:colcon.colcon_core.package_identification:_identify(.) by extensions ['ignore', 'ignore_ament_install']
[1.801s] Level 1:colcon.colcon_core.package_identification:_identify(.) by extension 'ignore'
[1.801s] Level 1:colcon.colcon_core.package_identification:_identify(.) by extension 'ignore_ament_install'
[1.801s] Level 1:colcon.colcon_core.package_identification:_identify(.) by extensions ['colcon_pkg']
[1.801s] Level 1:colcon.colcon_core.package_identification:_identify(.) by extension 'colcon_pkg'
[1.801s] Level 1:colcon.colcon_core.package_identification:_identify(.) by extensions ['colcon_meta']
[1.801s] Level 1:colcon.colcon_core.package_identification:_identify(.) by extension 'colcon_meta'
[1.801s] Level 1:colcon.colcon_core.package_identification:_identify(.) by extensions ['ros']
[1.801s] Level 1:colcon.colcon_core.package_identification:_identify(.) by extension 'ros'
[1.823s] Level 1:colcon.colcon_core.package_identification:_identify(.) by extensions ['cmake', 'python']
[1.823s] Level 1:colcon.colcon_core.package_identification:_identify(.) by extension 'cmake'
[1.823s] Level 1:colcon.colcon_core.package_identification:_identify(.) by extension 'python'
[1.823s] Level 1:colcon.colcon_core.package_identification:_identify(.) by extensions ['python_setup_py']
[1.824s] Level 1:colcon.colcon_core.package_identification:_identify(.) by extension 'python_setup_py'
[1.824s] Level 1:colcon.colcon_core.package_identification:_identify(build) by extensions ['ignore', 'ignore_ament_install']
[1.824s] Level 1:colcon.colcon_core.package_identification:_identify(build) by extension 'ignore'
[1.824s] Level 1:colcon.colcon_core.package_identification:_identify(build) ignored
[1.824s] Level 1:colcon.colcon_core.package_identification:_identify(install) by extensions ['ignore', 'ignore_ament_install']
[1.824s] Level 1:colcon.colcon_core.package_identification:_identify(install) by extension 'ignore'
[1.824s] Level 1:colcon.colcon_core.package_identification:_identify(install) ignored
[1.825s] Level 1:colcon.colcon_core.package_identification:_identify(log) by extensions ['ignore', 'ignore_ament_install']
[1.825s] Level 1:colcon.colcon_core.package_identification:_identify(log) by extension 'ignore'
[1.825s] Level 1:colcon.colcon_core.package_identification:_identify(log) ignored
[1.825s] Level 1:colcon.colcon_core.package_identification:_identify(src) by extensions ['ignore', 'ignore_ament_install']
[1.825s] Level 1:colcon.colcon_core.package_identification:_identify(src) by extension 'ignore'
[1.825s] Level 1:colcon.colcon_core.package_identification:_identify(src) by extension 'ignore_ament_install'
[1.825s] Level 1:colcon.colcon_core.package_identification:_identify(src) by extensions ['colcon_pkg']
[1.825s] Level 1:colcon.colcon_core.package_identification:_identify(src) by extension 'colcon_pkg'
[1.825s] Level 1:colcon.colcon_core.package_identification:_identify(src) by extensions ['colcon_meta']
[1.825s] Level 1:colcon.colcon_core.package_identification:_identify(src) by extension 'colcon_meta'
[1.826s] Level 1:colcon.colcon_core.package_identification:_identify(src) by extensions ['ros']
[1.826s] Level 1:colcon.colcon_core.package_identification:_identify(src) by extension 'ros'
[1.826s] Level 1:colcon.colcon_core.package_identification:_identify(src) by extensions ['cmake', 'python']
[1.826s] Level 1:colcon.colcon_core.package_identification:_identify(src) by extension 'cmake'
[1.826s] Level 1:colcon.colcon_core.package_identification:_identify(src) by extension 'python'
[1.826s] Level 1:colcon.colcon_core.package_identification:_identify(src) by extensions ['python_setup_py']
[1.826s] Level 1:colcon.colcon_core.package_identification:_identify(src) by extension 'python_setup_py'
[1.826s] Level 1:colcon.colcon_core.package_identification:_identify(src/hb_task_1b) by extensions ['ignore', 'ignore_ament_install']
[1.826s] Level 1:colcon.colcon_core.package_identification:_identify(src/hb_task_1b) by extension 'ignore'
[1.826s] Level 1:colcon.colcon_core.package_identification:_identify(src/hb_task_1b) by extension 'ignore_ament_install'
[1.826s] Level 1:colcon.colcon_core.package_identification:_identify(src/hb_task_1b) by extensions ['colcon_pkg']
[1.827s] Level 1:colcon.colcon_core.package_identification:_identify(src/hb_task_1b) by extension 'colcon_pkg'
[1.827s] Level 1:colcon.colcon_core.package_identification:_identify(src/hb_task_1b) by extensions ['colcon_meta']
[1.827s] Level 1:colcon.colcon_core.package_identification:_identify(src/hb_task_1b) by extension 'colcon_meta'
[1.827s] Level 1:colcon.colcon_core.package_identification:_identify(src/hb_task_1b) by extensions ['ros']
[1.827s] Level 1:colcon.colcon_core.package_identification:_identify(src/hb_task_1b) by extension 'ros'
[1.832s] DEBUG:colcon.colcon_core.package_identification:Package 'src/hb_task_1b' with type 'ros.ament_python' and name 'hb_task_1b'
[1.832s] Level 1:colcon.colcon_core.package_identification:_identify(src/my_robot_interfaces) by extensions ['ignore', 'ignore_ament_install']
[1.832s] Level 1:colcon.colcon_core.package_identification:_identify(src/my_robot_interfaces) by extension 'ignore'
[1.832s] Level 1:colcon.colcon_core.package_identification:_identify(src/my_robot_interfaces) by extension 'ignore_ament_install'
[1.832s] Level 1:colcon.colcon_core.package_identification:_identify(src/my_robot_interfaces) by extensions ['colcon_pkg']
[1.833s] Level 1:colcon.colcon_core.package_identification:_identify(src/my_robot_interfaces) by extension 'colcon_pkg'
[1.833s] Level 1:colcon.colcon_core.package_identification:_identify(src/my_robot_interfaces) by extensions ['colcon_meta']
[1.833s] Level 1:colcon.colcon_core.package_identification:_identify(src/my_robot_interfaces) by extension 'colcon_meta'
[1.833s] Level 1:colcon.colcon_core.package_identification:_identify(src/my_robot_interfaces) by extensions ['ros']
[1.833s] Level 1:colcon.colcon_core.package_identification:_identify(src/my_robot_interfaces) by extension 'ros'
[1.834s] DEBUG:colcon.colcon_core.package_identification:Package 'src/my_robot_interfaces' with type 'ros.ament_cmake' and name 'my_robot_interfaces'
[1.834s] Level 1:colcon.colcon_core.package_discovery:discover_packages(recursive) using defaults
[1.834s] Level 1:colcon.colcon_core.package_discovery:discover_packages(ignore) discover
[1.834s] Level 1:colcon.colcon_core.package_discovery:discover_packages(ignore) using defaults
[1.834s] Level 1:colcon.colcon_core.package_discovery:discover_packages(path) discover
[1.834s] Level 1:colcon.colcon_core.package_discovery:discover_packages(path) using defaults
[1.963s] Level 5:colcon.colcon_core.verb:set package 'hb_task_1b' build argument 'cmake_args' from command line to 'None'
[1.964s] Level 5:colcon.colcon_core.verb:set package 'hb_task_1b' build argument 'cmake_target' from command line to 'None'
[1.964s] Level 5:colcon.colcon_core.verb:set package 'hb_task_1b' build argument 'cmake_target_skip_unavailable' from command line to 'False'
[1.964s] Level 5:colcon.colcon_core.verb:set package 'hb_task_1b' build argument 'cmake_clean_cache' from command line to 'False'
[1.964s] Level 5:colcon.colcon_core.verb:set package 'hb_task_1b' build argument 'cmake_clean_first' from command line to 'False'
[1.964s] Level 5:colcon.colcon_core.verb:set package 'hb_task_1b' build argument 'cmake_force_configure' from command line to 'False'
[1.964s] Level 5:colcon.colcon_core.verb:set package 'hb_task_1b' build argument 'ament_cmake_args' from command line to 'None'
[1.964s] Level 5:colcon.colcon_core.verb:set package 'hb_task_1b' build argument 'catkin_cmake_args' from command line to 'None'
[1.964s] Level 5:colcon.colcon_core.verb:set package 'hb_task_1b' build argument 'catkin_skip_building_tests' from command line to 'False'
[1.964s] DEBUG:colcon.colcon_core.verb:Building package 'hb_task_1b' with the following arguments: {'ament_cmake_args': None, 'build_base': '/home/yolo/eyrc_hb/hb_task1b_ws/build/hb_task_1b', 'catkin_cmake_args': None, 'catkin_skip_building_tests': False, 'cmake_args': None, 'cmake_clean_cache': False, 'cmake_clean_first': False, 'cmake_force_configure': False, 'cmake_target': None, 'cmake_target_skip_unavailable': False, 'install_base': '/home/yolo/eyrc_hb/hb_task1b_ws/install/hb_task_1b', 'merge_install': False, 'path': '/home/yolo/eyrc_hb/hb_task1b_ws/src/hb_task_1b', 'symlink_install': False, 'test_result_base': None}
[1.989s] Level 5:colcon.colcon_core.verb:set package 'my_robot_interfaces' build argument 'cmake_args' from command line to 'None'
[1.989s] Level 5:colcon.colcon_core.verb:set package 'my_robot_interfaces' build argument 'cmake_target' from command line to 'None'
[1.989s] Level 5:colcon.colcon_core.verb:set package 'my_robot_interfaces' build argument 'cmake_target_skip_unavailable' from command line to 'False'
[1.989s] Level 5:colcon.colcon_core.verb:set package 'my_robot_interfaces' build argument 'cmake_clean_cache' from command line to 'False'
[1.989s] Level 5:colcon.colcon_core.verb:set package 'my_robot_interfaces' build argument 'cmake_clean_first' from command line to 'False'
[1.989s] Level 5:colcon.colcon_core.verb:set package 'my_robot_interfaces' build argument 'cmake_force_configure' from command line to 'False'
[1.989s] Level 5:colcon.colcon_core.verb:set package 'my_robot_interfaces' build argument 'ament_cmake_args' from command line to 'None'
[1.989s] Level 5:colcon.colcon_core.verb:set package 'my_robot_interfaces' build argument 'catkin_cmake_args' from command line to 'None'
[1.989s] Level 5:colcon.colcon_core.verb:set package 'my_robot_interfaces' build argument 'catkin_skip_building_tests' from command line to 'False'
[1.989s] DEBUG:colcon.colcon_core.verb:Building package 'my_robot_interfaces' with the following arguments: {'ament_cmake_args': None, 'build_base': '/home/yolo/eyrc_hb/hb_task1b_ws/build/my_robot_interfaces', 'catkin_cmake_args': None, 'catkin_skip_building_tests': False, 'cmake_args': None, 'cmake_clean_cache': False, 'cmake_clean_first': False, 'cmake_force_configure': False, 'cmake_target': None, 'cmake_target_skip_unavailable': False, 'install_base': '/home/yolo/eyrc_hb/hb_task1b_ws/install/my_robot_interfaces', 'merge_install': False, 'path': '/home/yolo/eyrc_hb/hb_task1b_ws/src/my_robot_interfaces', 'symlink_install': False, 'test_result_base': None}
[2.014s] INFO:colcon.colcon_core.executor:Executing jobs using 'parallel' executor
[2.041s] DEBUG:colcon.colcon_parallel_executor.executor.parallel:run_until_complete
[2.042s] INFO:colcon.colcon_ros.task.ament_python.build:Building ROS package in '/home/yolo/eyrc_hb/hb_task1b_ws/src/hb_task_1b' with build type 'ament_python'
[2.042s] Level 1:colcon.colcon_core.shell:create_environment_hook('hb_task_1b', 'ament_prefix_path')
[2.082s] INFO:colcon.colcon_core.plugin_system:Skipping extension 'colcon_core.shell.bat': Not used on non-Windows systems
[2.082s] INFO:colcon.colcon_core.shell:Creating environment hook '/home/yolo/eyrc_hb/hb_task1b_ws/install/hb_task_1b/share/hb_task_1b/hook/ament_prefix_path.ps1'
[2.084s] INFO:colcon.colcon_core.shell:Creating environment descriptor '/home/yolo/eyrc_hb/hb_task1b_ws/install/hb_task_1b/share/hb_task_1b/hook/ament_prefix_path.dsv'
[2.084s] INFO:colcon.colcon_core.shell:Creating environment hook '/home/yolo/eyrc_hb/hb_task1b_ws/install/hb_task_1b/share/hb_task_1b/hook/ament_prefix_path.sh'
[2.110s] INFO:colcon.colcon_core.shell:Skip shell extension 'powershell' for command environment: Not usable outside of PowerShell
[2.110s] DEBUG:colcon.colcon_core.shell:Skip shell extension 'dsv' for command environment
[2.135s] WARNING:colcon.colcon_ros.prefix_path.ament:The path '/home/yolo/eyrc_hb/hb_task1b_ws/install/my_robot_interfaces' in the environment variable AMENT_PREFIX_PATH doesn't exist
[2.136s] WARNING:colcon.colcon_ros.prefix_path.catkin:The path '/home/yolo/eyrc_hb/hb_task1b_ws/install/my_robot_interfaces' in the environment variable CMAKE_PREFIX_PATH doesn't exist
[2.196s] INFO:colcon.colcon_ros.task.ament_cmake.build:Building ROS package in '/home/yolo/eyrc_hb/hb_task1b_ws/src/my_robot_interfaces' with build type 'ament_cmake'
[2.196s] INFO:colcon.colcon_cmake.task.cmake.build:Building CMake package in '/home/yolo/eyrc_hb/hb_task1b_ws/src/my_robot_interfaces'
[2.223s] INFO:colcon.colcon_core.shell:Skip shell extension 'powershell' for command environment: Not usable outside of PowerShell
[2.224s] DEBUG:colcon.colcon_core.shell:Skip shell extension 'dsv' for command environment
[2.777s] INFO:colcon.colcon_core.task.python.build:Building Python package in '/home/yolo/eyrc_hb/hb_task1b_ws/src/hb_task_1b'
[2.805s] INFO:colcon.colcon_core.shell:Skip shell extension 'powershell' for command environment: Not usable outside of PowerShell
[2.805s] DEBUG:colcon.colcon_core.shell:Skip shell extension 'dsv' for command environment
[2.892s] DEBUG:colcon.colcon_core.event_handler.log_command:Invoking command in '/home/yolo/eyrc_hb/hb_task1b_ws/build/my_robot_interfaces': CMAKE_PREFIX_PATH=${CMAKE_PREFIX_PATH}:/home/yolo/eyrc_hb/hb_task1b_ws/install/hb_task_1b:/opt/ros/humble /usr/bin/cmake /home/yolo/eyrc_hb/hb_task1b_ws/src/my_robot_interfaces -DCMAKE_INSTALL_PREFIX=/home/yolo/eyrc_hb/hb_task1b_ws/install/my_robot_interfaces
[3.646s] DEBUG:colcon.colcon_core.event_handler.log_command:Invoking command in '/home/yolo/eyrc_hb/hb_task1b_ws/src/hb_task_1b': PYTHONPATH=/home/yolo/eyrc_hb/hb_task1b_ws/build/hb_task_1b/prefix_override:/home/yolo/eyrc_hb/hb_task1b_ws/install/hb_task_1b/lib/python3.10/site-packages:${PYTHONPATH} /usr/bin/python3 setup.py egg_info --egg-base ../../build/hb_task_1b build --build-base /home/yolo/eyrc_hb/hb_task1b_ws/build/hb_task_1b/build install --record /home/yolo/eyrc_hb/hb_task1b_ws/build/hb_task_1b/install.log --single-version-externally-managed
[4.286s] DEBUG:colcon.colcon_core.event_handler.log_command:Invoked command in '/home/yolo/eyrc_hb/hb_task1b_ws/src/hb_task_1b' returned '0': PYTHONPATH=/home/yolo/eyrc_hb/hb_task1b_ws/build/hb_task_1b/prefix_override:/home/yolo/eyrc_hb/hb_task1b_ws/install/hb_task_1b/lib/python3.10/site-packages:${PYTHONPATH} /usr/bin/python3 setup.py egg_info --egg-base ../../build/hb_task_1b build --build-base /home/yolo/eyrc_hb/hb_task1b_ws/build/hb_task_1b/build install --record /home/yolo/eyrc_hb/hb_task1b_ws/build/hb_task_1b/install.log --single-version-externally-managed
[4.318s] Level 1:colcon.colcon_core.environment:checking '/home/yolo/eyrc_hb/hb_task1b_ws/install/hb_task_1b' for CMake module files
[4.319s] Level 1:colcon.colcon_core.environment:checking '/home/yolo/eyrc_hb/hb_task1b_ws/install/hb_task_1b' for CMake config files
[4.321s] Level 1:colcon.colcon_core.environment:checking '/home/yolo/eyrc_hb/hb_task1b_ws/install/hb_task_1b/lib'
[4.321s] Level 1:colcon.colcon_core.environment:checking '/home/yolo/eyrc_hb/hb_task1b_ws/install/hb_task_1b/bin'
[4.321s] Level 1:colcon.colcon_core.environment:checking '/home/yolo/eyrc_hb/hb_task1b_ws/install/hb_task_1b/lib/pkgconfig/hb_task_1b.pc'
[4.322s] Level 1:colcon.colcon_core.environment:checking '/home/yolo/eyrc_hb/hb_task1b_ws/install/hb_task_1b/lib/python3.10/site-packages'
[4.322s] Level 1:colcon.colcon_core.shell:create_environment_hook('hb_task_1b', 'pythonpath')
[4.358s] INFO:colcon.colcon_core.shell:Creating environment hook '/home/yolo/eyrc_hb/hb_task1b_ws/install/hb_task_1b/share/hb_task_1b/hook/pythonpath.ps1'
[4.359s] INFO:colcon.colcon_core.shell:Creating environment descriptor '/home/yolo/eyrc_hb/hb_task1b_ws/install/hb_task_1b/share/hb_task_1b/hook/pythonpath.dsv'
[4.359s] INFO:colcon.colcon_core.shell:Creating environment hook '/home/yolo/eyrc_hb/hb_task1b_ws/install/hb_task_1b/share/hb_task_1b/hook/pythonpath.sh'
[4.361s] Level 1:colcon.colcon_core.environment:checking '/home/yolo/eyrc_hb/hb_task1b_ws/install/hb_task_1b/bin'
[4.361s] Level 1:colcon.colcon_core.environment:create_environment_scripts_only(hb_task_1b)
[4.396s] INFO:colcon.colcon_core.shell:Creating package script '/home/yolo/eyrc_hb/hb_task1b_ws/install/hb_task_1b/share/hb_task_1b/package.ps1'
[4.400s] INFO:colcon.colcon_core.shell:Creating package descriptor '/home/yolo/eyrc_hb/hb_task1b_ws/install/hb_task_1b/share/hb_task_1b/package.dsv'
[4.402s] INFO:colcon.colcon_core.shell:Creating package script '/home/yolo/eyrc_hb/hb_task1b_ws/install/hb_task_1b/share/hb_task_1b/package.sh'
[4.403s] INFO:colcon.colcon_core.shell:Creating package script '/home/yolo/eyrc_hb/hb_task1b_ws/install/hb_task_1b/share/hb_task_1b/package.bash'
[4.405s] INFO:colcon.colcon_core.shell:Creating package script '/home/yolo/eyrc_hb/hb_task1b_ws/install/hb_task_1b/share/hb_task_1b/package.zsh'
[4.406s] Level 1:colcon.colcon_core.environment:create_file_with_runtime_dependencies(/home/yolo/eyrc_hb/hb_task1b_ws/install/hb_task_1b/share/colcon-core/packages/hb_task_1b)
[6.217s] DEBUG:colcon.colcon_core.event_handler.log_command:Invoked command in '/home/yolo/eyrc_hb/hb_task1b_ws/build/my_robot_interfaces' returned '0': CMAKE_PREFIX_PATH=${CMAKE_PREFIX_PATH}:/home/yolo/eyrc_hb/hb_task1b_ws/install/hb_task_1b:/opt/ros/humble /usr/bin/cmake /home/yolo/eyrc_hb/hb_task1b_ws/src/my_robot_interfaces -DCMAKE_INSTALL_PREFIX=/home/yolo/eyrc_hb/hb_task1b_ws/install/my_robot_interfaces
[6.219s] DEBUG:colcon.colcon_core.event_handler.log_command:Invoking command in '/home/yolo/eyrc_hb/hb_task1b_ws/build/my_robot_interfaces': CMAKE_PREFIX_PATH=${CMAKE_PREFIX_PATH}:/home/yolo/eyrc_hb/hb_task1b_ws/install/hb_task_1b:/opt/ros/humble /usr/bin/cmake --build /home/yolo/eyrc_hb/hb_task1b_ws/build/my_robot_interfaces -- -j4 -l4
[11.839s] DEBUG:colcon.colcon_core.event_handler.log_command:Invoked command in '/home/yolo/eyrc_hb/hb_task1b_ws/build/my_robot_interfaces' returned '0': CMAKE_PREFIX_PATH=${CMAKE_PREFIX_PATH}:/home/yolo/eyrc_hb/hb_task1b_ws/install/hb_task_1b:/opt/ros/humble /usr/bin/cmake --build /home/yolo/eyrc_hb/hb_task1b_ws/build/my_robot_interfaces -- -j4 -l4
[11.984s] DEBUG:colcon.colcon_core.event_handler.log_command:Invoking command in '/home/yolo/eyrc_hb/hb_task1b_ws/build/my_robot_interfaces': CMAKE_PREFIX_PATH=${CMAKE_PREFIX_PATH}:/home/yolo/eyrc_hb/hb_task1b_ws/install/hb_task_1b:/opt/ros/humble /usr/bin/cmake --install /home/yolo/eyrc_hb/hb_task1b_ws/build/my_robot_interfaces
[12.142s] Level 1:colcon.colcon_core.environment:create_environment_scripts_only(my_robot_interfaces)
[12.142s] DEBUG:colcon.colcon_core.event_handler.log_command:Invoked command in '/home/yolo/eyrc_hb/hb_task1b_ws/build/my_robot_interfaces' returned '0': CMAKE_PREFIX_PATH=${CMAKE_PREFIX_PATH}:/home/yolo/eyrc_hb/hb_task1b_ws/install/hb_task_1b:/opt/ros/humble /usr/bin/cmake --install /home/yolo/eyrc_hb/hb_task1b_ws/build/my_robot_interfaces
[12.172s] Level 1:colcon.colcon_core.environment:checking '/home/yolo/eyrc_hb/hb_task1b_ws/install/my_robot_interfaces' for CMake module files
[12.173s] Level 1:colcon.colcon_core.environment:checking '/home/yolo/eyrc_hb/hb_task1b_ws/install/my_robot_interfaces' for CMake config files
[12.174s] Level 1:colcon.colcon_core.shell:create_environment_hook('my_robot_interfaces', 'cmake_prefix_path')
[12.200s] INFO:colcon.colcon_core.shell:Creating environment hook '/home/yolo/eyrc_hb/hb_task1b_ws/install/my_robot_interfaces/share/my_robot_interfaces/hook/cmake_prefix_path.ps1'
[12.201s] INFO:colcon.colcon_core.shell:Creating environment descriptor '/home/yolo/eyrc_hb/hb_task1b_ws/install/my_robot_interfaces/share/my_robot_interfaces/hook/cmake_prefix_path.dsv'
[12.202s] INFO:colcon.colcon_core.shell:Creating environment hook '/home/yolo/eyrc_hb/hb_task1b_ws/install/my_robot_interfaces/share/my_robot_interfaces/hook/cmake_prefix_path.sh'
[12.202s] Level 1:colcon.colcon_core.environment:checking '/home/yolo/eyrc_hb/hb_task1b_ws/install/my_robot_interfaces/lib'
[12.203s] Level 1:colcon.colcon_core.shell:create_environment_hook('my_robot_interfaces', 'ld_library_path_lib')
[12.230s] INFO:colcon.colcon_core.shell:Creating environment hook '/home/yolo/eyrc_hb/hb_task1b_ws/install/my_robot_interfaces/share/my_robot_interfaces/hook/ld_library_path_lib.ps1'
[12.231s] INFO:colcon.colcon_core.shell:Creating environment descriptor '/home/yolo/eyrc_hb/hb_task1b_ws/install/my_robot_interfaces/share/my_robot_interfaces/hook/ld_library_path_lib.dsv'
[12.231s] INFO:colcon.colcon_core.shell:Creating environment hook '/home/yolo/eyrc_hb/hb_task1b_ws/install/my_robot_interfaces/share/my_robot_interfaces/hook/ld_library_path_lib.sh'
[12.232s] Level 1:colcon.colcon_core.environment:checking '/home/yolo/eyrc_hb/hb_task1b_ws/install/my_robot_interfaces/bin'
[12.232s] Level 1:colcon.colcon_core.environment:checking '/home/yolo/eyrc_hb/hb_task1b_ws/install/my_robot_interfaces/lib/pkgconfig/my_robot_interfaces.pc'
[12.232s] Level 1:colcon.colcon_core.environment:checking '/home/yolo/eyrc_hb/hb_task1b_ws/install/my_robot_interfaces/lib/python3.10/site-packages'
[12.233s] Level 1:colcon.colcon_core.environment:checking '/home/yolo/eyrc_hb/hb_task1b_ws/install/my_robot_interfaces/bin'
[12.257s] INFO:colcon.colcon_core.shell:Creating package script '/home/yolo/eyrc_hb/hb_task1b_ws/install/my_robot_interfaces/share/my_robot_interfaces/package.ps1'
[12.258s] INFO:colcon.colcon_core.shell:Creating package descriptor '/home/yolo/eyrc_hb/hb_task1b_ws/install/my_robot_interfaces/share/my_robot_interfaces/package.dsv'
[12.258s] INFO:colcon.colcon_core.shell:Creating package script '/home/yolo/eyrc_hb/hb_task1b_ws/install/my_robot_interfaces/share/my_robot_interfaces/package.sh'
[12.259s] INFO:colcon.colcon_core.shell:Creating package script '/home/yolo/eyrc_hb/hb_task1b_ws/install/my_robot_interfaces/share/my_robot_interfaces/package.bash'
[12.259s] INFO:colcon.colcon_core.shell:Creating package script '/home/yolo/eyrc_hb/hb_task1b_ws/install/my_robot_interfaces/share/my_robot_interfaces/package.zsh'
[12.260s] Level 1:colcon.colcon_core.environment:create_file_with_runtime_dependencies(/home/yolo/eyrc_hb/hb_task1b_ws/install/my_robot_interfaces/share/colcon-core/packages/my_robot_interfaces)
[12.420s] Level 1:colcon.colcon_core.environment:create_environment_scripts_only(my_robot_interfaces)
[12.446s] Level 1:colcon.colcon_core.environment:checking '/home/yolo/eyrc_hb/hb_task1b_ws/install/my_robot_interfaces' for CMake module files
[12.447s] Level 1:colcon.colcon_core.environment:checking '/home/yolo/eyrc_hb/hb_task1b_ws/install/my_robot_interfaces' for CMake config files
[12.447s] Level 1:colcon.colcon_core.shell:create_environment_hook('my_robot_interfaces', 'cmake_prefix_path')
[12.471s] INFO:colcon.colcon_core.shell:Creating environment hook '/home/yolo/eyrc_hb/hb_task1b_ws/install/my_robot_interfaces/share/my_robot_interfaces/hook/cmake_prefix_path.ps1'
[12.472s] INFO:colcon.colcon_core.shell:Creating environment descriptor '/home/yolo/eyrc_hb/hb_task1b_ws/install/my_robot_interfaces/share/my_robot_interfaces/hook/cmake_prefix_path.dsv'
[12.472s] INFO:colcon.colcon_core.shell:Creating environment hook '/home/yolo/eyrc_hb/hb_task1b_ws/install/my_robot_interfaces/share/my_robot_interfaces/hook/cmake_prefix_path.sh'
[12.473s] Level 1:colcon.colcon_core.environment:checking '/home/yolo/eyrc_hb/hb_task1b_ws/install/my_robot_interfaces/lib'
[12.473s] Level 1:colcon.colcon_core.shell:create_environment_hook('my_robot_interfaces', 'ld_library_path_lib')
[12.499s] INFO:colcon.colcon_core.shell:Creating environment hook '/home/yolo/eyrc_hb/hb_task1b_ws/install/my_robot_interfaces/share/my_robot_interfaces/hook/ld_library_path_lib.ps1'
[12.500s] INFO:colcon.colcon_core.shell:Creating environment descriptor '/home/yolo/eyrc_hb/hb_task1b_ws/install/my_robot_interfaces/share/my_robot_interfaces/hook/ld_library_path_lib.dsv'
[12.501s] INFO:colcon.colcon_core.shell:Creating environment hook '/home/yolo/eyrc_hb/hb_task1b_ws/install/my_robot_interfaces/share/my_robot_interfaces/hook/ld_library_path_lib.sh'
[12.501s] Level 1:colcon.colcon_core.environment:checking '/home/yolo/eyrc_hb/hb_task1b_ws/install/my_robot_interfaces/bin'
[12.501s] Level 1:colcon.colcon_core.environment:checking '/home/yolo/eyrc_hb/hb_task1b_ws/install/my_robot_interfaces/lib/pkgconfig/my_robot_interfaces.pc'
[12.502s] Level 1:colcon.colcon_core.environment:checking '/home/yolo/eyrc_hb/hb_task1b_ws/install/my_robot_interfaces/lib/python3.10/site-packages'
[12.502s] Level 1:colcon.colcon_core.environment:checking '/home/yolo/eyrc_hb/hb_task1b_ws/install/my_robot_interfaces/bin'
[12.527s] INFO:colcon.colcon_core.shell:Creating package script '/home/yolo/eyrc_hb/hb_task1b_ws/install/my_robot_interfaces/share/my_robot_interfaces/package.ps1'
[12.528s] INFO:colcon.colcon_core.shell:Creating package descriptor '/home/yolo/eyrc_hb/hb_task1b_ws/install/my_robot_interfaces/share/my_robot_interfaces/package.dsv'
[12.529s] INFO:colcon.colcon_core.shell:Creating package script '/home/yolo/eyrc_hb/hb_task1b_ws/install/my_robot_interfaces/share/my_robot_interfaces/package.sh'
[12.530s] INFO:colcon.colcon_core.shell:Creating package script '/home/yolo/eyrc_hb/hb_task1b_ws/install/my_robot_interfaces/share/my_robot_interfaces/package.bash'
[12.530s] INFO:colcon.colcon_core.shell:Creating package script '/home/yolo/eyrc_hb/hb_task1b_ws/install/my_robot_interfaces/share/my_robot_interfaces/package.zsh'
[12.531s] Level 1:colcon.colcon_core.environment:create_file_with_runtime_dependencies(/home/yolo/eyrc_hb/hb_task1b_ws/install/my_robot_interfaces/share/colcon-core/packages/my_robot_interfaces)
[12.531s] DEBUG:colcon.colcon_parallel_executor.executor.parallel:closing loop
[12.532s] DEBUG:colcon.colcon_parallel_executor.executor.parallel:loop closed
[12.532s] DEBUG:colcon.colcon_parallel_executor.executor.parallel:run_until_complete finished with '0'
[12.532s] DEBUG:colcon.colcon_core.event_reactor:joining thread
[12.574s] INFO:colcon.colcon_core.plugin_system:Skipping extension 'colcon_notification.desktop_notification.terminal_notifier': Not used on non-Darwin systems
[12.574s] INFO:colcon.colcon_core.plugin_system:Skipping extension 'colcon_notification.desktop_notification.win32': Not used on non-Windows systems
[12.575s] INFO:colcon.colcon_notification.desktop_notification:Sending desktop notification using 'notify2'
[12.598s] DEBUG:colcon.colcon_core.event_reactor:joined thread
[12.631s] INFO:colcon.colcon_core.shell:Creating prefix script '/home/yolo/eyrc_hb/hb_task1b_ws/install/local_setup.ps1'
[12.633s] INFO:colcon.colcon_core.shell:Creating prefix util module '/home/yolo/eyrc_hb/hb_task1b_ws/install/_local_setup_util_ps1.py'
[12.636s] INFO:colcon.colcon_core.shell:Creating prefix chain script '/home/yolo/eyrc_hb/hb_task1b_ws/install/setup.ps1'
[12.663s] INFO:colcon.colcon_core.shell:Creating prefix script '/home/yolo/eyrc_hb/hb_task1b_ws/install/local_setup.sh'
[12.664s] INFO:colcon.colcon_core.shell:Creating prefix util module '/home/yolo/eyrc_hb/hb_task1b_ws/install/_local_setup_util_sh.py'
[12.665s] INFO:colcon.colcon_core.shell:Creating prefix chain script '/home/yolo/eyrc_hb/hb_task1b_ws/install/setup.sh'
[12.692s] INFO:colcon.colcon_core.shell:Creating prefix script '/home/yolo/eyrc_hb/hb_task1b_ws/install/local_setup.bash'
[12.693s] INFO:colcon.colcon_core.shell:Creating prefix chain script '/home/yolo/eyrc_hb/hb_task1b_ws/install/setup.bash'
[12.722s] INFO:colcon.colcon_core.shell:Creating prefix script '/home/yolo/eyrc_hb/hb_task1b_ws/install/local_setup.zsh'
[12.723s] INFO:colcon.colcon_core.shell:Creating prefix chain script '/home/yolo/eyrc_hb/hb_task1b_ws/install/setup.zsh'
