running egg_info
writing ../../build/hb_task_1a/hb_task_1a.egg-info/PKG-INFO
writing dependency_links to ../../build/hb_task_1a/hb_task_1a.egg-info/dependency_links.txt
writing entry points to ../../build/hb_task_1a/hb_task_1a.egg-info/entry_points.txt
writing requirements to ../../build/hb_task_1a/hb_task_1a.egg-info/requires.txt
writing top-level names to ../../build/hb_task_1a/hb_task_1a.egg-info/top_level.txt
reading manifest file '../../build/hb_task_1a/hb_task_1a.egg-info/SOURCES.txt'
writing manifest file '../../build/hb_task_1a/hb_task_1a.egg-info/SOURCES.txt'
running build
running build_py
copying hb_task_1a/new_node.py -> /home/yolo/eyrc_hb/hb_task_1a_ws/build/hb_task_1a/build/lib/hb_task_1a
running install
running install_lib
copying /home/yolo/eyrc_hb/hb_task_1a_ws/build/hb_task_1a/build/lib/hb_task_1a/new_node.py -> /home/yolo/eyrc_hb/hb_task_1a_ws/install/hb_task_1a/lib/python3.10/site-packages/hb_task_1a
byte-compiling /home/yolo/eyrc_hb/hb_task_1a_ws/install/hb_task_1a/lib/python3.10/site-packages/hb_task_1a/new_node.py to new_node.cpython-310.pyc
running install_data
running install_egg_info
removing '/home/yolo/eyrc_hb/hb_task_1a_ws/install/hb_task_1a/lib/python3.10/site-packages/hb_task_1a-0.0.0-py3.10.egg-info' (and everything under it)
Copying ../../build/hb_task_1a/hb_task_1a.egg-info to /home/yolo/eyrc_hb/hb_task_1a_ws/install/hb_task_1a/lib/python3.10/site-packages/hb_task_1a-0.0.0-py3.10.egg-info
running install_scripts
Installing draw_circle script to /home/yolo/eyrc_hb/hb_task_1a_ws/install/hb_task_1a/lib/hb_task_1a
Installing sub script to /home/yolo/eyrc_hb/hb_task_1a_ws/install/hb_task_1a/lib/hb_task_1a
writing list of installed files to '/home/yolo/eyrc_hb/hb_task_1a_ws/build/hb_task_1a/install.log'
