[3.397s] Invoking command in '/home/yolo/eyrc_hb/hb_task_2_ws/src/eYRC-2023_Hologlyph_Bots/hb_task2a': PYTHONPATH=/home/yolo/eyrc_hb/hb_task_2_ws/build/hb_task2a/prefix_override:/home/yolo/eyrc_hb/hb_task_2_ws/install/hb_task2a/lib/python3.10/site-packages:${PYTHONPATH} /usr/bin/python3 setup.py egg_info --egg-base ../../../build/hb_task2a build --build-base /home/yolo/eyrc_hb/hb_task_2_ws/build/hb_task2a/build install --record /home/yolo/eyrc_hb/hb_task_2_ws/build/hb_task2a/install.log --single-version-externally-managed
[4.266s] running egg_info
[4.271s] writing ../../../build/hb_task2a/hb_task2a.egg-info/PKG-INFO
[4.272s] writing dependency_links to ../../../build/hb_task2a/hb_task2a.egg-info/dependency_links.txt
[4.273s] writing entry points to ../../../build/hb_task2a/hb_task2a.egg-info/entry_points.txt
[4.274s] writing requirements to ../../../build/hb_task2a/hb_task2a.egg-info/requires.txt
[4.276s] writing top-level names to ../../../build/hb_task2a/hb_task2a.egg-info/top_level.txt
[4.285s] reading manifest file '../../../build/hb_task2a/hb_task2a.egg-info/SOURCES.txt'
[4.288s] writing manifest file '../../../build/hb_task2a/hb_task2a.egg-info/SOURCES.txt'
[4.289s] running build
[4.290s] running build_py
[4.291s] copying hb_task2a/feedback.py -> /home/yolo/eyrc_hb/hb_task_2_ws/build/hb_task2a/build/lib/hb_task2a
[4.293s] copying hb_task2a/service_node.py -> /home/yolo/eyrc_hb/hb_task_2_ws/build/hb_task2a/build/lib/hb_task2a
[4.294s] copying hb_task2a/controller.py -> /home/yolo/eyrc_hb/hb_task_2_ws/build/hb_task2a/build/lib/hb_task2a
[4.295s] running install
[4.297s] running install_lib
[4.301s] copying /home/yolo/eyrc_hb/hb_task_2_ws/build/hb_task2a/build/lib/hb_task2a/feedback.py -> /home/yolo/eyrc_hb/hb_task_2_ws/install/hb_task2a/lib/python3.10/site-packages/hb_task2a
[4.301s] copying /home/yolo/eyrc_hb/hb_task_2_ws/build/hb_task2a/build/lib/hb_task2a/service_node.py -> /home/yolo/eyrc_hb/hb_task_2_ws/install/hb_task2a/lib/python3.10/site-packages/hb_task2a
[4.301s] copying /home/yolo/eyrc_hb/hb_task_2_ws/build/hb_task2a/build/lib/hb_task2a/controller.py -> /home/yolo/eyrc_hb/hb_task_2_ws/install/hb_task2a/lib/python3.10/site-packages/hb_task2a
[4.302s] byte-compiling /home/yolo/eyrc_hb/hb_task_2_ws/install/hb_task2a/lib/python3.10/site-packages/hb_task2a/feedback.py to feedback.cpython-310.pyc
[4.304s] byte-compiling /home/yolo/eyrc_hb/hb_task_2_ws/install/hb_task2a/lib/python3.10/site-packages/hb_task2a/service_node.py to service_node.cpython-310.pyc
[4.309s] byte-compiling /home/yolo/eyrc_hb/hb_task_2_ws/install/hb_task2a/lib/python3.10/site-packages/hb_task2a/controller.py to controller.cpython-310.pyc
[4.312s] running install_data
[4.314s] running install_egg_info
[4.318s] removing '/home/yolo/eyrc_hb/hb_task_2_ws/install/hb_task2a/lib/python3.10/site-packages/hb_task2a-0.0.0-py3.10.egg-info' (and everything under it)
[4.319s] Copying ../../../build/hb_task2a/hb_task2a.egg-info to /home/yolo/eyrc_hb/hb_task_2_ws/install/hb_task2a/lib/python3.10/site-packages/hb_task2a-0.0.0-py3.10.egg-info
[4.322s] running install_scripts
[4.385s] Installing controller script to /home/yolo/eyrc_hb/hb_task_2_ws/install/hb_task2a/lib/hb_task2a
[4.387s] Installing feedback script to /home/yolo/eyrc_hb/hb_task_2_ws/install/hb_task2a/lib/hb_task2a
[4.388s] Installing service script to /home/yolo/eyrc_hb/hb_task_2_ws/install/hb_task2a/lib/hb_task2a
[4.390s] writing list of installed files to '/home/yolo/eyrc_hb/hb_task_2_ws/build/hb_task2a/install.log'
[4.651s] Invoked command in '/home/yolo/eyrc_hb/hb_task_2_ws/src/eYRC-2023_Hologlyph_Bots/hb_task2a' returned '0': PYTHONPATH=/home/yolo/eyrc_hb/hb_task_2_ws/build/hb_task2a/prefix_override:/home/yolo/eyrc_hb/hb_task_2_ws/install/hb_task2a/lib/python3.10/site-packages:${PYTHONPATH} /usr/bin/python3 setup.py egg_info --egg-base ../../../build/hb_task2a build --build-base /home/yolo/eyrc_hb/hb_task_2_ws/build/hb_task2a/build install --record /home/yolo/eyrc_hb/hb_task_2_ws/build/hb_task2a/install.log --single-version-externally-managed
