[0.627s] Invoking command in '/home/yolo/eyrc_hb/hb_task_2_ws/build/hb_bot': CMAKE_PREFIX_PATH=${CMAKE_PREFIX_PATH}:/home/yolo/eyrc_hb/hb_task1b_ws/install/hb_task_1b:/opt/ros/humble /usr/bin/cmake --build /home/yolo/eyrc_hb/hb_task_2_ws/build/hb_bot -- -j4 -l4
[2.050s] Invoked command in '/home/yolo/eyrc_hb/hb_task_2_ws/build/hb_bot' returned '0': CMAKE_PREFIX_PATH=${CMAKE_PREFIX_PATH}:/home/yolo/eyrc_hb/hb_task1b_ws/install/hb_task_1b:/opt/ros/humble /usr/bin/cmake --build /home/yolo/eyrc_hb/hb_task_2_ws/build/hb_bot -- -j4 -l4
[2.162s] Invoking command in '/home/yolo/eyrc_hb/hb_task_2_ws/build/hb_bot': CMAKE_PREFIX_PATH=${CMAKE_PREFIX_PATH}:/home/yolo/eyrc_hb/hb_task1b_ws/install/hb_task_1b:/opt/ros/humble /usr/bin/cmake --install /home/yolo/eyrc_hb/hb_task_2_ws/build/hb_bot
[2.190s] -- Install configuration: ""
[2.191s] -- Up-to-date: /home/yolo/eyrc_hb/hb_task_2_ws/install/hb_bot/share/hb_bot//launch
[2.191s] -- Up-to-date: /home/yolo/eyrc_hb/hb_task_2_ws/install/hb_bot/share/hb_bot//launch/Spawn_bot.launch.py
[2.191s] -- Up-to-date: /home/yolo/eyrc_hb/hb_task_2_ws/install/hb_bot/share/hb_bot//launch/multi_bot_spawn.launch.py
[2.192s] -- Up-to-date: /home/yolo/eyrc_hb/hb_task_2_ws/install/hb_bot/share/hb_bot//meshes
[2.192s] -- Up-to-date: /home/yolo/eyrc_hb/hb_task_2_ws/install/hb_bot/share/hb_bot//meshes/bot_1.dae
[2.192s] -- Up-to-date: /home/yolo/eyrc_hb/hb_task_2_ws/install/hb_bot/share/hb_bot//meshes/bot_3.jpg
[2.193s] -- Up-to-date: /home/yolo/eyrc_hb/hb_task_2_ws/install/hb_bot/share/hb_bot//meshes/wheel.stl
[2.193s] -- Up-to-date: /home/yolo/eyrc_hb/hb_task_2_ws/install/hb_bot/share/hb_bot//meshes/bot_1.jpg.001.jpg
[2.194s] -- Up-to-date: /home/yolo/eyrc_hb/hb_task_2_ws/install/hb_bot/share/hb_bot//meshes/bot_1.jpg
[2.194s] -- Up-to-date: /home/yolo/eyrc_hb/hb_task_2_ws/install/hb_bot/share/hb_bot//meshes/bot_2.dae
[2.194s] -- Up-to-date: /home/yolo/eyrc_hb/hb_task_2_ws/install/hb_bot/share/hb_bot//meshes/bot_2.jpg
[2.195s] -- Up-to-date: /home/yolo/eyrc_hb/hb_task_2_ws/install/hb_bot/share/hb_bot//meshes/bot_2.jpg.001.jpg
[2.195s] -- Up-to-date: /home/yolo/eyrc_hb/hb_task_2_ws/install/hb_bot/share/hb_bot//meshes/bot_3.jpg.001.jpg
[2.195s] -- Up-to-date: /home/yolo/eyrc_hb/hb_task_2_ws/install/hb_bot/share/hb_bot//meshes/bot_3.dae
[2.196s] -- Up-to-date: /home/yolo/eyrc_hb/hb_task_2_ws/install/hb_bot/share/hb_bot//urdf
[2.196s] -- Up-to-date: /home/yolo/eyrc_hb/hb_task_2_ws/install/hb_bot/share/hb_bot//urdf/materials.xacro
[2.197s] -- Up-to-date: /home/yolo/eyrc_hb/hb_task_2_ws/install/hb_bot/share/hb_bot//urdf/hb_bot_1.urdf.xacro
[2.197s] -- Up-to-date: /home/yolo/eyrc_hb/hb_task_2_ws/install/hb_bot/share/hb_bot//urdf/hb_bot_2.urdf.xacro
[2.198s] -- Up-to-date: /home/yolo/eyrc_hb/hb_task_2_ws/install/hb_bot/share/hb_bot//urdf/hb_bot_3.urdf.xacro
[2.199s] -- Up-to-date: /home/yolo/eyrc_hb/hb_task_2_ws/install/hb_bot/share/ament_index/resource_index/package_run_dependencies/hb_bot
[2.199s] -- Up-to-date: /home/yolo/eyrc_hb/hb_task_2_ws/install/hb_bot/share/ament_index/resource_index/parent_prefix_path/hb_bot
[2.200s] -- Up-to-date: /home/yolo/eyrc_hb/hb_task_2_ws/install/hb_bot/share/hb_bot/environment/ament_prefix_path.sh
[2.200s] -- Up-to-date: /home/yolo/eyrc_hb/hb_task_2_ws/install/hb_bot/share/hb_bot/environment/ament_prefix_path.dsv
[2.201s] -- Up-to-date: /home/yolo/eyrc_hb/hb_task_2_ws/install/hb_bot/share/hb_bot/environment/path.sh
[2.202s] -- Up-to-date: /home/yolo/eyrc_hb/hb_task_2_ws/install/hb_bot/share/hb_bot/environment/path.dsv
[2.202s] -- Up-to-date: /home/yolo/eyrc_hb/hb_task_2_ws/install/hb_bot/share/hb_bot/local_setup.bash
[2.203s] -- Up-to-date: /home/yolo/eyrc_hb/hb_task_2_ws/install/hb_bot/share/hb_bot/local_setup.sh
[2.203s] -- Up-to-date: /home/yolo/eyrc_hb/hb_task_2_ws/install/hb_bot/share/hb_bot/local_setup.zsh
[2.204s] -- Up-to-date: /home/yolo/eyrc_hb/hb_task_2_ws/install/hb_bot/share/hb_bot/local_setup.dsv
[2.204s] -- Installing: /home/yolo/eyrc_hb/hb_task_2_ws/install/hb_bot/share/hb_bot/package.dsv
[2.205s] -- Up-to-date: /home/yolo/eyrc_hb/hb_task_2_ws/install/hb_bot/share/ament_index/resource_index/packages/hb_bot
[2.206s] -- Up-to-date: /home/yolo/eyrc_hb/hb_task_2_ws/install/hb_bot/share/hb_bot/cmake/hb_botConfig.cmake
[2.206s] -- Up-to-date: /home/yolo/eyrc_hb/hb_task_2_ws/install/hb_bot/share/hb_bot/cmake/hb_botConfig-version.cmake
[2.207s] -- Up-to-date: /home/yolo/eyrc_hb/hb_task_2_ws/install/hb_bot/share/hb_bot/package.xml
[2.217s] Invoked command in '/home/yolo/eyrc_hb/hb_task_2_ws/build/hb_bot' returned '0': CMAKE_PREFIX_PATH=${CMAKE_PREFIX_PATH}:/home/yolo/eyrc_hb/hb_task1b_ws/install/hb_task_1b:/opt/ros/humble /usr/bin/cmake --install /home/yolo/eyrc_hb/hb_task_2_ws/build/hb_bot
