[2.287s] DEBUG:colcon:Command line arguments: ['/home/yolo/.local/bin/colcon', 'build']
[2.287s] DEBUG:colcon:Parsed command line arguments: Namespace(log_base=None, log_level=None, verb_name='build', build_base='build', install_base='install', merge_install=False, symlink_install=False, test_result_base=None, continue_on_error=False, executor='parallel', parallel_workers=4, event_handlers=None, ignore_user_meta=False, metas=['./colcon.meta'], base_paths=['.'], packages_ignore=None, packages_ignore_regex=None, paths=None, packages_up_to=None, packages_up_to_regex=None, packages_above=None, packages_above_and_dependencies=None, packages_above_depth=None, packages_select_by_dep=None, packages_skip_by_dep=None, packages_skip_up_to=None, packages_select_build_failed=False, packages_skip_build_finished=False, packages_select_test_failures=False, packages_skip_test_passed=False, packages_select=None, packages_skip=None, packages_select_regex=None, packages_skip_regex=None, packages_start=None, packages_end=None, allow_overriding=[], cmake_args=None, cmake_target=None, cmake_target_skip_unavailable=False, cmake_clean_cache=False, cmake_clean_first=False, cmake_force_configure=False, ament_cmake_args=None, catkin_cmake_args=None, catkin_skip_building_tests=False, verb_parser=<colcon_defaults.argument_parser.defaults.DefaultArgumentsDecorator object at 0x7fc5ae01dc00>, verb_extension=<colcon_core.verb.build.BuildVerb object at 0x7fc5ae01f040>, main=<bound method BuildVerb.main of <colcon_core.verb.build.BuildVerb object at 0x7fc5ae01f040>>)
[2.400s] Level 1:colcon.colcon_core.package_discovery:discover_packages(colcon_meta) check parameters
[2.400s] Level 1:colcon.colcon_core.package_discovery:discover_packages(recursive) check parameters
[2.400s] Level 1:colcon.colcon_core.package_discovery:discover_packages(ignore) check parameters
[2.400s] Level 1:colcon.colcon_core.package_discovery:discover_packages(path) check parameters
[2.400s] Level 1:colcon.colcon_core.package_discovery:discover_packages(colcon_meta) discover
[2.400s] Level 1:colcon.colcon_core.package_discovery:discover_packages(recursive) discover
[2.400s] INFO:colcon.colcon_core.package_discovery:Crawling recursively for packages in '/home/yolo/eyrc_hb/hb_task_2_ws'
[2.400s] Level 1:colcon.colcon_core.package_identification:_identify(.) by extensions ['ignore', 'ignore_ament_install']
[2.401s] Level 1:colcon.colcon_core.package_identification:_identify(.) by extension 'ignore'
[2.401s] Level 1:colcon.colcon_core.package_identification:_identify(.) by extension 'ignore_ament_install'
[2.401s] Level 1:colcon.colcon_core.package_identification:_identify(.) by extensions ['colcon_pkg']
[2.401s] Level 1:colcon.colcon_core.package_identification:_identify(.) by extension 'colcon_pkg'
[2.401s] Level 1:colcon.colcon_core.package_identification:_identify(.) by extensions ['colcon_meta']
[2.401s] Level 1:colcon.colcon_core.package_identification:_identify(.) by extension 'colcon_meta'
[2.401s] Level 1:colcon.colcon_core.package_identification:_identify(.) by extensions ['ros']
[2.401s] Level 1:colcon.colcon_core.package_identification:_identify(.) by extension 'ros'
[2.424s] Level 1:colcon.colcon_core.package_identification:_identify(.) by extensions ['cmake', 'python']
[2.424s] Level 1:colcon.colcon_core.package_identification:_identify(.) by extension 'cmake'
[2.424s] Level 1:colcon.colcon_core.package_identification:_identify(.) by extension 'python'
[2.424s] Level 1:colcon.colcon_core.package_identification:_identify(.) by extensions ['python_setup_py']
[2.424s] Level 1:colcon.colcon_core.package_identification:_identify(.) by extension 'python_setup_py'
[2.424s] Level 1:colcon.colcon_core.package_identification:_identify(build) by extensions ['ignore', 'ignore_ament_install']
[2.424s] Level 1:colcon.colcon_core.package_identification:_identify(build) by extension 'ignore'
[2.425s] Level 1:colcon.colcon_core.package_identification:_identify(build) ignored
[2.425s] Level 1:colcon.colcon_core.package_identification:_identify(install) by extensions ['ignore', 'ignore_ament_install']
[2.425s] Level 1:colcon.colcon_core.package_identification:_identify(install) by extension 'ignore'
[2.425s] Level 1:colcon.colcon_core.package_identification:_identify(install) ignored
[2.425s] Level 1:colcon.colcon_core.package_identification:_identify(log) by extensions ['ignore', 'ignore_ament_install']
[2.425s] Level 1:colcon.colcon_core.package_identification:_identify(log) by extension 'ignore'
[2.425s] Level 1:colcon.colcon_core.package_identification:_identify(log) ignored
[2.425s] Level 1:colcon.colcon_core.package_identification:_identify(src) by extensions ['ignore', 'ignore_ament_install']
[2.426s] Level 1:colcon.colcon_core.package_identification:_identify(src) by extension 'ignore'
[2.426s] Level 1:colcon.colcon_core.package_identification:_identify(src) by extension 'ignore_ament_install'
[2.426s] Level 1:colcon.colcon_core.package_identification:_identify(src) by extensions ['colcon_pkg']
[2.426s] Level 1:colcon.colcon_core.package_identification:_identify(src) by extension 'colcon_pkg'
[2.426s] Level 1:colcon.colcon_core.package_identification:_identify(src) by extensions ['colcon_meta']
[2.426s] Level 1:colcon.colcon_core.package_identification:_identify(src) by extension 'colcon_meta'
[2.426s] Level 1:colcon.colcon_core.package_identification:_identify(src) by extensions ['ros']
[2.426s] Level 1:colcon.colcon_core.package_identification:_identify(src) by extension 'ros'
[2.426s] Level 1:colcon.colcon_core.package_identification:_identify(src) by extensions ['cmake', 'python']
[2.426s] Level 1:colcon.colcon_core.package_identification:_identify(src) by extension 'cmake'
[2.426s] Level 1:colcon.colcon_core.package_identification:_identify(src) by extension 'python'
[2.426s] Level 1:colcon.colcon_core.package_identification:_identify(src) by extensions ['python_setup_py']
[2.426s] Level 1:colcon.colcon_core.package_identification:_identify(src) by extension 'python_setup_py'
[2.427s] Level 1:colcon.colcon_core.package_identification:_identify(src/eYRC-2023_Hologlyph_Bots) by extensions ['ignore', 'ignore_ament_install']
[2.427s] Level 1:colcon.colcon_core.package_identification:_identify(src/eYRC-2023_Hologlyph_Bots) by extension 'ignore'
[2.427s] Level 1:colcon.colcon_core.package_identification:_identify(src/eYRC-2023_Hologlyph_Bots) by extension 'ignore_ament_install'
[2.427s] Level 1:colcon.colcon_core.package_identification:_identify(src/eYRC-2023_Hologlyph_Bots) by extensions ['colcon_pkg']
[2.427s] Level 1:colcon.colcon_core.package_identification:_identify(src/eYRC-2023_Hologlyph_Bots) by extension 'colcon_pkg'
[2.427s] Level 1:colcon.colcon_core.package_identification:_identify(src/eYRC-2023_Hologlyph_Bots) by extensions ['colcon_meta']
[2.427s] Level 1:colcon.colcon_core.package_identification:_identify(src/eYRC-2023_Hologlyph_Bots) by extension 'colcon_meta'
[2.427s] Level 1:colcon.colcon_core.package_identification:_identify(src/eYRC-2023_Hologlyph_Bots) by extensions ['ros']
[2.427s] Level 1:colcon.colcon_core.package_identification:_identify(src/eYRC-2023_Hologlyph_Bots) by extension 'ros'
[2.427s] Level 1:colcon.colcon_core.package_identification:_identify(src/eYRC-2023_Hologlyph_Bots) by extensions ['cmake', 'python']
[2.427s] Level 1:colcon.colcon_core.package_identification:_identify(src/eYRC-2023_Hologlyph_Bots) by extension 'cmake'
[2.427s] Level 1:colcon.colcon_core.package_identification:_identify(src/eYRC-2023_Hologlyph_Bots) by extension 'python'
[2.428s] Level 1:colcon.colcon_core.package_identification:_identify(src/eYRC-2023_Hologlyph_Bots) by extensions ['python_setup_py']
[2.428s] Level 1:colcon.colcon_core.package_identification:_identify(src/eYRC-2023_Hologlyph_Bots) by extension 'python_setup_py'
[2.428s] Level 1:colcon.colcon_core.package_identification:_identify(src/eYRC-2023_Hologlyph_Bots/hb_bot) by extensions ['ignore', 'ignore_ament_install']
[2.428s] Level 1:colcon.colcon_core.package_identification:_identify(src/eYRC-2023_Hologlyph_Bots/hb_bot) by extension 'ignore'
[2.428s] Level 1:colcon.colcon_core.package_identification:_identify(src/eYRC-2023_Hologlyph_Bots/hb_bot) by extension 'ignore_ament_install'
[2.428s] Level 1:colcon.colcon_core.package_identification:_identify(src/eYRC-2023_Hologlyph_Bots/hb_bot) by extensions ['colcon_pkg']
[2.428s] Level 1:colcon.colcon_core.package_identification:_identify(src/eYRC-2023_Hologlyph_Bots/hb_bot) by extension 'colcon_pkg'
[2.428s] Level 1:colcon.colcon_core.package_identification:_identify(src/eYRC-2023_Hologlyph_Bots/hb_bot) by extensions ['colcon_meta']
[2.428s] Level 1:colcon.colcon_core.package_identification:_identify(src/eYRC-2023_Hologlyph_Bots/hb_bot) by extension 'colcon_meta'
[2.428s] Level 1:colcon.colcon_core.package_identification:_identify(src/eYRC-2023_Hologlyph_Bots/hb_bot) by extensions ['ros']
[2.428s] Level 1:colcon.colcon_core.package_identification:_identify(src/eYRC-2023_Hologlyph_Bots/hb_bot) by extension 'ros'
[2.434s] DEBUG:colcon.colcon_core.package_identification:Package 'src/eYRC-2023_Hologlyph_Bots/hb_bot' with type 'ros.ament_cmake' and name 'hb_bot'
[2.434s] Level 1:colcon.colcon_core.package_identification:_identify(src/eYRC-2023_Hologlyph_Bots/hb_task1b_ws) by extensions ['ignore', 'ignore_ament_install']
[2.434s] Level 1:colcon.colcon_core.package_identification:_identify(src/eYRC-2023_Hologlyph_Bots/hb_task1b_ws) by extension 'ignore'
[2.434s] Level 1:colcon.colcon_core.package_identification:_identify(src/eYRC-2023_Hologlyph_Bots/hb_task1b_ws) by extension 'ignore_ament_install'
[2.434s] Level 1:colcon.colcon_core.package_identification:_identify(src/eYRC-2023_Hologlyph_Bots/hb_task1b_ws) by extensions ['colcon_pkg']
[2.434s] Level 1:colcon.colcon_core.package_identification:_identify(src/eYRC-2023_Hologlyph_Bots/hb_task1b_ws) by extension 'colcon_pkg'
[2.435s] Level 1:colcon.colcon_core.package_identification:_identify(src/eYRC-2023_Hologlyph_Bots/hb_task1b_ws) by extensions ['colcon_meta']
[2.435s] Level 1:colcon.colcon_core.package_identification:_identify(src/eYRC-2023_Hologlyph_Bots/hb_task1b_ws) by extension 'colcon_meta'
[2.435s] Level 1:colcon.colcon_core.package_identification:_identify(src/eYRC-2023_Hologlyph_Bots/hb_task1b_ws) by extensions ['ros']
[2.435s] Level 1:colcon.colcon_core.package_identification:_identify(src/eYRC-2023_Hologlyph_Bots/hb_task1b_ws) by extension 'ros'
[2.435s] Level 1:colcon.colcon_core.package_identification:_identify(src/eYRC-2023_Hologlyph_Bots/hb_task1b_ws) by extensions ['cmake', 'python']
[2.435s] Level 1:colcon.colcon_core.package_identification:_identify(src/eYRC-2023_Hologlyph_Bots/hb_task1b_ws) by extension 'cmake'
[2.435s] Level 1:colcon.colcon_core.package_identification:_identify(src/eYRC-2023_Hologlyph_Bots/hb_task1b_ws) by extension 'python'
[2.435s] Level 1:colcon.colcon_core.package_identification:_identify(src/eYRC-2023_Hologlyph_Bots/hb_task1b_ws) by extensions ['python_setup_py']
[2.435s] Level 1:colcon.colcon_core.package_identification:_identify(src/eYRC-2023_Hologlyph_Bots/hb_task1b_ws) by extension 'python_setup_py'
[2.435s] Level 1:colcon.colcon_core.package_identification:_identify(src/eYRC-2023_Hologlyph_Bots/hb_task1b_ws/src) by extensions ['ignore', 'ignore_ament_install']
[2.435s] Level 1:colcon.colcon_core.package_identification:_identify(src/eYRC-2023_Hologlyph_Bots/hb_task1b_ws/src) by extension 'ignore'
[2.436s] Level 1:colcon.colcon_core.package_identification:_identify(src/eYRC-2023_Hologlyph_Bots/hb_task1b_ws/src) by extension 'ignore_ament_install'
[2.436s] Level 1:colcon.colcon_core.package_identification:_identify(src/eYRC-2023_Hologlyph_Bots/hb_task1b_ws/src) by extensions ['colcon_pkg']
[2.436s] Level 1:colcon.colcon_core.package_identification:_identify(src/eYRC-2023_Hologlyph_Bots/hb_task1b_ws/src) by extension 'colcon_pkg'
[2.436s] Level 1:colcon.colcon_core.package_identification:_identify(src/eYRC-2023_Hologlyph_Bots/hb_task1b_ws/src) by extensions ['colcon_meta']
[2.436s] Level 1:colcon.colcon_core.package_identification:_identify(src/eYRC-2023_Hologlyph_Bots/hb_task1b_ws/src) by extension 'colcon_meta'
[2.436s] Level 1:colcon.colcon_core.package_identification:_identify(src/eYRC-2023_Hologlyph_Bots/hb_task1b_ws/src) by extensions ['ros']
[2.436s] Level 1:colcon.colcon_core.package_identification:_identify(src/eYRC-2023_Hologlyph_Bots/hb_task1b_ws/src) by extension 'ros'
[2.436s] Level 1:colcon.colcon_core.package_identification:_identify(src/eYRC-2023_Hologlyph_Bots/hb_task1b_ws/src) by extensions ['cmake', 'python']
[2.436s] Level 1:colcon.colcon_core.package_identification:_identify(src/eYRC-2023_Hologlyph_Bots/hb_task1b_ws/src) by extension 'cmake'
[2.436s] Level 1:colcon.colcon_core.package_identification:_identify(src/eYRC-2023_Hologlyph_Bots/hb_task1b_ws/src) by extension 'python'
[2.436s] Level 1:colcon.colcon_core.package_identification:_identify(src/eYRC-2023_Hologlyph_Bots/hb_task1b_ws/src) by extensions ['python_setup_py']
[2.436s] Level 1:colcon.colcon_core.package_identification:_identify(src/eYRC-2023_Hologlyph_Bots/hb_task1b_ws/src) by extension 'python_setup_py'
[2.437s] Level 1:colcon.colcon_core.package_identification:_identify(src/eYRC-2023_Hologlyph_Bots/hb_task1b_ws/src/hb_task_1b) by extensions ['ignore', 'ignore_ament_install']
[2.437s] Level 1:colcon.colcon_core.package_identification:_identify(src/eYRC-2023_Hologlyph_Bots/hb_task1b_ws/src/hb_task_1b) by extension 'ignore'
[2.437s] Level 1:colcon.colcon_core.package_identification:_identify(src/eYRC-2023_Hologlyph_Bots/hb_task1b_ws/src/hb_task_1b) by extension 'ignore_ament_install'
[2.437s] Level 1:colcon.colcon_core.package_identification:_identify(src/eYRC-2023_Hologlyph_Bots/hb_task1b_ws/src/hb_task_1b) by extensions ['colcon_pkg']
[2.437s] Level 1:colcon.colcon_core.package_identification:_identify(src/eYRC-2023_Hologlyph_Bots/hb_task1b_ws/src/hb_task_1b) by extension 'colcon_pkg'
[2.437s] Level 1:colcon.colcon_core.package_identification:_identify(src/eYRC-2023_Hologlyph_Bots/hb_task1b_ws/src/hb_task_1b) by extensions ['colcon_meta']
[2.437s] Level 1:colcon.colcon_core.package_identification:_identify(src/eYRC-2023_Hologlyph_Bots/hb_task1b_ws/src/hb_task_1b) by extension 'colcon_meta'
[2.437s] Level 1:colcon.colcon_core.package_identification:_identify(src/eYRC-2023_Hologlyph_Bots/hb_task1b_ws/src/hb_task_1b) by extensions ['ros']
[2.437s] Level 1:colcon.colcon_core.package_identification:_identify(src/eYRC-2023_Hologlyph_Bots/hb_task1b_ws/src/hb_task_1b) by extension 'ros'
[2.439s] DEBUG:colcon.colcon_core.package_identification:Package 'src/eYRC-2023_Hologlyph_Bots/hb_task1b_ws/src/hb_task_1b' with type 'ros.ament_python' and name 'hb_task_1b'
[2.439s] Level 1:colcon.colcon_core.package_identification:_identify(src/eYRC-2023_Hologlyph_Bots/hb_task1b_ws/src/my_robot_interfaces) by extensions ['ignore', 'ignore_ament_install']
[2.439s] Level 1:colcon.colcon_core.package_identification:_identify(src/eYRC-2023_Hologlyph_Bots/hb_task1b_ws/src/my_robot_interfaces) by extension 'ignore'
[2.439s] Level 1:colcon.colcon_core.package_identification:_identify(src/eYRC-2023_Hologlyph_Bots/hb_task1b_ws/src/my_robot_interfaces) by extension 'ignore_ament_install'
[2.439s] Level 1:colcon.colcon_core.package_identification:_identify(src/eYRC-2023_Hologlyph_Bots/hb_task1b_ws/src/my_robot_interfaces) by extensions ['colcon_pkg']
[2.439s] Level 1:colcon.colcon_core.package_identification:_identify(src/eYRC-2023_Hologlyph_Bots/hb_task1b_ws/src/my_robot_interfaces) by extension 'colcon_pkg'
[2.439s] Level 1:colcon.colcon_core.package_identification:_identify(src/eYRC-2023_Hologlyph_Bots/hb_task1b_ws/src/my_robot_interfaces) by extensions ['colcon_meta']
[2.439s] Level 1:colcon.colcon_core.package_identification:_identify(src/eYRC-2023_Hologlyph_Bots/hb_task1b_ws/src/my_robot_interfaces) by extension 'colcon_meta'
[2.439s] Level 1:colcon.colcon_core.package_identification:_identify(src/eYRC-2023_Hologlyph_Bots/hb_task1b_ws/src/my_robot_interfaces) by extensions ['ros']
[2.440s] Level 1:colcon.colcon_core.package_identification:_identify(src/eYRC-2023_Hologlyph_Bots/hb_task1b_ws/src/my_robot_interfaces) by extension 'ros'
[2.440s] DEBUG:colcon.colcon_core.package_identification:Package 'src/eYRC-2023_Hologlyph_Bots/hb_task1b_ws/src/my_robot_interfaces' with type 'ros.ament_cmake' and name 'my_robot_interfaces'
[2.440s] Level 1:colcon.colcon_core.package_identification:_identify(src/eYRC-2023_Hologlyph_Bots/hb_task2a) by extensions ['ignore', 'ignore_ament_install']
[2.441s] Level 1:colcon.colcon_core.package_identification:_identify(src/eYRC-2023_Hologlyph_Bots/hb_task2a) by extension 'ignore'
[2.441s] Level 1:colcon.colcon_core.package_identification:_identify(src/eYRC-2023_Hologlyph_Bots/hb_task2a) by extension 'ignore_ament_install'
[2.441s] Level 1:colcon.colcon_core.package_identification:_identify(src/eYRC-2023_Hologlyph_Bots/hb_task2a) by extensions ['colcon_pkg']
[2.441s] Level 1:colcon.colcon_core.package_identification:_identify(src/eYRC-2023_Hologlyph_Bots/hb_task2a) by extension 'colcon_pkg'
[2.441s] Level 1:colcon.colcon_core.package_identification:_identify(src/eYRC-2023_Hologlyph_Bots/hb_task2a) by extensions ['colcon_meta']
[2.441s] Level 1:colcon.colcon_core.package_identification:_identify(src/eYRC-2023_Hologlyph_Bots/hb_task2a) by extension 'colcon_meta'
[2.441s] Level 1:colcon.colcon_core.package_identification:_identify(src/eYRC-2023_Hologlyph_Bots/hb_task2a) by extensions ['ros']
[2.441s] Level 1:colcon.colcon_core.package_identification:_identify(src/eYRC-2023_Hologlyph_Bots/hb_task2a) by extension 'ros'
[2.442s] DEBUG:colcon.colcon_core.package_identification:Package 'src/eYRC-2023_Hologlyph_Bots/hb_task2a' with type 'ros.ament_python' and name 'hb_task2a'
[2.443s] Level 1:colcon.colcon_core.package_identification:_identify(src/eYRC-2023_Hologlyph_Bots/hb_task2b) by extensions ['ignore', 'ignore_ament_install']
[2.443s] Level 1:colcon.colcon_core.package_identification:_identify(src/eYRC-2023_Hologlyph_Bots/hb_task2b) by extension 'ignore'
[2.443s] Level 1:colcon.colcon_core.package_identification:_identify(src/eYRC-2023_Hologlyph_Bots/hb_task2b) by extension 'ignore_ament_install'
[2.443s] Level 1:colcon.colcon_core.package_identification:_identify(src/eYRC-2023_Hologlyph_Bots/hb_task2b) by extensions ['colcon_pkg']
[2.443s] Level 1:colcon.colcon_core.package_identification:_identify(src/eYRC-2023_Hologlyph_Bots/hb_task2b) by extension 'colcon_pkg'
[2.443s] Level 1:colcon.colcon_core.package_identification:_identify(src/eYRC-2023_Hologlyph_Bots/hb_task2b) by extensions ['colcon_meta']
[2.443s] Level 1:colcon.colcon_core.package_identification:_identify(src/eYRC-2023_Hologlyph_Bots/hb_task2b) by extension 'colcon_meta'
[2.443s] Level 1:colcon.colcon_core.package_identification:_identify(src/eYRC-2023_Hologlyph_Bots/hb_task2b) by extensions ['ros']
[2.443s] Level 1:colcon.colcon_core.package_identification:_identify(src/eYRC-2023_Hologlyph_Bots/hb_task2b) by extension 'ros'
[2.444s] DEBUG:colcon.colcon_core.package_identification:Package 'src/eYRC-2023_Hologlyph_Bots/hb_task2b' with type 'ros.ament_python' and name 'hb_task2b'
[2.445s] Level 1:colcon.colcon_core.package_identification:_identify(src/eYRC-2023_Hologlyph_Bots/hb_world) by extensions ['ignore', 'ignore_ament_install']
[2.445s] Level 1:colcon.colcon_core.package_identification:_identify(src/eYRC-2023_Hologlyph_Bots/hb_world) by extension 'ignore'
[2.445s] Level 1:colcon.colcon_core.package_identification:_identify(src/eYRC-2023_Hologlyph_Bots/hb_world) by extension 'ignore_ament_install'
[2.445s] Level 1:colcon.colcon_core.package_identification:_identify(src/eYRC-2023_Hologlyph_Bots/hb_world) by extensions ['colcon_pkg']
[2.445s] Level 1:colcon.colcon_core.package_identification:_identify(src/eYRC-2023_Hologlyph_Bots/hb_world) by extension 'colcon_pkg'
[2.445s] Level 1:colcon.colcon_core.package_identification:_identify(src/eYRC-2023_Hologlyph_Bots/hb_world) by extensions ['colcon_meta']
[2.445s] Level 1:colcon.colcon_core.package_identification:_identify(src/eYRC-2023_Hologlyph_Bots/hb_world) by extension 'colcon_meta'
[2.445s] Level 1:colcon.colcon_core.package_identification:_identify(src/eYRC-2023_Hologlyph_Bots/hb_world) by extensions ['ros']
[2.445s] Level 1:colcon.colcon_core.package_identification:_identify(src/eYRC-2023_Hologlyph_Bots/hb_world) by extension 'ros'
[2.446s] DEBUG:colcon.colcon_core.package_identification:Package 'src/eYRC-2023_Hologlyph_Bots/hb_world' with type 'ros.ament_cmake' and name 'hb_world'
[2.446s] Level 1:colcon.colcon_core.package_identification:_identify(src/eYRC-2023_Hologlyph_Bots/my_robot_interfaces) by extensions ['ignore', 'ignore_ament_install']
[2.446s] Level 1:colcon.colcon_core.package_identification:_identify(src/eYRC-2023_Hologlyph_Bots/my_robot_interfaces) by extension 'ignore'
[2.447s] Level 1:colcon.colcon_core.package_identification:_identify(src/eYRC-2023_Hologlyph_Bots/my_robot_interfaces) by extension 'ignore_ament_install'
[2.447s] Level 1:colcon.colcon_core.package_identification:_identify(src/eYRC-2023_Hologlyph_Bots/my_robot_interfaces) by extensions ['colcon_pkg']
[2.447s] Level 1:colcon.colcon_core.package_identification:_identify(src/eYRC-2023_Hologlyph_Bots/my_robot_interfaces) by extension 'colcon_pkg'
[2.447s] Level 1:colcon.colcon_core.package_identification:_identify(src/eYRC-2023_Hologlyph_Bots/my_robot_interfaces) by extensions ['colcon_meta']
[2.447s] Level 1:colcon.colcon_core.package_identification:_identify(src/eYRC-2023_Hologlyph_Bots/my_robot_interfaces) by extension 'colcon_meta'
[2.447s] Level 1:colcon.colcon_core.package_identification:_identify(src/eYRC-2023_Hologlyph_Bots/my_robot_interfaces) by extensions ['ros']
[2.447s] Level 1:colcon.colcon_core.package_identification:_identify(src/eYRC-2023_Hologlyph_Bots/my_robot_interfaces) by extension 'ros'
[2.448s] DEBUG:colcon.colcon_core.package_identification:Package 'src/eYRC-2023_Hologlyph_Bots/my_robot_interfaces' with type 'ros.ament_cmake' and name 'my_robot_interfaces'
[2.448s] Level 1:colcon.colcon_core.package_discovery:discover_packages(recursive) using defaults
[2.448s] Level 1:colcon.colcon_core.package_discovery:discover_packages(ignore) discover
[2.448s] Level 1:colcon.colcon_core.package_discovery:discover_packages(ignore) using defaults
[2.448s] Level 1:colcon.colcon_core.package_discovery:discover_packages(path) discover
[2.448s] Level 1:colcon.colcon_core.package_discovery:discover_packages(path) using defaults
[2.642s] Level 1:colcon.colcon_core.package_discovery:discover_packages(prefix_path) check parameters
[2.642s] Level 1:colcon.colcon_core.package_discovery:discover_packages(prefix_path) discover
[2.704s] DEBUG:colcon.colcon_installed_package_information.package_discovery:Found 2 installed packages in /home/yolo/eyrc_hb/hb_task1b_ws/install
[2.736s] DEBUG:colcon.colcon_installed_package_information.package_discovery:Found 279 installed packages in /opt/ros/humble
[2.738s] Level 1:colcon.colcon_core.package_discovery:discover_packages(prefix_path) using defaults
[2.901s] ERROR:colcon:colcon build: Duplicate package names not supported:
- my_robot_interfaces:
  - src/eYRC-2023_Hologlyph_Bots/hb_task1b_ws/src/my_robot_interfaces
  - src/eYRC-2023_Hologlyph_Bots/my_robot_interfaces
