[1.591s] Invoking command in '/home/yolo/eyrc_hb/hb_task_1a_ws/src/hb_task_1a': PYTHONPATH=/home/yolo/eyrc_hb/hb_task_1a_ws/build/hb_task_1a/prefix_override:/home/yolo/eyrc_hb/hb_task_1a_ws/install/hb_task_1a/lib/python3.10/site-packages:${PYTHONPATH} /usr/bin/python3 setup.py egg_info --egg-base ../../build/hb_task_1a build --build-base /home/yolo/eyrc_hb/hb_task_1a_ws/build/hb_task_1a/build install --record /home/yolo/eyrc_hb/hb_task_1a_ws/build/hb_task_1a/install.log --single-version-externally-managed
[2.050s] running egg_info
[2.052s] writing ../../build/hb_task_1a/hb_task_1a.egg-info/PKG-INFO
[2.058s] writing dependency_links to ../../build/hb_task_1a/hb_task_1a.egg-info/dependency_links.txt
[2.059s] writing entry points to ../../build/hb_task_1a/hb_task_1a.egg-info/entry_points.txt
[2.059s] writing requirements to ../../build/hb_task_1a/hb_task_1a.egg-info/requires.txt
[2.060s] writing top-level names to ../../build/hb_task_1a/hb_task_1a.egg-info/top_level.txt
[2.063s] reading manifest file '../../build/hb_task_1a/hb_task_1a.egg-info/SOURCES.txt'
[2.065s] writing manifest file '../../build/hb_task_1a/hb_task_1a.egg-info/SOURCES.txt'
[2.065s] running build
[2.065s] running build_py
[2.066s] copying hb_task_1a/task_1a_2836.py -> /home/yolo/eyrc_hb/hb_task_1a_ws/build/hb_task_1a/build/lib/hb_task_1a
[2.066s] running install
[2.066s] running install_lib
[2.068s] copying /home/yolo/eyrc_hb/hb_task_1a_ws/build/hb_task_1a/build/lib/hb_task_1a/task_1a_2836.py -> /home/yolo/eyrc_hb/hb_task_1a_ws/install/hb_task_1a/lib/python3.10/site-packages/hb_task_1a
[2.069s] byte-compiling /home/yolo/eyrc_hb/hb_task_1a_ws/install/hb_task_1a/lib/python3.10/site-packages/hb_task_1a/task_1a_2836.py to task_1a_2836.cpython-310.pyc
[2.071s] running install_data
[2.072s] copying package.xml -> /home/yolo/eyrc_hb/hb_task_1a_ws/install/hb_task_1a/share/hb_task_1a
[2.072s] running install_egg_info
[2.076s] removing '/home/yolo/eyrc_hb/hb_task_1a_ws/install/hb_task_1a/lib/python3.10/site-packages/hb_task_1a-0.0.0-py3.10.egg-info' (and everything under it)
[2.076s] Copying ../../build/hb_task_1a/hb_task_1a.egg-info to /home/yolo/eyrc_hb/hb_task_1a_ws/install/hb_task_1a/lib/python3.10/site-packages/hb_task_1a-0.0.0-py3.10.egg-info
[2.078s] running install_scripts
[2.114s] Installing draw_circle script to /home/yolo/eyrc_hb/hb_task_1a_ws/install/hb_task_1a/lib/hb_task_1a
[2.114s] writing list of installed files to '/home/yolo/eyrc_hb/hb_task_1a_ws/build/hb_task_1a/install.log'
[2.194s] Invoked command in '/home/yolo/eyrc_hb/hb_task_1a_ws/src/hb_task_1a' returned '0': PYTHONPATH=/home/yolo/eyrc_hb/hb_task_1a_ws/build/hb_task_1a/prefix_override:/home/yolo/eyrc_hb/hb_task_1a_ws/install/hb_task_1a/lib/python3.10/site-packages:${PYTHONPATH} /usr/bin/python3 setup.py egg_info --egg-base ../../build/hb_task_1a build --build-base /home/yolo/eyrc_hb/hb_task_1a_ws/build/hb_task_1a/build install --record /home/yolo/eyrc_hb/hb_task_1a_ws/build/hb_task_1a/install.log --single-version-externally-managed
