[1.603s] Invoking command in '/home/yolo/eyrc_hb/hb_task1b_ws/src/hb_task_1b': PYTHONPATH=/home/yolo/eyrc_hb/hb_task1b_ws/build/hb_task_1b/prefix_override:/home/yolo/eyrc_hb/hb_task1b_ws/install/hb_task_1b/lib/python3.10/site-packages:${PYTHONPATH} /usr/bin/python3 setup.py egg_info --egg-base ../../build/hb_task_1b build --build-base /home/yolo/eyrc_hb/hb_task1b_ws/build/hb_task_1b/build install --record /home/yolo/eyrc_hb/hb_task1b_ws/build/hb_task_1b/install.log --single-version-externally-managed
[2.059s] running egg_info
[2.060s] creating ../../build/hb_task_1b/hb_task_1b.egg-info
[2.061s] writing ../../build/hb_task_1b/hb_task_1b.egg-info/PKG-INFO
[2.062s] writing dependency_links to ../../build/hb_task_1b/hb_task_1b.egg-info/dependency_links.txt
[2.062s] writing entry points to ../../build/hb_task_1b/hb_task_1b.egg-info/entry_points.txt
[2.062s] writing requirements to ../../build/hb_task_1b/hb_task_1b.egg-info/requires.txt
[2.062s] writing top-level names to ../../build/hb_task_1b/hb_task_1b.egg-info/top_level.txt
[2.063s] writing manifest file '../../build/hb_task_1b/hb_task_1b.egg-info/SOURCES.txt'
[2.069s] reading manifest file '../../build/hb_task_1b/hb_task_1b.egg-info/SOURCES.txt'
[2.070s] writing manifest file '../../build/hb_task_1b/hb_task_1b.egg-info/SOURCES.txt'
[2.070s] running build
[2.071s] running build_py
[2.071s] creating /home/yolo/eyrc_hb/hb_task1b_ws/build/hb_task_1b/build
[2.071s] creating /home/yolo/eyrc_hb/hb_task1b_ws/build/hb_task_1b/build/lib
[2.071s] creating /home/yolo/eyrc_hb/hb_task1b_ws/build/hb_task_1b/build/lib/hb_task_1b
[2.071s] copying hb_task_1b/__init__.py -> /home/yolo/eyrc_hb/hb_task1b_ws/build/hb_task_1b/build/lib/hb_task_1b
[2.072s] running build_scripts
[2.072s] creating /home/yolo/eyrc_hb/hb_task1b_ws/build/hb_task_1b/build/scripts-3.10
[2.072s] copying scripts/controller.py -> /home/yolo/eyrc_hb/hb_task1b_ws/build/hb_task_1b/build/scripts-3.10
[2.075s] copying scripts/service_node.py -> /home/yolo/eyrc_hb/hb_task1b_ws/build/hb_task_1b/build/scripts-3.10
[2.076s] running install
[2.076s] running install_lib
[2.078s] creating /home/yolo/eyrc_hb/hb_task1b_ws/install/hb_task_1b/lib/python3.10/site-packages/hb_task_1b
[2.078s] copying /home/yolo/eyrc_hb/hb_task1b_ws/build/hb_task_1b/build/lib/hb_task_1b/__init__.py -> /home/yolo/eyrc_hb/hb_task1b_ws/install/hb_task_1b/lib/python3.10/site-packages/hb_task_1b
[2.079s] byte-compiling /home/yolo/eyrc_hb/hb_task1b_ws/install/hb_task_1b/lib/python3.10/site-packages/hb_task_1b/__init__.py to __init__.cpython-310.pyc
[2.079s] running install_data
[2.081s] creating /home/yolo/eyrc_hb/hb_task1b_ws/install/hb_task_1b/share/ament_index
[2.081s] creating /home/yolo/eyrc_hb/hb_task1b_ws/install/hb_task_1b/share/ament_index/resource_index
[2.081s] creating /home/yolo/eyrc_hb/hb_task1b_ws/install/hb_task_1b/share/ament_index/resource_index/packages
[2.081s] copying resource/hb_task_1b -> /home/yolo/eyrc_hb/hb_task1b_ws/install/hb_task_1b/share/ament_index/resource_index/packages
[2.082s] copying package.xml -> /home/yolo/eyrc_hb/hb_task1b_ws/install/hb_task_1b/share/hb_task_1b
[2.082s] creating /home/yolo/eyrc_hb/hb_task1b_ws/install/hb_task_1b/share/hb_task_1b/launch
[2.082s] copying launch/hb_task1b.launch.py -> /home/yolo/eyrc_hb/hb_task1b_ws/install/hb_task_1b/share/hb_task_1b/launch
[2.082s] copying launch/gazebo.launch.py -> /home/yolo/eyrc_hb/hb_task1b_ws/install/hb_task_1b/share/hb_task_1b/launch
[2.082s] creating /home/yolo/eyrc_hb/hb_task1b_ws/install/hb_task_1b/share/hb_task_1b/urdf
[2.083s] copying urdf/materials.xacro -> /home/yolo/eyrc_hb/hb_task1b_ws/install/hb_task_1b/share/hb_task_1b/urdf
[2.083s] copying urdf/hb_bot.urdf.xacro -> /home/yolo/eyrc_hb/hb_task1b_ws/install/hb_task_1b/share/hb_task_1b/urdf
[2.083s] creating /home/yolo/eyrc_hb/hb_task1b_ws/install/hb_task_1b/share/hb_task_1b/meshes
[2.084s] copying meshes/wheel.stl -> /home/yolo/eyrc_hb/hb_task1b_ws/install/hb_task_1b/share/hb_task_1b/meshes
[2.103s] copying meshes/base.dae -> /home/yolo/eyrc_hb/hb_task1b_ws/install/hb_task_1b/share/hb_task_1b/meshes
[2.110s] copying meshes/17eyantra_logo_large e.png -> /home/yolo/eyrc_hb/hb_task1b_ws/install/hb_task_1b/share/hb_task_1b/meshes
[2.110s] creating /home/yolo/eyrc_hb/hb_task1b_ws/install/hb_task_1b/share/hb_task_1b/worlds
[2.110s] copying worlds/gazebo.world -> /home/yolo/eyrc_hb/hb_task1b_ws/install/hb_task_1b/share/hb_task_1b/worlds
[2.111s] running install_egg_info
[2.114s] Copying ../../build/hb_task_1b/hb_task_1b.egg-info to /home/yolo/eyrc_hb/hb_task1b_ws/install/hb_task_1b/lib/python3.10/site-packages/hb_task_1b-0.0.0-py3.10.egg-info
[2.117s] running install_scripts
[2.154s] creating /home/yolo/eyrc_hb/hb_task1b_ws/install/hb_task_1b/lib/hb_task_1b
[2.154s] copying /home/yolo/eyrc_hb/hb_task1b_ws/build/hb_task_1b/build/scripts-3.10/service_node.py -> /home/yolo/eyrc_hb/hb_task1b_ws/install/hb_task_1b/lib/hb_task_1b
[2.155s] copying /home/yolo/eyrc_hb/hb_task1b_ws/build/hb_task_1b/build/scripts-3.10/controller.py -> /home/yolo/eyrc_hb/hb_task1b_ws/install/hb_task_1b/lib/hb_task_1b
[2.155s] changing mode of /home/yolo/eyrc_hb/hb_task1b_ws/install/hb_task_1b/lib/hb_task_1b/service_node.py to 775
[2.155s] changing mode of /home/yolo/eyrc_hb/hb_task1b_ws/install/hb_task_1b/lib/hb_task_1b/controller.py to 775
[2.157s] writing list of installed files to '/home/yolo/eyrc_hb/hb_task1b_ws/build/hb_task_1b/install.log'
[2.242s] Invoked command in '/home/yolo/eyrc_hb/hb_task1b_ws/src/hb_task_1b' returned '0': PYTHONPATH=/home/yolo/eyrc_hb/hb_task1b_ws/build/hb_task_1b/prefix_override:/home/yolo/eyrc_hb/hb_task1b_ws/install/hb_task_1b/lib/python3.10/site-packages:${PYTHONPATH} /usr/bin/python3 setup.py egg_info --egg-base ../../build/hb_task_1b build --build-base /home/yolo/eyrc_hb/hb_task1b_ws/build/hb_task_1b/build install --record /home/yolo/eyrc_hb/hb_task1b_ws/build/hb_task_1b/install.log --single-version-externally-managed
