[1.033s] Invoking command in '/home/yolo/eyrc_hb/hb_task_1a_ws/src/hb_task_1a': PYTHONPATH=/home/yolo/eyrc_hb/hb_task_1a_ws/build/hb_task_1a/prefix_override:/home/yolo/eyrc_hb/hb_task_1a_ws/install/hb_task_1a/lib/python3.10/site-packages:${PYTHONPATH} /usr/bin/python3 setup.py egg_info --egg-base ../../build/hb_task_1a build --build-base /home/yolo/eyrc_hb/hb_task_1a_ws/build/hb_task_1a/build install --record /home/yolo/eyrc_hb/hb_task_1a_ws/build/hb_task_1a/install.log --single-version-externally-managed
[1.367s] running egg_info
[1.368s] writing ../../build/hb_task_1a/hb_task_1a.egg-info/PKG-INFO
[1.368s] writing dependency_links to ../../build/hb_task_1a/hb_task_1a.egg-info/dependency_links.txt
[1.368s] writing entry points to ../../build/hb_task_1a/hb_task_1a.egg-info/entry_points.txt
[1.368s] writing requirements to ../../build/hb_task_1a/hb_task_1a.egg-info/requires.txt
[1.369s] writing top-level names to ../../build/hb_task_1a/hb_task_1a.egg-info/top_level.txt
[1.370s] reading manifest file '../../build/hb_task_1a/hb_task_1a.egg-info/SOURCES.txt'
[1.371s] writing manifest file '../../build/hb_task_1a/hb_task_1a.egg-info/SOURCES.txt'
[1.372s] running build
[1.372s] running build_py
[1.372s] copying hb_task_1a/task_1a_2836.py -> /home/yolo/eyrc_hb/hb_task_1a_ws/build/hb_task_1a/build/lib/hb_task_1a
[1.372s] running install
[1.372s] running install_lib
[1.373s] copying /home/yolo/eyrc_hb/hb_task_1a_ws/build/hb_task_1a/build/lib/hb_task_1a/task_1a_2836.py -> /home/yolo/eyrc_hb/hb_task_1a_ws/install/hb_task_1a/lib/python3.10/site-packages/hb_task_1a
[1.374s] byte-compiling /home/yolo/eyrc_hb/hb_task_1a_ws/install/hb_task_1a/lib/python3.10/site-packages/hb_task_1a/task_1a_2836.py to task_1a_2836.cpython-310.pyc
[1.374s] running install_data
[1.375s] running install_egg_info
[1.377s] removing '/home/yolo/eyrc_hb/hb_task_1a_ws/install/hb_task_1a/lib/python3.10/site-packages/hb_task_1a-0.0.0-py3.10.egg-info' (and everything under it)
[1.377s] Copying ../../build/hb_task_1a/hb_task_1a.egg-info to /home/yolo/eyrc_hb/hb_task_1a_ws/install/hb_task_1a/lib/python3.10/site-packages/hb_task_1a-0.0.0-py3.10.egg-info
[1.378s] running install_scripts
[1.399s] Installing draw_circle script to /home/yolo/eyrc_hb/hb_task_1a_ws/install/hb_task_1a/lib/hb_task_1a
[1.399s] writing list of installed files to '/home/yolo/eyrc_hb/hb_task_1a_ws/build/hb_task_1a/install.log'
[1.438s] Invoked command in '/home/yolo/eyrc_hb/hb_task_1a_ws/src/hb_task_1a' returned '0': PYTHONPATH=/home/yolo/eyrc_hb/hb_task_1a_ws/build/hb_task_1a/prefix_override:/home/yolo/eyrc_hb/hb_task_1a_ws/install/hb_task_1a/lib/python3.10/site-packages:${PYTHONPATH} /usr/bin/python3 setup.py egg_info --egg-base ../../build/hb_task_1a build --build-base /home/yolo/eyrc_hb/hb_task_1a_ws/build/hb_task_1a/build install --record /home/yolo/eyrc_hb/hb_task_1a_ws/build/hb_task_1a/install.log --single-version-externally-managed
