[3.373s] Invoking command in '/home/yolo/eyrc_hb/hb_task_2_ws/src/eYRC-2023_Hologlyph_Bots/hb_task2b': PYTHONPATH=/home/yolo/eyrc_hb/hb_task_2_ws/build/hb_task2b/prefix_override:/home/yolo/eyrc_hb/hb_task_2_ws/install/hb_task2b/lib/python3.10/site-packages:${PYTHONPATH} /usr/bin/python3 setup.py egg_info --egg-base ../../../build/hb_task2b build --build-base /home/yolo/eyrc_hb/hb_task_2_ws/build/hb_task2b/build install --record /home/yolo/eyrc_hb/hb_task_2_ws/build/hb_task2b/install.log --single-version-externally-managed
[4.049s] running egg_info
[4.050s] writing ../../../build/hb_task2b/hb_task2b.egg-info/PKG-INFO
[4.050s] writing dependency_links to ../../../build/hb_task2b/hb_task2b.egg-info/dependency_links.txt
[4.051s] writing entry points to ../../../build/hb_task2b/hb_task2b.egg-info/entry_points.txt
[4.051s] writing requirements to ../../../build/hb_task2b/hb_task2b.egg-info/requires.txt
[4.051s] writing top-level names to ../../../build/hb_task2b/hb_task2b.egg-info/top_level.txt
[4.056s] reading manifest file '../../../build/hb_task2b/hb_task2b.egg-info/SOURCES.txt'
[4.058s] writing manifest file '../../../build/hb_task2b/hb_task2b.egg-info/SOURCES.txt'
[4.059s] running build
[4.059s] running build_py
[4.059s] copying hb_task2b/bot_controller.py -> /home/yolo/eyrc_hb/hb_task_2_ws/build/hb_task2b/build/lib/hb_task2b
[4.061s] running install
[4.062s] running install_lib
[4.064s] copying /home/yolo/eyrc_hb/hb_task_2_ws/build/hb_task2b/build/lib/hb_task2b/bot_controller.py -> /home/yolo/eyrc_hb/hb_task_2_ws/install/hb_task2b/lib/python3.10/site-packages/hb_task2b
[4.066s] byte-compiling /home/yolo/eyrc_hb/hb_task_2_ws/install/hb_task2b/lib/python3.10/site-packages/hb_task2b/bot_controller.py to bot_controller.cpython-310.pyc
[4.069s] running install_data
[4.071s] running install_egg_info
[4.077s] removing '/home/yolo/eyrc_hb/hb_task_2_ws/install/hb_task2b/lib/python3.10/site-packages/hb_task2b-0.0.0-py3.10.egg-info' (and everything under it)
[4.078s] Copying ../../../build/hb_task2b/hb_task2b.egg-info to /home/yolo/eyrc_hb/hb_task_2_ws/install/hb_task2b/lib/python3.10/site-packages/hb_task2b-0.0.0-py3.10.egg-info
[4.079s] running install_scripts
[4.118s] Installing controller script to /home/yolo/eyrc_hb/hb_task_2_ws/install/hb_task2b/lib/hb_task2b
[4.119s] Installing controller2 script to /home/yolo/eyrc_hb/hb_task_2_ws/install/hb_task2b/lib/hb_task2b
[4.120s] Installing controller3 script to /home/yolo/eyrc_hb/hb_task_2_ws/install/hb_task2b/lib/hb_task2b
[4.120s] Installing feedback script to /home/yolo/eyrc_hb/hb_task_2_ws/install/hb_task2b/lib/hb_task2b
[4.120s] Installing nextgoalpub script to /home/yolo/eyrc_hb/hb_task_2_ws/install/hb_task2b/lib/hb_task2b
[4.121s] writing list of installed files to '/home/yolo/eyrc_hb/hb_task_2_ws/build/hb_task2b/install.log'
[4.236s] Invoked command in '/home/yolo/eyrc_hb/hb_task_2_ws/src/eYRC-2023_Hologlyph_Bots/hb_task2b' returned '0': PYTHONPATH=/home/yolo/eyrc_hb/hb_task_2_ws/build/hb_task2b/prefix_override:/home/yolo/eyrc_hb/hb_task_2_ws/install/hb_task2b/lib/python3.10/site-packages:${PYTHONPATH} /usr/bin/python3 setup.py egg_info --egg-base ../../../build/hb_task2b build --build-base /home/yolo/eyrc_hb/hb_task_2_ws/build/hb_task2b/build install --record /home/yolo/eyrc_hb/hb_task_2_ws/build/hb_task2b/install.log --single-version-externally-managed
