[3.887s] DEBUG:colcon:Command line arguments: ['/home/yolo/.local/bin/colcon', 'list', '-p', '--base-paths', '/home/yolo/eyrc_hb/hb_task_2_ws']
[3.887s] DEBUG:colcon:Parsed command line arguments: Namespace(log_base=None, log_level=None, verb_name='list', build_base='build', ignore_user_meta=False, metas=['./colcon.meta'], base_paths=['/home/yolo/eyrc_hb/hb_task_2_ws'], packages_ignore=None, packages_ignore_regex=None, paths=None, packages_up_to=None, packages_up_to_regex=None, packages_above=None, packages_above_and_dependencies=None, packages_above_depth=None, packages_select_by_dep=None, packages_skip_by_dep=None, packages_skip_up_to=None, packages_select_build_failed=False, packages_skip_build_finished=False, packages_select_test_failures=False, packages_skip_test_passed=False, packages_select=None, packages_skip=None, packages_select_regex=None, packages_skip_regex=None, packages_start=None, packages_end=None, allow_overriding=[], topological_order=False, names_only=False, paths_only=True, topological_graph=False, topological_graph_dot=False, topological_graph_density=False, topological_graph_legend=False, topological_graph_dot_cluster=False, topological_graph_dot_include_skipped=False, verb_parser=<colcon_defaults.argument_parser.defaults.DefaultArgumentsDecorator object at 0x7f586fc68250>, verb_extension=<colcon_package_information.verb.list.ListVerb object at 0x7f586ff05b40>, main=<bound method ListVerb.main of <colcon_package_information.verb.list.ListVerb object at 0x7f586ff05b40>>)
[4.077s] Level 1:colcon.colcon_core.package_discovery:discover_packages(colcon_meta) check parameters
[4.077s] Level 1:colcon.colcon_core.package_discovery:discover_packages(recursive) check parameters
[4.077s] Level 1:colcon.colcon_core.package_discovery:discover_packages(ignore) check parameters
[4.077s] Level 1:colcon.colcon_core.package_discovery:discover_packages(path) check parameters
[4.077s] Level 1:colcon.colcon_core.package_discovery:discover_packages(recursive) discover
[4.078s] INFO:colcon.colcon_core.package_discovery:Crawling recursively for packages in '/home/yolo/eyrc_hb/hb_task_2_ws'
[4.078s] Level 1:colcon.colcon_core.package_identification:_identify(/home/yolo/eyrc_hb/hb_task_2_ws) by extensions ['ignore', 'ignore_ament_install']
[4.078s] Level 1:colcon.colcon_core.package_identification:_identify(/home/yolo/eyrc_hb/hb_task_2_ws) by extension 'ignore'
[4.078s] Level 1:colcon.colcon_core.package_identification:_identify(/home/yolo/eyrc_hb/hb_task_2_ws) by extension 'ignore_ament_install'
[4.078s] Level 1:colcon.colcon_core.package_identification:_identify(/home/yolo/eyrc_hb/hb_task_2_ws) by extensions ['colcon_pkg']
[4.079s] Level 1:colcon.colcon_core.package_identification:_identify(/home/yolo/eyrc_hb/hb_task_2_ws) by extension 'colcon_pkg'
[4.079s] Level 1:colcon.colcon_core.package_identification:_identify(/home/yolo/eyrc_hb/hb_task_2_ws) by extensions ['colcon_meta']
[4.079s] Level 1:colcon.colcon_core.package_identification:_identify(/home/yolo/eyrc_hb/hb_task_2_ws) by extension 'colcon_meta'
[4.079s] Level 1:colcon.colcon_core.package_identification:_identify(/home/yolo/eyrc_hb/hb_task_2_ws) by extensions ['ros']
[4.079s] Level 1:colcon.colcon_core.package_identification:_identify(/home/yolo/eyrc_hb/hb_task_2_ws) by extension 'ros'
[4.126s] Level 1:colcon.colcon_core.package_identification:_identify(/home/yolo/eyrc_hb/hb_task_2_ws) by extensions ['cmake', 'python']
[4.127s] Level 1:colcon.colcon_core.package_identification:_identify(/home/yolo/eyrc_hb/hb_task_2_ws) by extension 'cmake'
[4.127s] Level 1:colcon.colcon_core.package_identification:_identify(/home/yolo/eyrc_hb/hb_task_2_ws) by extension 'python'
[4.127s] Level 1:colcon.colcon_core.package_identification:_identify(/home/yolo/eyrc_hb/hb_task_2_ws) by extensions ['python_setup_py']
[4.127s] Level 1:colcon.colcon_core.package_identification:_identify(/home/yolo/eyrc_hb/hb_task_2_ws) by extension 'python_setup_py'
[4.127s] Level 1:colcon.colcon_core.package_identification:_identify(/home/yolo/eyrc_hb/hb_task_2_ws/build) by extensions ['ignore', 'ignore_ament_install']
[4.131s] Level 1:colcon.colcon_core.package_identification:_identify(/home/yolo/eyrc_hb/hb_task_2_ws/build) by extension 'ignore'
[4.132s] Level 1:colcon.colcon_core.package_identification:_identify(/home/yolo/eyrc_hb/hb_task_2_ws/build) ignored
[4.132s] Level 1:colcon.colcon_core.package_identification:_identify(/home/yolo/eyrc_hb/hb_task_2_ws/install) by extensions ['ignore', 'ignore_ament_install']
[4.133s] Level 1:colcon.colcon_core.package_identification:_identify(/home/yolo/eyrc_hb/hb_task_2_ws/install) by extension 'ignore'
[4.133s] Level 1:colcon.colcon_core.package_identification:_identify(/home/yolo/eyrc_hb/hb_task_2_ws/install) ignored
[4.133s] Level 1:colcon.colcon_core.package_identification:_identify(/home/yolo/eyrc_hb/hb_task_2_ws/log) by extensions ['ignore', 'ignore_ament_install']
[4.133s] Level 1:colcon.colcon_core.package_identification:_identify(/home/yolo/eyrc_hb/hb_task_2_ws/log) by extension 'ignore'
[4.133s] Level 1:colcon.colcon_core.package_identification:_identify(/home/yolo/eyrc_hb/hb_task_2_ws/log) ignored
[4.134s] Level 1:colcon.colcon_core.package_identification:_identify(/home/yolo/eyrc_hb/hb_task_2_ws/src) by extensions ['ignore', 'ignore_ament_install']
[4.134s] Level 1:colcon.colcon_core.package_identification:_identify(/home/yolo/eyrc_hb/hb_task_2_ws/src) by extension 'ignore'
[4.134s] Level 1:colcon.colcon_core.package_identification:_identify(/home/yolo/eyrc_hb/hb_task_2_ws/src) by extension 'ignore_ament_install'
[4.134s] Level 1:colcon.colcon_core.package_identification:_identify(/home/yolo/eyrc_hb/hb_task_2_ws/src) by extensions ['colcon_pkg']
[4.134s] Level 1:colcon.colcon_core.package_identification:_identify(/home/yolo/eyrc_hb/hb_task_2_ws/src) by extension 'colcon_pkg'
[4.134s] Level 1:colcon.colcon_core.package_identification:_identify(/home/yolo/eyrc_hb/hb_task_2_ws/src) by extensions ['colcon_meta']
[4.134s] Level 1:colcon.colcon_core.package_identification:_identify(/home/yolo/eyrc_hb/hb_task_2_ws/src) by extension 'colcon_meta'
[4.134s] Level 1:colcon.colcon_core.package_identification:_identify(/home/yolo/eyrc_hb/hb_task_2_ws/src) by extensions ['ros']
[4.134s] Level 1:colcon.colcon_core.package_identification:_identify(/home/yolo/eyrc_hb/hb_task_2_ws/src) by extension 'ros'
[4.135s] Level 1:colcon.colcon_core.package_identification:_identify(/home/yolo/eyrc_hb/hb_task_2_ws/src) by extensions ['cmake', 'python']
[4.135s] Level 1:colcon.colcon_core.package_identification:_identify(/home/yolo/eyrc_hb/hb_task_2_ws/src) by extension 'cmake'
[4.139s] Level 1:colcon.colcon_core.package_identification:_identify(/home/yolo/eyrc_hb/hb_task_2_ws/src) by extension 'python'
[4.143s] Level 1:colcon.colcon_core.package_identification:_identify(/home/yolo/eyrc_hb/hb_task_2_ws/src) by extensions ['python_setup_py']
[4.143s] Level 1:colcon.colcon_core.package_identification:_identify(/home/yolo/eyrc_hb/hb_task_2_ws/src) by extension 'python_setup_py'
[4.144s] Level 1:colcon.colcon_core.package_identification:_identify(/home/yolo/eyrc_hb/hb_task_2_ws/src/eYRC-2023_Hologlyph_Bots) by extensions ['ignore', 'ignore_ament_install']
[4.144s] Level 1:colcon.colcon_core.package_identification:_identify(/home/yolo/eyrc_hb/hb_task_2_ws/src/eYRC-2023_Hologlyph_Bots) by extension 'ignore'
[4.144s] Level 1:colcon.colcon_core.package_identification:_identify(/home/yolo/eyrc_hb/hb_task_2_ws/src/eYRC-2023_Hologlyph_Bots) by extension 'ignore_ament_install'
[4.144s] Level 1:colcon.colcon_core.package_identification:_identify(/home/yolo/eyrc_hb/hb_task_2_ws/src/eYRC-2023_Hologlyph_Bots) by extensions ['colcon_pkg']
[4.144s] Level 1:colcon.colcon_core.package_identification:_identify(/home/yolo/eyrc_hb/hb_task_2_ws/src/eYRC-2023_Hologlyph_Bots) by extension 'colcon_pkg'
[4.145s] Level 1:colcon.colcon_core.package_identification:_identify(/home/yolo/eyrc_hb/hb_task_2_ws/src/eYRC-2023_Hologlyph_Bots) by extensions ['colcon_meta']
[4.145s] Level 1:colcon.colcon_core.package_identification:_identify(/home/yolo/eyrc_hb/hb_task_2_ws/src/eYRC-2023_Hologlyph_Bots) by extension 'colcon_meta'
[4.145s] Level 1:colcon.colcon_core.package_identification:_identify(/home/yolo/eyrc_hb/hb_task_2_ws/src/eYRC-2023_Hologlyph_Bots) by extensions ['ros']
[4.145s] Level 1:colcon.colcon_core.package_identification:_identify(/home/yolo/eyrc_hb/hb_task_2_ws/src/eYRC-2023_Hologlyph_Bots) by extension 'ros'
[4.145s] Level 1:colcon.colcon_core.package_identification:_identify(/home/yolo/eyrc_hb/hb_task_2_ws/src/eYRC-2023_Hologlyph_Bots) by extensions ['cmake', 'python']
[4.145s] Level 1:colcon.colcon_core.package_identification:_identify(/home/yolo/eyrc_hb/hb_task_2_ws/src/eYRC-2023_Hologlyph_Bots) by extension 'cmake'
[4.145s] Level 1:colcon.colcon_core.package_identification:_identify(/home/yolo/eyrc_hb/hb_task_2_ws/src/eYRC-2023_Hologlyph_Bots) by extension 'python'
[4.145s] Level 1:colcon.colcon_core.package_identification:_identify(/home/yolo/eyrc_hb/hb_task_2_ws/src/eYRC-2023_Hologlyph_Bots) by extensions ['python_setup_py']
[4.145s] Level 1:colcon.colcon_core.package_identification:_identify(/home/yolo/eyrc_hb/hb_task_2_ws/src/eYRC-2023_Hologlyph_Bots) by extension 'python_setup_py'
[4.146s] Level 1:colcon.colcon_core.package_identification:_identify(/home/yolo/eyrc_hb/hb_task_2_ws/src/eYRC-2023_Hologlyph_Bots/hb_bot) by extensions ['ignore', 'ignore_ament_install']
[4.146s] Level 1:colcon.colcon_core.package_identification:_identify(/home/yolo/eyrc_hb/hb_task_2_ws/src/eYRC-2023_Hologlyph_Bots/hb_bot) by extension 'ignore'
[4.146s] Level 1:colcon.colcon_core.package_identification:_identify(/home/yolo/eyrc_hb/hb_task_2_ws/src/eYRC-2023_Hologlyph_Bots/hb_bot) by extension 'ignore_ament_install'
[4.146s] Level 1:colcon.colcon_core.package_identification:_identify(/home/yolo/eyrc_hb/hb_task_2_ws/src/eYRC-2023_Hologlyph_Bots/hb_bot) by extensions ['colcon_pkg']
[4.146s] Level 1:colcon.colcon_core.package_identification:_identify(/home/yolo/eyrc_hb/hb_task_2_ws/src/eYRC-2023_Hologlyph_Bots/hb_bot) by extension 'colcon_pkg'
[4.146s] Level 1:colcon.colcon_core.package_identification:_identify(/home/yolo/eyrc_hb/hb_task_2_ws/src/eYRC-2023_Hologlyph_Bots/hb_bot) by extensions ['colcon_meta']
[4.146s] Level 1:colcon.colcon_core.package_identification:_identify(/home/yolo/eyrc_hb/hb_task_2_ws/src/eYRC-2023_Hologlyph_Bots/hb_bot) by extension 'colcon_meta'
[4.146s] Level 1:colcon.colcon_core.package_identification:_identify(/home/yolo/eyrc_hb/hb_task_2_ws/src/eYRC-2023_Hologlyph_Bots/hb_bot) by extensions ['ros']
[4.146s] Level 1:colcon.colcon_core.package_identification:_identify(/home/yolo/eyrc_hb/hb_task_2_ws/src/eYRC-2023_Hologlyph_Bots/hb_bot) by extension 'ros'
[4.154s] DEBUG:colcon.colcon_core.package_identification:Package '/home/yolo/eyrc_hb/hb_task_2_ws/src/eYRC-2023_Hologlyph_Bots/hb_bot' with type 'ros.ament_cmake' and name 'hb_bot'
[4.155s] Level 1:colcon.colcon_core.package_identification:_identify(/home/yolo/eyrc_hb/hb_task_2_ws/src/eYRC-2023_Hologlyph_Bots/hb_task2a) by extensions ['ignore', 'ignore_ament_install']
[4.155s] Level 1:colcon.colcon_core.package_identification:_identify(/home/yolo/eyrc_hb/hb_task_2_ws/src/eYRC-2023_Hologlyph_Bots/hb_task2a) by extension 'ignore'
[4.155s] Level 1:colcon.colcon_core.package_identification:_identify(/home/yolo/eyrc_hb/hb_task_2_ws/src/eYRC-2023_Hologlyph_Bots/hb_task2a) by extension 'ignore_ament_install'
[4.155s] Level 1:colcon.colcon_core.package_identification:_identify(/home/yolo/eyrc_hb/hb_task_2_ws/src/eYRC-2023_Hologlyph_Bots/hb_task2a) by extensions ['colcon_pkg']
[4.156s] Level 1:colcon.colcon_core.package_identification:_identify(/home/yolo/eyrc_hb/hb_task_2_ws/src/eYRC-2023_Hologlyph_Bots/hb_task2a) by extension 'colcon_pkg'
[4.156s] Level 1:colcon.colcon_core.package_identification:_identify(/home/yolo/eyrc_hb/hb_task_2_ws/src/eYRC-2023_Hologlyph_Bots/hb_task2a) by extensions ['colcon_meta']
[4.156s] Level 1:colcon.colcon_core.package_identification:_identify(/home/yolo/eyrc_hb/hb_task_2_ws/src/eYRC-2023_Hologlyph_Bots/hb_task2a) by extension 'colcon_meta'
[4.156s] Level 1:colcon.colcon_core.package_identification:_identify(/home/yolo/eyrc_hb/hb_task_2_ws/src/eYRC-2023_Hologlyph_Bots/hb_task2a) by extensions ['ros']
[4.156s] Level 1:colcon.colcon_core.package_identification:_identify(/home/yolo/eyrc_hb/hb_task_2_ws/src/eYRC-2023_Hologlyph_Bots/hb_task2a) by extension 'ros'
[4.161s] DEBUG:colcon.colcon_core.package_identification:Package '/home/yolo/eyrc_hb/hb_task_2_ws/src/eYRC-2023_Hologlyph_Bots/hb_task2a' with type 'ros.ament_python' and name 'hb_task2a'
[4.161s] Level 1:colcon.colcon_core.package_identification:_identify(/home/yolo/eyrc_hb/hb_task_2_ws/src/eYRC-2023_Hologlyph_Bots/hb_task2b) by extensions ['ignore', 'ignore_ament_install']
[4.162s] Level 1:colcon.colcon_core.package_identification:_identify(/home/yolo/eyrc_hb/hb_task_2_ws/src/eYRC-2023_Hologlyph_Bots/hb_task2b) by extension 'ignore'
[4.162s] Level 1:colcon.colcon_core.package_identification:_identify(/home/yolo/eyrc_hb/hb_task_2_ws/src/eYRC-2023_Hologlyph_Bots/hb_task2b) by extension 'ignore_ament_install'
[4.162s] Level 1:colcon.colcon_core.package_identification:_identify(/home/yolo/eyrc_hb/hb_task_2_ws/src/eYRC-2023_Hologlyph_Bots/hb_task2b) by extensions ['colcon_pkg']
[4.162s] Level 1:colcon.colcon_core.package_identification:_identify(/home/yolo/eyrc_hb/hb_task_2_ws/src/eYRC-2023_Hologlyph_Bots/hb_task2b) by extension 'colcon_pkg'
[4.162s] Level 1:colcon.colcon_core.package_identification:_identify(/home/yolo/eyrc_hb/hb_task_2_ws/src/eYRC-2023_Hologlyph_Bots/hb_task2b) by extensions ['colcon_meta']
[4.162s] Level 1:colcon.colcon_core.package_identification:_identify(/home/yolo/eyrc_hb/hb_task_2_ws/src/eYRC-2023_Hologlyph_Bots/hb_task2b) by extension 'colcon_meta'
[4.166s] Level 1:colcon.colcon_core.package_identification:_identify(/home/yolo/eyrc_hb/hb_task_2_ws/src/eYRC-2023_Hologlyph_Bots/hb_task2b) by extensions ['ros']
[4.166s] Level 1:colcon.colcon_core.package_identification:_identify(/home/yolo/eyrc_hb/hb_task_2_ws/src/eYRC-2023_Hologlyph_Bots/hb_task2b) by extension 'ros'
[4.180s] DEBUG:colcon.colcon_core.package_identification:Package '/home/yolo/eyrc_hb/hb_task_2_ws/src/eYRC-2023_Hologlyph_Bots/hb_task2b' with type 'ros.ament_python' and name 'hb_task2b'
[4.181s] Level 1:colcon.colcon_core.package_identification:_identify(/home/yolo/eyrc_hb/hb_task_2_ws/src/eYRC-2023_Hologlyph_Bots/hb_world) by extensions ['ignore', 'ignore_ament_install']
[4.181s] Level 1:colcon.colcon_core.package_identification:_identify(/home/yolo/eyrc_hb/hb_task_2_ws/src/eYRC-2023_Hologlyph_Bots/hb_world) by extension 'ignore'
[4.182s] Level 1:colcon.colcon_core.package_identification:_identify(/home/yolo/eyrc_hb/hb_task_2_ws/src/eYRC-2023_Hologlyph_Bots/hb_world) by extension 'ignore_ament_install'
[4.182s] Level 1:colcon.colcon_core.package_identification:_identify(/home/yolo/eyrc_hb/hb_task_2_ws/src/eYRC-2023_Hologlyph_Bots/hb_world) by extensions ['colcon_pkg']
[4.182s] Level 1:colcon.colcon_core.package_identification:_identify(/home/yolo/eyrc_hb/hb_task_2_ws/src/eYRC-2023_Hologlyph_Bots/hb_world) by extension 'colcon_pkg'
[4.182s] Level 1:colcon.colcon_core.package_identification:_identify(/home/yolo/eyrc_hb/hb_task_2_ws/src/eYRC-2023_Hologlyph_Bots/hb_world) by extensions ['colcon_meta']
[4.182s] Level 1:colcon.colcon_core.package_identification:_identify(/home/yolo/eyrc_hb/hb_task_2_ws/src/eYRC-2023_Hologlyph_Bots/hb_world) by extension 'colcon_meta'
[4.182s] Level 1:colcon.colcon_core.package_identification:_identify(/home/yolo/eyrc_hb/hb_task_2_ws/src/eYRC-2023_Hologlyph_Bots/hb_world) by extensions ['ros']
[4.182s] Level 1:colcon.colcon_core.package_identification:_identify(/home/yolo/eyrc_hb/hb_task_2_ws/src/eYRC-2023_Hologlyph_Bots/hb_world) by extension 'ros'
[4.184s] DEBUG:colcon.colcon_core.package_identification:Package '/home/yolo/eyrc_hb/hb_task_2_ws/src/eYRC-2023_Hologlyph_Bots/hb_world' with type 'ros.ament_cmake' and name 'hb_world'
[4.184s] Level 1:colcon.colcon_core.package_identification:_identify(/home/yolo/eyrc_hb/hb_task_2_ws/src/eYRC-2023_Hologlyph_Bots/my_robot_interfaces) by extensions ['ignore', 'ignore_ament_install']
[4.185s] Level 1:colcon.colcon_core.package_identification:_identify(/home/yolo/eyrc_hb/hb_task_2_ws/src/eYRC-2023_Hologlyph_Bots/my_robot_interfaces) by extension 'ignore'
[4.185s] Level 1:colcon.colcon_core.package_identification:_identify(/home/yolo/eyrc_hb/hb_task_2_ws/src/eYRC-2023_Hologlyph_Bots/my_robot_interfaces) by extension 'ignore_ament_install'
[4.185s] Level 1:colcon.colcon_core.package_identification:_identify(/home/yolo/eyrc_hb/hb_task_2_ws/src/eYRC-2023_Hologlyph_Bots/my_robot_interfaces) by extensions ['colcon_pkg']
[4.185s] Level 1:colcon.colcon_core.package_identification:_identify(/home/yolo/eyrc_hb/hb_task_2_ws/src/eYRC-2023_Hologlyph_Bots/my_robot_interfaces) by extension 'colcon_pkg'
[4.185s] Level 1:colcon.colcon_core.package_identification:_identify(/home/yolo/eyrc_hb/hb_task_2_ws/src/eYRC-2023_Hologlyph_Bots/my_robot_interfaces) by extensions ['colcon_meta']
[4.185s] Level 1:colcon.colcon_core.package_identification:_identify(/home/yolo/eyrc_hb/hb_task_2_ws/src/eYRC-2023_Hologlyph_Bots/my_robot_interfaces) by extension 'colcon_meta'
[4.185s] Level 1:colcon.colcon_core.package_identification:_identify(/home/yolo/eyrc_hb/hb_task_2_ws/src/eYRC-2023_Hologlyph_Bots/my_robot_interfaces) by extensions ['ros']
[4.185s] Level 1:colcon.colcon_core.package_identification:_identify(/home/yolo/eyrc_hb/hb_task_2_ws/src/eYRC-2023_Hologlyph_Bots/my_robot_interfaces) by extension 'ros'
[4.187s] DEBUG:colcon.colcon_core.package_identification:Package '/home/yolo/eyrc_hb/hb_task_2_ws/src/eYRC-2023_Hologlyph_Bots/my_robot_interfaces' with type 'ros.ament_cmake' and name 'my_robot_interfaces'
[4.187s] Level 1:colcon.colcon_core.package_discovery:discover_packages(recursive) using defaults
