[3.684s] Invoking command in '/home/yolo/eyrc_hb/hb_task_2_ws/src/eYRC-2023_Hologlyph_Bots/hb_task2a': PYTHONPATH=/home/yolo/eyrc_hb/hb_task_2_ws/build/hb_task2a/prefix_override:/home/yolo/eyrc_hb/hb_task_2_ws/install/hb_task2a/lib/python3.10/site-packages:${PYTHONPATH} /usr/bin/python3 setup.py egg_info --egg-base ../../../build/hb_task2a build --build-base /home/yolo/eyrc_hb/hb_task_2_ws/build/hb_task2a/build install --record /home/yolo/eyrc_hb/hb_task_2_ws/build/hb_task2a/install.log --single-version-externally-managed
[4.717s] running egg_info
[4.719s] writing ../../../build/hb_task2a/hb_task2a.egg-info/PKG-INFO
[4.720s] writing dependency_links to ../../../build/hb_task2a/hb_task2a.egg-info/dependency_links.txt
[4.720s] writing entry points to ../../../build/hb_task2a/hb_task2a.egg-info/entry_points.txt
[4.721s] writing requirements to ../../../build/hb_task2a/hb_task2a.egg-info/requires.txt
[4.721s] writing top-level names to ../../../build/hb_task2a/hb_task2a.egg-info/top_level.txt
[4.735s] reading manifest file '../../../build/hb_task2a/hb_task2a.egg-info/SOURCES.txt'
[4.744s] writing manifest file '../../../build/hb_task2a/hb_task2a.egg-info/SOURCES.txt'
[4.744s] running build
[4.745s] running build_py
[4.758s] running install
[4.760s] running install_lib
[4.767s] running install_data
[4.770s] copying scripts/feedback.py -> /home/yolo/eyrc_hb/hb_task_2_ws/install/hb_task2a/share/hb_task2a/scripts
[4.770s] copying scripts/controller.py -> /home/yolo/eyrc_hb/hb_task_2_ws/install/hb_task2a/share/hb_task2a/scripts
[4.771s] running install_egg_info
[4.778s] removing '/home/yolo/eyrc_hb/hb_task_2_ws/install/hb_task2a/lib/python3.10/site-packages/hb_task2a-0.0.0-py3.10.egg-info' (and everything under it)
[4.779s] Copying ../../../build/hb_task2a/hb_task2a.egg-info to /home/yolo/eyrc_hb/hb_task_2_ws/install/hb_task2a/lib/python3.10/site-packages/hb_task2a-0.0.0-py3.10.egg-info
[4.779s] running install_scripts
[4.868s] Installing feedback script to /home/yolo/eyrc_hb/hb_task_2_ws/install/hb_task2a/lib/hb_task2a
[4.874s] writing list of installed files to '/home/yolo/eyrc_hb/hb_task_2_ws/build/hb_task2a/install.log'
[5.218s] Invoked command in '/home/yolo/eyrc_hb/hb_task_2_ws/src/eYRC-2023_Hologlyph_Bots/hb_task2a' returned '0': PYTHONPATH=/home/yolo/eyrc_hb/hb_task_2_ws/build/hb_task2a/prefix_override:/home/yolo/eyrc_hb/hb_task_2_ws/install/hb_task2a/lib/python3.10/site-packages:${PYTHONPATH} /usr/bin/python3 setup.py egg_info --egg-base ../../../build/hb_task2a build --build-base /home/yolo/eyrc_hb/hb_task_2_ws/build/hb_task2a/build install --record /home/yolo/eyrc_hb/hb_task_2_ws/build/hb_task2a/install.log --single-version-externally-managed
